Using pre-set license
Built from '2022.3/release' branch; Version is '2022.3.20f1 (61c2feb0970d) revision 6406910'; Using compiler version '192829333'; Build Type 'Release'
OS: 'Windows 10  (10.0.19045) 64bit CoreSingleLanguage' Language: 'en' Physical Memory: 8013 MB
BatchMode: 1, IsHumanControllingUs: 0, StartBugReporterOnCrash: 0, Is64bit: 1, IsPro: 1

COMMAND LINE ARGUMENTS:
C:\Program Files\Unity\Hub\Editor\2022.3.20f1\Editor\Unity.exe
-adb2
-batchMode
-noUpm
-name
AssetImportWorker2
-projectPath
D:/Unity Project/Auto Battler Project
-logFile
Logs/AssetImportWorker2.log
-srvPort
54934
Successfully changed project path to: D:/Unity Project/Auto Battler Project
D:/Unity Project/Auto Battler Project
[UnityMemory] Configuration Parameters - Can be set up in boot.config
    "memorysetup-bucket-allocator-granularity=16"
    "memorysetup-bucket-allocator-bucket-count=8"
    "memorysetup-bucket-allocator-block-size=33554432"
    "memorysetup-bucket-allocator-block-count=8"
    "memorysetup-main-allocator-block-size=16777216"
    "memorysetup-thread-allocator-block-size=16777216"
    "memorysetup-gfx-main-allocator-block-size=16777216"
    "memorysetup-gfx-thread-allocator-block-size=16777216"
    "memorysetup-cache-allocator-block-size=4194304"
    "memorysetup-typetree-allocator-block-size=2097152"
    "memorysetup-profiler-bucket-allocator-granularity=16"
    "memorysetup-profiler-bucket-allocator-bucket-count=8"
    "memorysetup-profiler-bucket-allocator-block-size=33554432"
    "memorysetup-profiler-bucket-allocator-block-count=8"
    "memorysetup-profiler-allocator-block-size=16777216"
    "memorysetup-profiler-editor-allocator-block-size=1048576"
    "memorysetup-temp-allocator-size-main=16777216"
    "memorysetup-job-temp-allocator-block-size=2097152"
    "memorysetup-job-temp-allocator-block-size-background=1048576"
    "memorysetup-job-temp-allocator-reduction-small-platforms=262144"
    "memorysetup-allocator-temp-initial-block-size-main=262144"
    "memorysetup-allocator-temp-initial-block-size-worker=262144"
    "memorysetup-temp-allocator-size-background-worker=32768"
    "memorysetup-temp-allocator-size-job-worker=262144"
    "memorysetup-temp-allocator-size-preload-manager=33554432"
    "memorysetup-temp-allocator-size-nav-mesh-worker=65536"
    "memorysetup-temp-allocator-size-audio-worker=65536"
    "memorysetup-temp-allocator-size-cloud-worker=32768"
    "memorysetup-temp-allocator-size-gi-baking-worker=262144"
    "memorysetup-temp-allocator-size-gfx=262144"
Player connection [7772] Host "[IP] 192.168.0.146 [Port] 0 [Flags] 2 [Guid] 1484974313 [EditorId] 1484974313 [Version] 1048832 [Id] WindowsEditor(7,MSI) [Debug] 1 [PackageName] WindowsEditor [ProjectName] Editor" joined multi-casting on [225.0.0.222:54997]...

Player connection [7772] Host "[IP] 192.168.0.146 [Port] 0 [Flags] 2 [Guid] 1484974313 [EditorId] 1484974313 [Version] 1048832 [Id] WindowsEditor(7,MSI) [Debug] 1 [PackageName] WindowsEditor [ProjectName] Editor" joined alternative multi-casting on [225.0.0.222:34997]...

[Physics::Module] Initialized MultithreadedJobDispatcher with 11 workers.
Refreshing native plugins compatible for Editor in 22.24 ms, found 3 plugins.
Preloading 0 native plugins for Editor in 0.00 ms.
Initialize engine version: 2022.3.20f1 (61c2feb0970d)
[Subsystems] Discovering subsystems at path C:/Program Files/Unity/Hub/Editor/2022.3.20f1/Editor/Data/Resources/UnitySubsystems
[Subsystems] Discovering subsystems at path D:/Unity Project/Auto Battler Project/Assets
GfxDevice: creating device client; threaded=0; jobified=0
Direct3D:
    Version:  Direct3D 11.0 [level 11.1]
    Renderer: NVIDIA GeForce GTX 1650 with Max-Q Design (ID=0x1f9d)
    Vendor:   NVIDIA
    VRAM:     3962 MB
    Driver:   30.0.15.1165
Initialize mono
Mono path[0] = 'C:/Program Files/Unity/Hub/Editor/2022.3.20f1/Editor/Data/Managed'
Mono path[1] = 'C:/Program Files/Unity/Hub/Editor/2022.3.20f1/Editor/Data/MonoBleedingEdge/lib/mono/unityjit-win32'
Mono config path = 'C:/Program Files/Unity/Hub/Editor/2022.3.20f1/Editor/Data/MonoBleedingEdge/etc'
Using monoOptions --debugger-agent=transport=dt_socket,embedding=1,server=y,suspend=n,address=127.0.0.1:56928
Begin MonoManager ReloadAssembly
Registering precompiled unity dll's ...
Register platform support module: C:/Program Files/Unity/Hub/Editor/2022.3.20f1/Editor/Data/PlaybackEngines/AndroidPlayer/UnityEditor.Android.Extensions.dll
Register platform support module: C:/Program Files/Unity/Hub/Editor/2022.3.20f1/Editor/Data/PlaybackEngines/WindowsStandaloneSupport/UnityEditor.WindowsStandalone.Extensions.dll
Registered in 0.014679 seconds.
- Loaded All Assemblies, in  0.540 seconds
Native extension for WindowsStandalone target not found
Native extension for Android target not found
Android Extension - Scanning For ADB Devices 1586 ms
Mono: successfully reloaded assembly
- Finished resetting the current domain, in  2.092 seconds
Domain Reload Profiling: 2628ms
	BeginReloadAssembly (191ms)
		ExecutionOrderSort (0ms)
		DisableScriptedObjects (0ms)
		BackupInstance (0ms)
		ReleaseScriptingObjects (0ms)
		CreateAndSetChildDomain (1ms)
	RebuildCommonClasses (48ms)
	RebuildNativeTypeToScriptingClass (16ms)
	initialDomainReloadingComplete (81ms)
	LoadAllAssembliesAndSetupDomain (200ms)
		LoadAssemblies (189ms)
		RebuildTransferFunctionScriptingTraits (0ms)
		AnalyzeDomain (195ms)
			TypeCache.Refresh (193ms)
				TypeCache.ScanAssembly (173ms)
			ScanForSourceGeneratedMonoScriptInfo (0ms)
			ResolveRequiredComponents (1ms)
	FinalizeReload (2093ms)
		ReleaseScriptCaches (0ms)
		RebuildScriptCaches (0ms)
		SetupLoadedEditorAssemblies (2009ms)
			LogAssemblyErrors (0ms)
			InitializePlatformSupportModulesInManaged (1743ms)
			SetLoadedEditorAssemblies (10ms)
			RefreshPlugins (0ms)
			BeforeProcessingInitializeOnLoad (4ms)
			ProcessInitializeOnLoadAttributes (180ms)
			ProcessInitializeOnLoadMethodAttributes (72ms)
			AfterProcessingInitializeOnLoad (0ms)
			EditorAssembliesLoaded (0ms)
		ExecutionOrderSort2 (0ms)
		AwakeInstancesAfterBackupRestoration (0ms)
========================================================================
Worker process is ready to serve import requests
Begin MonoManager ReloadAssembly
- Loaded All Assemblies, in  1.703 seconds
Refreshing native plugins compatible for Editor in 8.70 ms, found 3 plugins.
Native extension for WindowsStandalone target not found
Native extension for Android target not found
Package Manager log level set to [2]
[Package Manager] Server::EnsureServerProcessIsRunning -- launch failed, reason: Unity was launched with the -noUpm command-line argument
[Package Manager] UpmClient::Send -- Unable to send message (not connected to UPM process).
[Package Manager] Cannot connect to Unity Package Manager local server
Mono: successfully reloaded assembly
- Finished resetting the current domain, in  1.185 seconds
Domain Reload Profiling: 2880ms
	BeginReloadAssembly (489ms)
		ExecutionOrderSort (0ms)
		DisableScriptedObjects (13ms)
		BackupInstance (0ms)
		ReleaseScriptingObjects (0ms)
		CreateAndSetChildDomain (36ms)
	RebuildCommonClasses (80ms)
	RebuildNativeTypeToScriptingClass (22ms)
	initialDomainReloadingComplete (100ms)
	LoadAllAssembliesAndSetupDomain (1003ms)
		LoadAssemblies (1052ms)
		RebuildTransferFunctionScriptingTraits (0ms)
		AnalyzeDomain (336ms)
			TypeCache.Refresh (298ms)
				TypeCache.ScanAssembly (265ms)
			ScanForSourceGeneratedMonoScriptInfo (29ms)
			ResolveRequiredComponents (8ms)
	FinalizeReload (1186ms)
		ReleaseScriptCaches (0ms)
		RebuildScriptCaches (0ms)
		SetupLoadedEditorAssemblies (897ms)
			LogAssemblyErrors (0ms)
			InitializePlatformSupportModulesInManaged (54ms)
			SetLoadedEditorAssemblies (8ms)
			RefreshPlugins (0ms)
			BeforeProcessingInitializeOnLoad (162ms)
			ProcessInitializeOnLoadAttributes (617ms)
			ProcessInitializeOnLoadMethodAttributes (37ms)
			AfterProcessingInitializeOnLoad (19ms)
			EditorAssembliesLoaded (0ms)
		ExecutionOrderSort2 (0ms)
		AwakeInstancesAfterBackupRestoration (17ms)
Launched and connected shader compiler UnityShaderCompiler.exe after 0.11 seconds
Refreshing native plugins compatible for Editor in 6.57 ms, found 3 plugins.
Preloading 0 native plugins for Editor in 0.00 ms.
Unloading 3121 Unused Serialized files (Serialized files now loaded: 0)
Unloading 32 unused Assets / (57.2 KB). Loaded Objects now: 3587.
Memory consumption went from 128.8 MB to 128.8 MB.
Total: 39.774000 ms (FindLiveObjects: 0.786000 ms CreateObjectMapping: 1.015100 ms MarkObjects: 30.412800 ms  DeleteObjects: 7.557900 ms)

AssetImportParameters requested are different than current active one (requested -> active):
  custom:container-demuxer-ogg: 62fdf1f143b41e24485cea50d1cbac27 -> 
  custom:video-decoder-ogg-theora: a1e56fd34408186e4bbccfd4996cb3dc -> 
  custom:framework-win-MediaFoundation: 216162199b28c13a410421893ffa2e32 -> 
  custom:CustomObjectIndexerAttribute: 6d391050e5a25f67b0a2c618074f2cd9 -> 
  custom:container-demuxer-webm: 4f35f7cbe854078d1ac9338744f61a02 -> 
  custom:container-muxer-webm: aa71ff27fc2769a1b78a27578f13a17b -> 
  custom:video-decoder-webm-vp8: 9c59270c3fd7afecdb556c50c9e8de78 -> 
  custom:SearchIndexIgnoredProperties: e643bd26f0fe6173181afceb89e7c659 -> 
  custom:AudioImporter_EditorPlatform: d09bf68614088b80899f8185d706f6e7 -> 
  custom:video-encoder-webm-vp8: eb34c28f22e8b96e1ab97ce403110664 -> 
  custom:audio-decoder-ogg-vorbis: bf7c407c2cedff20999df2af8eb42d56 -> 
  custom:audio-encoder-webm-vorbis: bf7c407c2cedff20999df2af8eb42d56 -> 
========================================================================
Received Import Request.
  Time since last request: 97490.251618 seconds.
  path: Assets/Prefabs/Character/Brute Warrior.prefab
  artifactKey: Guid(38300d189f3d2d345a7da78a139754c4) Importer(2089858483,0ecaa5967403d082aa24f35e1b516d23)
Start importing Assets/Prefabs/Character/Brute Warrior.prefab using Guid(38300d189f3d2d345a7da78a139754c4) Importer(2089858483,0ecaa5967403d082aa24f35e1b516d23) Generated GUIDs only implemented for interfaces!
 -> (artifact id: '1e08f5e6069dceaebdad46e2bb83467c') in 0.252230 seconds
Number of updated asset objects reloaded before import = 0
Number of asset objects unloaded after import = 125
========================================================================
Received Import Request.
  Time since last request: 0.000062 seconds.
  path: Assets/Models/Thaleah_PixelFont/Thaleah_Readme.pdf
  artifactKey: Guid(2b9a81d04b64ba846b895089734b9415) Importer(2089858483,0ecaa5967403d082aa24f35e1b516d23)
Start importing Assets/Models/Thaleah_PixelFont/Thaleah_Readme.pdf using Guid(2b9a81d04b64ba846b895089734b9415) Importer(2089858483,0ecaa5967403d082aa24f35e1b516d23) Generated GUIDs only implemented for interfaces!
 -> (artifact id: 'b5e55d100d62244f74c500d867282162') in 0.023818 seconds
Number of updated asset objects reloaded before import = 0
Number of asset objects unloaded after import = 1
========================================================================
Received Import Request.
  Time since last request: 0.000021 seconds.
  path: Assets/Prefabs/Character/Crossbow Warrior.prefab
  artifactKey: Guid(e9b12993f89c9de4ba3618afe11b0c78) Importer(2089858483,0ecaa5967403d082aa24f35e1b516d23)
Start importing Assets/Prefabs/Character/Crossbow Warrior.prefab using Guid(e9b12993f89c9de4ba3618afe11b0c78) Importer(2089858483,0ecaa5967403d082aa24f35e1b516d23) Generated GUIDs only implemented for interfaces!
 -> (artifact id: 'dc55fde72226c4de957427e43d0491e4') in 0.048495 seconds
Number of updated asset objects reloaded before import = 0
Number of asset objects unloaded after import = 155
========================================================================
Received Import Request.
  Time since last request: 0.000022 seconds.
  path: Assets/Audio/Arrow-start.mp3
  artifactKey: Guid(e0424fcfac0baa24290fb5751f26d462) Importer(2089858483,0ecaa5967403d082aa24f35e1b516d23)
Start importing Assets/Audio/Arrow-start.mp3 using Guid(e0424fcfac0baa24290fb5751f26d462) Importer(2089858483,0ecaa5967403d082aa24f35e1b516d23) Generated GUIDs only implemented for interfaces!
 -> (artifact id: '3f6e1601f182820cdf71a3e5b28d2cd3') in 0.186113 seconds
Number of updated asset objects reloaded before import = 0
Number of asset objects unloaded after import = 1
========================================================================
Received Import Request.
  Time since last request: 0.000029 seconds.
  path: Assets/Models/DALL·E 2024-09-06 21.02.22 - A pixel art background featuring a battle scene. The setting is a rugged battlefield with crumbling ruins, swords, and shields scattered across the gr.png
  artifactKey: Guid(2614e7a3353925340ba70542752f94df) Importer(2089858483,0ecaa5967403d082aa24f35e1b516d23)
Start importing Assets/Models/DALL·E 2024-09-06 21.02.22 - A pixel art background featuring a battle scene. The setting is a rugged battlefield with crumbling ruins, swords, and shields scattered across the gr.png using Guid(2614e7a3353925340ba70542752f94df) Importer(2089858483,0ecaa5967403d082aa24f35e1b516d23) Generated GUIDs only implemented for interfaces!
 -> (artifact id: 'b50e304e63a548d6caebdabe88877fba') in 0.166541 seconds
Number of updated asset objects reloaded before import = 0
Number of asset objects unloaded after import = 3
========================================================================
Received Import Request.
  Time since last request: 0.000067 seconds.
  path: Assets/Prefabs/Character/Knight Warrior.prefab
  artifactKey: Guid(7778632bf67024a46b1f78e3c03c216e) Importer(2089858483,0ecaa5967403d082aa24f35e1b516d23)
Start importing Assets/Prefabs/Character/Knight Warrior.prefab using Guid(7778632bf67024a46b1f78e3c03c216e) Importer(2089858483,0ecaa5967403d082aa24f35e1b516d23) Generated GUIDs only implemented for interfaces!
 -> (artifact id: '9cd07c39b883ee3abb0b3f7a8d8ddfe5') in 0.044445 seconds
Number of updated asset objects reloaded before import = 0
Number of asset objects unloaded after import = 133
========================================================================
Received Import Request.
  Time since last request: 0.000020 seconds.
  path: Assets/Prefabs/Character/Sorceress Warrior.prefab
  artifactKey: Guid(19241c63182d7eb4aa7b0def9422b53b) Importer(2089858483,0ecaa5967403d082aa24f35e1b516d23)
Start importing Assets/Prefabs/Character/Sorceress Warrior.prefab using Guid(19241c63182d7eb4aa7b0def9422b53b) Importer(2089858483,0ecaa5967403d082aa24f35e1b516d23) Generated GUIDs only implemented for interfaces!
 -> (artifact id: '8c96144b3db787f6da9f9a257a4d3ae6') in 0.041595 seconds
Number of updated asset objects reloaded before import = 0
Number of asset objects unloaded after import = 149
========================================================================
Received Import Request.
  Time since last request: 0.000024 seconds.
  path: Assets/Scripts/GameManager/GameFSMManager.cs
  artifactKey: Guid(cb97859418541924198847bcabb9b7fb) Importer(2089858483,0ecaa5967403d082aa24f35e1b516d23)
Start importing Assets/Scripts/GameManager/GameFSMManager.cs using Guid(cb97859418541924198847bcabb9b7fb) Importer(2089858483,0ecaa5967403d082aa24f35e1b516d23) Generated GUIDs only implemented for interfaces!
 -> (artifact id: '8ee4546a5bfbfd97ca78cb12ec5ce7ac') in 0.022290 seconds
Number of updated asset objects reloaded before import = 0
Number of asset objects unloaded after import = 1
========================================================================
Received Import Request.
  Time since last request: 0.000022 seconds.
  path: Assets/Scenes/Menu.unity
  artifactKey: Guid(3a779c19351cc614a9da4a8101ab1c48) Importer(2089858483,0ecaa5967403d082aa24f35e1b516d23)
Start importing Assets/Scenes/Menu.unity using Guid(3a779c19351cc614a9da4a8101ab1c48) Importer(2089858483,0ecaa5967403d082aa24f35e1b516d23) Generated GUIDs only implemented for interfaces!
 -> (artifact id: '54d912bc09382ba48f2b060e044a27c8') in 0.019662 seconds
Number of updated asset objects reloaded before import = 0
Number of asset objects unloaded after import = 1
========================================================================
Received Import Request.
  Time since last request: 0.000049 seconds.
  path: Assets/Models/Character/2Handed.FBX
  artifactKey: Guid(781a15e490c144941adf6440cf6b6cdd) Importer(2089858483,0ecaa5967403d082aa24f35e1b516d23)
Start importing Assets/Models/Character/2Handed.FBX using Guid(781a15e490c144941adf6440cf6b6cdd) Importer(2089858483,0ecaa5967403d082aa24f35e1b516d23) Generated GUIDs only implemented for interfaces!
 -> (artifact id: '33df85f68fd5aeadb71f94e0015ff7b8') in 0.124190 seconds
Number of updated asset objects reloaded before import = 0
Number of asset objects unloaded after import = 119
========================================================================
Received Import Request.
  Time since last request: 0.000025 seconds.
  path: Assets/Materials/Mage.mat
  artifactKey: Guid(477b1ce20530f594b87bce7fe5ba012a) Importer(2089858483,0ecaa5967403d082aa24f35e1b516d23)
Start importing Assets/Materials/Mage.mat using Guid(477b1ce20530f594b87bce7fe5ba012a) Importer(2089858483,0ecaa5967403d082aa24f35e1b516d23) Generated GUIDs only implemented for interfaces!
 -> (artifact id: '41577934da561a7f71ee14474976a88e') in 0.054599 seconds
Number of updated asset objects reloaded before import = 0
Number of asset objects unloaded after import = 2
========================================================================
Received Import Request.
  Time since last request: 0.000031 seconds.
  path: Assets/Scenes/GameScene.unity
  artifactKey: Guid(9fc0d4010bbf28b4594072e72b8655ab) Importer(2089858483,0ecaa5967403d082aa24f35e1b516d23)
Start importing Assets/Scenes/GameScene.unity using Guid(9fc0d4010bbf28b4594072e72b8655ab) Importer(2089858483,0ecaa5967403d082aa24f35e1b516d23) Generated GUIDs only implemented for interfaces!
 -> (artifact id: 'b23b83bf11c84f5ebaa438e27043a053') in 0.018197 seconds
Number of updated asset objects reloaded before import = 0
Number of asset objects unloaded after import = 1
========================================================================
Received Import Request.
  Time since last request: 0.000021 seconds.
  path: Assets/Textures/Archer.psd
  artifactKey: Guid(1527cdf30c5479a499ee1e19c284c3f8) Importer(2089858483,0ecaa5967403d082aa24f35e1b516d23)
Start importing Assets/Textures/Archer.psd using Guid(1527cdf30c5479a499ee1e19c284c3f8) Importer(2089858483,0ecaa5967403d082aa24f35e1b516d23) Generated GUIDs only implemented for interfaces!
 -> (artifact id: '1d0b09eadf5b067e076549d5feb43a8e') in 0.065232 seconds
Number of updated asset objects reloaded before import = 0
Number of asset objects unloaded after import = 1
========================================================================
Received Import Request.
  Time since last request: 0.000019 seconds.
  path: Assets/Animations/Crossbow/Animations/Crossbow@Attack1.FBX
  artifactKey: Guid(714c40c75ea542248aea545b08b8bc50) Importer(2089858483,0ecaa5967403d082aa24f35e1b516d23)
Start importing Assets/Animations/Crossbow/Animations/Crossbow@Attack1.FBX using Guid(714c40c75ea542248aea545b08b8bc50) Importer(2089858483,0ecaa5967403d082aa24f35e1b516d23) Generated GUIDs only implemented for interfaces!
 -> (artifact id: 'dfa8e7a61ab7f63fddd2cdbb2aebe5f1') in 0.085154 seconds
Number of updated asset objects reloaded before import = 0
Number of asset objects unloaded after import = 112
========================================================================
Received Import Request.
  Time since last request: 0.000020 seconds.
  path: Assets/Animations/Crossbow/Animations/Crossbow@Fall.FBX
  artifactKey: Guid(80ef99c010ef0214ab5c4bdfbcf3e700) Importer(2089858483,0ecaa5967403d082aa24f35e1b516d23)
Start importing Assets/Animations/Crossbow/Animations/Crossbow@Fall.FBX using Guid(80ef99c010ef0214ab5c4bdfbcf3e700) Importer(2089858483,0ecaa5967403d082aa24f35e1b516d23) Generated GUIDs only implemented for interfaces!
 -> (artifact id: 'cea851e3423986711cb2d77568df9563') in 0.083373 seconds
Number of updated asset objects reloaded before import = 0
Number of asset objects unloaded after import = 112
========================================================================
Received Import Request.
  Time since last request: 0.000025 seconds.
  path: Assets/Animations/Brute/Animations/Brute@WalkSlow.FBX
  artifactKey: Guid(30fa7d7448a4e8c42839ad4c2f36c6a1) Importer(2089858483,0ecaa5967403d082aa24f35e1b516d23)
Start importing Assets/Animations/Brute/Animations/Brute@WalkSlow.FBX using Guid(30fa7d7448a4e8c42839ad4c2f36c6a1) Importer(2089858483,0ecaa5967403d082aa24f35e1b516d23) Generated GUIDs only implemented for interfaces!
 -> (artifact id: 'caa7834ab6766d6ca749559f81ac27da') in 0.072667 seconds
Number of updated asset objects reloaded before import = 0
Number of asset objects unloaded after import = 112
========================================================================
Received Import Request.
  Time since last request: 0.000030 seconds.
  path: Assets/Animations/Archer/Animations/Archer@Attack1.FBX
  artifactKey: Guid(8ca4ee804edcfc74cb82e44d624e7eca) Importer(2089858483,0ecaa5967403d082aa24f35e1b516d23)
Start importing Assets/Animations/Archer/Animations/Archer@Attack1.FBX using Guid(8ca4ee804edcfc74cb82e44d624e7eca) Importer(2089858483,0ecaa5967403d082aa24f35e1b516d23) Generated GUIDs only implemented for interfaces!
 -> (artifact id: 'a89632a8c63fd5218becd094a7701bbe') in 0.082284 seconds
Number of updated asset objects reloaded before import = 0
Number of asset objects unloaded after import = 112
========================================================================
Received Import Request.
  Time since last request: 0.000054 seconds.
  path: Assets/Animations/Crossbow/Animations/Crossbow@Jump.FBX
  artifactKey: Guid(4af6832baf19fea4a88c41e03dbaec5a) Importer(2089858483,0ecaa5967403d082aa24f35e1b516d23)
Start importing Assets/Animations/Crossbow/Animations/Crossbow@Jump.FBX using Guid(4af6832baf19fea4a88c41e03dbaec5a) Importer(2089858483,0ecaa5967403d082aa24f35e1b516d23) Generated GUIDs only implemented for interfaces!
 -> (artifact id: '6f561c3455665934d29622a855e93e7f') in 0.120848 seconds
Number of updated asset objects reloaded before import = 0
Number of asset objects unloaded after import = 113
========================================================================
Received Import Request.
  Time since last request: 0.000024 seconds.
  path: Assets/Animations/Knight/Animations/Knight@Idle.FBX
  artifactKey: Guid(f2c1d48120ff49c419050488b5fdfe8d) Importer(2089858483,0ecaa5967403d082aa24f35e1b516d23)
Start importing Assets/Animations/Knight/Animations/Knight@Idle.FBX using Guid(f2c1d48120ff49c419050488b5fdfe8d) Importer(2089858483,0ecaa5967403d082aa24f35e1b516d23) Generated GUIDs only implemented for interfaces!
 -> (artifact id: '54c282852e19bededb5cc750f16f5381') in 0.080495 seconds
Number of updated asset objects reloaded before import = 0
Number of asset objects unloaded after import = 112
========================================================================
Received Import Request.
  Time since last request: 0.000025 seconds.
  path: Assets/Animations/Karate/Animation Controller/Karate Warrior Animation Controller.controller
  artifactKey: Guid(bd1ebf44c80139c45bd369312e7e4395) Importer(2089858483,0ecaa5967403d082aa24f35e1b516d23)
Start importing Assets/Animations/Karate/Animation Controller/Karate Warrior Animation Controller.controller using Guid(bd1ebf44c80139c45bd369312e7e4395) Importer(2089858483,0ecaa5967403d082aa24f35e1b516d23) Generated GUIDs only implemented for interfaces!
 -> (artifact id: '4cc603b2d9042324b18d934b1b57151e') in 0.024866 seconds
Number of updated asset objects reloaded before import = 0
Number of asset objects unloaded after import = 14
========================================================================
Received Import Request.
  Time since last request: 0.000032 seconds.
  path: Assets/Animations/Knight/Animation Controller/Knight Warrior Animation Controller.controller
  artifactKey: Guid(5fbed9cae3571aa4f8273283e531893a) Importer(2089858483,0ecaa5967403d082aa24f35e1b516d23)
Start importing Assets/Animations/Knight/Animation Controller/Knight Warrior Animation Controller.controller using Guid(5fbed9cae3571aa4f8273283e531893a) Importer(2089858483,0ecaa5967403d082aa24f35e1b516d23) Generated GUIDs only implemented for interfaces!
 -> (artifact id: 'a41ccfc6830de98dc02732c954202873') in 0.025350 seconds
Number of updated asset objects reloaded before import = 0
Number of asset objects unloaded after import = 14
========================================================================
Received Import Request.
  Time since last request: 0.000025 seconds.
  path: Assets/MainMenu.cs
  artifactKey: Guid(015465db134200e4dbebece1ce292aa1) Importer(2089858483,0ecaa5967403d082aa24f35e1b516d23)
Start importing Assets/MainMenu.cs using Guid(015465db134200e4dbebece1ce292aa1) Importer(2089858483,0ecaa5967403d082aa24f35e1b516d23) Generated GUIDs only implemented for interfaces!
 -> (artifact id: 'b934d3269fbbcdc5c2155968a034fe82') in 0.018524 seconds
Number of updated asset objects reloaded before import = 0
Number of asset objects unloaded after import = 1
========================================================================
Received Import Request.
  Time since last request: 0.000023 seconds.
  path: Assets/Models/Character/Sorceress.FBX
  artifactKey: Guid(bb5ada740cae9e749a27ebcf41af0d85) Importer(2089858483,0ecaa5967403d082aa24f35e1b516d23)
Start importing Assets/Models/Character/Sorceress.FBX using Guid(bb5ada740cae9e749a27ebcf41af0d85) Importer(2089858483,0ecaa5967403d082aa24f35e1b516d23) Generated GUIDs only implemented for interfaces!
 -> (artifact id: 'c953a774a209f7d4a239f0343bfafbaa') in 0.061700 seconds
Number of updated asset objects reloaded before import = 0
Number of asset objects unloaded after import = 114
========================================================================
Received Import Request.
  Time since last request: 0.000026 seconds.
  path: Assets/Animations/Knight/Animations/Knight@Fall.FBX
  artifactKey: Guid(864149f863d0268478c600e44bcc6aa4) Importer(2089858483,0ecaa5967403d082aa24f35e1b516d23)
Start importing Assets/Animations/Knight/Animations/Knight@Fall.FBX using Guid(864149f863d0268478c600e44bcc6aa4) Importer(2089858483,0ecaa5967403d082aa24f35e1b516d23) Generated GUIDs only implemented for interfaces!
 -> (artifact id: '76595b06e0dd147c19d4f10d3a421dcb') in 0.129160 seconds
Number of updated asset objects reloaded before import = 0
Number of asset objects unloaded after import = 112
========================================================================
Received Import Request.
  Time since last request: 0.000035 seconds.
  path: Assets/Scripts/Unit/UnitFSMMannager.cs
  artifactKey: Guid(bd1082fb6d8b26a499641dec3ca9a119) Importer(2089858483,0ecaa5967403d082aa24f35e1b516d23)
Start importing Assets/Scripts/Unit/UnitFSMMannager.cs using Guid(bd1082fb6d8b26a499641dec3ca9a119) Importer(2089858483,0ecaa5967403d082aa24f35e1b516d23) Generated GUIDs only implemented for interfaces!
 -> (artifact id: '0fbf8a300984d36cc4b44f2031052233') in 0.022265 seconds
Number of updated asset objects reloaded before import = 0
Number of asset objects unloaded after import = 1
========================================================================
Received Import Request.
  Time since last request: 0.000065 seconds.
  path: Assets/Textures/Stage/Target.psd
  artifactKey: Guid(ff52602033753744aa65216dcf0a9b50) Importer(2089858483,0ecaa5967403d082aa24f35e1b516d23)
Start importing Assets/Textures/Stage/Target.psd using Guid(ff52602033753744aa65216dcf0a9b50) Importer(2089858483,0ecaa5967403d082aa24f35e1b516d23) Generated GUIDs only implemented for interfaces!
 -> (artifact id: '686a612968640bb13859e617c468a026') in 0.085171 seconds
Number of updated asset objects reloaded before import = 0
Number of asset objects unloaded after import = 1
========================================================================
Received Import Request.
  Time since last request: 0.000042 seconds.
  path: Assets/Prefabs/Character/Mage Warrior.prefab
  artifactKey: Guid(dd9d3d7655ac3934d9096722ca483868) Importer(2089858483,0ecaa5967403d082aa24f35e1b516d23)
Start importing Assets/Prefabs/Character/Mage Warrior.prefab using Guid(dd9d3d7655ac3934d9096722ca483868) Importer(2089858483,0ecaa5967403d082aa24f35e1b516d23) Generated GUIDs only implemented for interfaces!
 -> (artifact id: '23692330529b4eda71f274d9e1236fad') in 0.049778 seconds
Number of updated asset objects reloaded before import = 0
Number of asset objects unloaded after import = 129
========================================================================
Received Import Request.
  Time since last request: 0.000024 seconds.
  path: Assets/Animations/Ninja/Animations/Ninja@Run.FBX
  artifactKey: Guid(0931ee4927ebe68469e9d3c13bd8cd75) Importer(2089858483,0ecaa5967403d082aa24f35e1b516d23)
Start importing Assets/Animations/Ninja/Animations/Ninja@Run.FBX using Guid(0931ee4927ebe68469e9d3c13bd8cd75) Importer(2089858483,0ecaa5967403d082aa24f35e1b516d23) Generated GUIDs only implemented for interfaces!
 -> (artifact id: 'd88ce783f7ca31f4527863de119fb5a8') in 0.099590 seconds
Number of updated asset objects reloaded before import = 0
Number of asset objects unloaded after import = 112
========================================================================
Received Import Request.
  Time since last request: 0.000045 seconds.
  path: Assets/Animations/Sorceress/Animation Controller/Sorceress Warrior Animation Controller.controller
  artifactKey: Guid(bd223d1b08e6c0444b82048e4bf6b2b2) Importer(2089858483,0ecaa5967403d082aa24f35e1b516d23)
Start importing Assets/Animations/Sorceress/Animation Controller/Sorceress Warrior Animation Controller.controller using Guid(bd223d1b08e6c0444b82048e4bf6b2b2) Importer(2089858483,0ecaa5967403d082aa24f35e1b516d23) Generated GUIDs only implemented for interfaces!
 -> (artifact id: '09ff23ed5d37cc4aac8f44dad9a09816') in 0.038605 seconds
Number of updated asset objects reloaded before import = 0
Number of asset objects unloaded after import = 14
========================================================================
Received Import Request.
  Time since last request: 0.000054 seconds.
  path: Assets/Animations/Knight/Animations/Knight@Walk.FBX
  artifactKey: Guid(5d8ee6a4cdbcb0042a50ca001e7c45bf) Importer(2089858483,0ecaa5967403d082aa24f35e1b516d23)
Start importing Assets/Animations/Knight/Animations/Knight@Walk.FBX using Guid(5d8ee6a4cdbcb0042a50ca001e7c45bf) Importer(2089858483,0ecaa5967403d082aa24f35e1b516d23) Generated GUIDs only implemented for interfaces!
 -> (artifact id: 'e0ebb7a60e6d047347f15fd52fcf3c3e') in 0.091282 seconds
Number of updated asset objects reloaded before import = 0
Number of asset objects unloaded after import = 112
========================================================================
Received Import Request.
  Time since last request: 0.000029 seconds.
  path: Assets/Animations/Ninja/Animations/Ninja@Walk.FBX
  artifactKey: Guid(65f7794f08d42dc478d1f2d09fe559dc) Importer(2089858483,0ecaa5967403d082aa24f35e1b516d23)
Start importing Assets/Animations/Ninja/Animations/Ninja@Walk.FBX using Guid(65f7794f08d42dc478d1f2d09fe559dc) Importer(2089858483,0ecaa5967403d082aa24f35e1b516d23) Generated GUIDs only implemented for interfaces!
 -> (artifact id: '51d78735f35088a89161c496380f84bc') in 0.089234 seconds
Number of updated asset objects reloaded before import = 0
Number of asset objects unloaded after import = 112
========================================================================
Received Import Request.
  Time since last request: 0.000022 seconds.
  path: Assets/Animations/Mage/Animations/Mage@Idle.FBX
  artifactKey: Guid(be797334aa848784d838447aa3d3a0e4) Importer(2089858483,0ecaa5967403d082aa24f35e1b516d23)
Start importing Assets/Animations/Mage/Animations/Mage@Idle.FBX using Guid(be797334aa848784d838447aa3d3a0e4) Importer(2089858483,0ecaa5967403d082aa24f35e1b516d23) Generated GUIDs only implemented for interfaces!
 -> (artifact id: '46ea262c25c11bfd2b3d52c02b85a51e') in 0.090680 seconds
Number of updated asset objects reloaded before import = 0
Number of asset objects unloaded after import = 112
========================================================================
Received Import Request.
  Time since last request: 0.000030 seconds.
  path: Assets/Audio/Arrow-damage.mp3
  artifactKey: Guid(1947cdeb0ebf4bc43b195aab26e8b356) Importer(2089858483,0ecaa5967403d082aa24f35e1b516d23)
Start importing Assets/Audio/Arrow-damage.mp3 using Guid(1947cdeb0ebf4bc43b195aab26e8b356) Importer(2089858483,0ecaa5967403d082aa24f35e1b516d23) Generated GUIDs only implemented for interfaces!
 -> (artifact id: '478e3285b186c7b89fd5244765815cb5') in 0.161343 seconds
Number of updated asset objects reloaded before import = 0
Number of asset objects unloaded after import = 1
========================================================================
Received Import Request.
  Time since last request: 0.000035 seconds.
  path: Assets/Animations/Swordsman/Animations/Swordsman@Attack1.FBX
  artifactKey: Guid(388866d801cf0f34daa7a600517209b2) Importer(2089858483,0ecaa5967403d082aa24f35e1b516d23)
Start importing Assets/Animations/Swordsman/Animations/Swordsman@Attack1.FBX using Guid(388866d801cf0f34daa7a600517209b2) Importer(2089858483,0ecaa5967403d082aa24f35e1b516d23) Generated GUIDs only implemented for interfaces!
 -> (artifact id: '9e13df6eb40e29ee15104e526fff795c') in 0.090616 seconds
Number of updated asset objects reloaded before import = 0
Number of asset objects unloaded after import = 112
========================================================================
Received Import Request.
  Time since last request: 0.000107 seconds.
  path: Assets/Scripts/AnimEvent.cs
  artifactKey: Guid(a94ddb7d4e0ac8c44b835da89c24df78) Importer(2089858483,0ecaa5967403d082aa24f35e1b516d23)
Start importing Assets/Scripts/AnimEvent.cs using Guid(a94ddb7d4e0ac8c44b835da89c24df78) Importer(2089858483,0ecaa5967403d082aa24f35e1b516d23) Generated GUIDs only implemented for interfaces!
 -> (artifact id: '2ece0158473b1ee8e0dba19b0b8ebfa0') in 0.021462 seconds
Number of updated asset objects reloaded before import = 0
Number of asset objects unloaded after import = 1
========================================================================
Received Import Request.
  Time since last request: 0.000024 seconds.
  path: Assets/Materials/Archer.mat
  artifactKey: Guid(e1cd1a76ecd557440a55dfaeead52541) Importer(2089858483,0ecaa5967403d082aa24f35e1b516d23)
Start importing Assets/Materials/Archer.mat using Guid(e1cd1a76ecd557440a55dfaeead52541) Importer(2089858483,0ecaa5967403d082aa24f35e1b516d23) Generated GUIDs only implemented for interfaces!
 -> (artifact id: '566608cf56f4cf947828f50aef7d6888') in 0.042337 seconds
Number of updated asset objects reloaded before import = 0
Number of asset objects unloaded after import = 2
========================================================================
Received Import Request.
  Time since last request: 0.000037 seconds.
  path: Assets/Models/Character/Hammer.FBX
  artifactKey: Guid(c04a63d584e38cb49a59057edbeb4e2c) Importer(2089858483,0ecaa5967403d082aa24f35e1b516d23)
Start importing Assets/Models/Character/Hammer.FBX using Guid(c04a63d584e38cb49a59057edbeb4e2c) Importer(2089858483,0ecaa5967403d082aa24f35e1b516d23) Generated GUIDs only implemented for interfaces!
 -> (artifact id: '5920aeb17705f7c1e5161eebf9116af9') in 0.089869 seconds
Number of updated asset objects reloaded before import = 0
Number of asset objects unloaded after import = 119
========================================================================
Received Import Request.
  Time since last request: 0.000027 seconds.
  path: Assets/Scripts/Unit/UnitStat.cs
  artifactKey: Guid(0eea9ac595e98694ea55b8955a98cd73) Importer(2089858483,0ecaa5967403d082aa24f35e1b516d23)
Start importing Assets/Scripts/Unit/UnitStat.cs using Guid(0eea9ac595e98694ea55b8955a98cd73) Importer(2089858483,0ecaa5967403d082aa24f35e1b516d23) Generated GUIDs only implemented for interfaces!
 -> (artifact id: '05a5f9279ad150ff30e4f692e3ad9fd0') in 0.022941 seconds
Number of updated asset objects reloaded before import = 0
Number of asset objects unloaded after import = 1
========================================================================
Received Import Request.
  Time since last request: 0.000035 seconds.
  path: Assets/Models/Thaleah_PixelFont/ThaleahFat.fontsettings
  artifactKey: Guid(652f7165b7c30ab46af6c4aad90a639b) Importer(2089858483,0ecaa5967403d082aa24f35e1b516d23)
Start importing Assets/Models/Thaleah_PixelFont/ThaleahFat.fontsettings using Guid(652f7165b7c30ab46af6c4aad90a639b) Importer(2089858483,0ecaa5967403d082aa24f35e1b516d23) Generated GUIDs only implemented for interfaces!
 -> (artifact id: '654a0fe2789b930c3f26bbf765351893') in 0.045141 seconds
Number of updated asset objects reloaded before import = 0
Number of asset objects unloaded after import = 2
========================================================================
Received Import Request.
  Time since last request: 0.000086 seconds.
  path: Assets/Prefabs/Character/Spearman Warrior.prefab
  artifactKey: Guid(ff63b0a2a76305f418eac6f15d340dad) Importer(2089858483,0ecaa5967403d082aa24f35e1b516d23)
Start importing Assets/Prefabs/Character/Spearman Warrior.prefab using Guid(ff63b0a2a76305f418eac6f15d340dad) Importer(2089858483,0ecaa5967403d082aa24f35e1b516d23) Generated GUIDs only implemented for interfaces!
 -> (artifact id: '44d55156406144cde30ccc53c6829b21') in 0.038027 seconds
Number of updated asset objects reloaded before import = 0
Number of asset objects unloaded after import = 130
========================================================================
Received Import Request.
  Time since last request: 0.000028 seconds.
  path: Assets/Scripts/Stage/Stage.cs
  artifactKey: Guid(7dfbaff0b00950f46935864aebea8a11) Importer(2089858483,0ecaa5967403d082aa24f35e1b516d23)
Start importing Assets/Scripts/Stage/Stage.cs using Guid(7dfbaff0b00950f46935864aebea8a11) Importer(2089858483,0ecaa5967403d082aa24f35e1b516d23) Generated GUIDs only implemented for interfaces!
 -> (artifact id: '6df2568d22b834e43cab3d1cfa24ecaf') in 0.020642 seconds
Number of updated asset objects reloaded before import = 0
Number of asset objects unloaded after import = 1
========================================================================
Received Import Request.
  Time since last request: 0.000052 seconds.
  path: Assets/Textures/Crossbow.psd
  artifactKey: Guid(a3ca67f310e0b914eab69b7471340270) Importer(2089858483,0ecaa5967403d082aa24f35e1b516d23)
Start importing Assets/Textures/Crossbow.psd using Guid(a3ca67f310e0b914eab69b7471340270) Importer(2089858483,0ecaa5967403d082aa24f35e1b516d23) Generated GUIDs only implemented for interfaces!
 -> (artifact id: '8a0bb38c78f26e2ea1667b0e915a415e') in 0.058395 seconds
Number of updated asset objects reloaded before import = 0
Number of asset objects unloaded after import = 1
========================================================================
Received Import Request.
  Time since last request: 0.000021 seconds.
  path: Assets/Animations/Swordsman/Animations/Swordsman@Run.FBX
  artifactKey: Guid(0626e44600709ab4788de7419c037a8d) Importer(2089858483,0ecaa5967403d082aa24f35e1b516d23)
Start importing Assets/Animations/Swordsman/Animations/Swordsman@Run.FBX using Guid(0626e44600709ab4788de7419c037a8d) Importer(2089858483,0ecaa5967403d082aa24f35e1b516d23) Generated GUIDs only implemented for interfaces!
 -> (artifact id: '2382494bced5e03cec4c2ca0cf7fe3ec') in 0.086975 seconds
Number of updated asset objects reloaded before import = 0
Number of asset objects unloaded after import = 112
========================================================================
Received Import Request.
  Time since last request: 0.000037 seconds.
  path: Assets/Scripts/GameManager/GameREADY.cs
  artifactKey: Guid(72bee6a61ddab284796be62c5aca379d) Importer(2089858483,0ecaa5967403d082aa24f35e1b516d23)
Start importing Assets/Scripts/GameManager/GameREADY.cs using Guid(72bee6a61ddab284796be62c5aca379d) Importer(2089858483,0ecaa5967403d082aa24f35e1b516d23) Generated GUIDs only implemented for interfaces!
 -> (artifact id: '5b7a79e823f69eae275fa0e11caf0242') in 0.021622 seconds
Number of updated asset objects reloaded before import = 0
Number of asset objects unloaded after import = 1
========================================================================
Received Import Request.
  Time since last request: 0.000037 seconds.
  path: Assets/Animations/Ninja/Animations/Ninja@Attack1.FBX
  artifactKey: Guid(84737158b8acdfd46a09c0013aadaca7) Importer(2089858483,0ecaa5967403d082aa24f35e1b516d23)
Start importing Assets/Animations/Ninja/Animations/Ninja@Attack1.FBX using Guid(84737158b8acdfd46a09c0013aadaca7) Importer(2089858483,0ecaa5967403d082aa24f35e1b516d23) Generated GUIDs only implemented for interfaces!
 -> (artifact id: '5c86bed3530653a5abbbd2963af009f9') in 0.072234 seconds
Number of updated asset objects reloaded before import = 0
Number of asset objects unloaded after import = 112
========================================================================
Received Import Request.
  Time since last request: 0.000027 seconds.
  path: Assets/Animations/Mage/Animations/Mage@Jump.FBX
  artifactKey: Guid(ccc3fd03b3e3f064ca25dcd069b704a0) Importer(2089858483,0ecaa5967403d082aa24f35e1b516d23)
Start importing Assets/Animations/Mage/Animations/Mage@Jump.FBX using Guid(ccc3fd03b3e3f064ca25dcd069b704a0) Importer(2089858483,0ecaa5967403d082aa24f35e1b516d23) Generated GUIDs only implemented for interfaces!
 -> (artifact id: '0f8bafa4fd7fbed816a8eac62bd78df8') in 0.119868 seconds
Number of updated asset objects reloaded before import = 0
Number of asset objects unloaded after import = 113
========================================================================
Received Import Request.
  Time since last request: 0.000022 seconds.
  path: Assets/Textures/Ninja.psd
  artifactKey: Guid(f23bfe090f96a354cadcc9391d9f05c7) Importer(2089858483,0ecaa5967403d082aa24f35e1b516d23)
Start importing Assets/Textures/Ninja.psd using Guid(f23bfe090f96a354cadcc9391d9f05c7) Importer(2089858483,0ecaa5967403d082aa24f35e1b516d23) Generated GUIDs only implemented for interfaces!
 -> (artifact id: '5e0ea1ed371dd4f99f663ab9d204045e') in 0.059448 seconds
Number of updated asset objects reloaded before import = 0
Number of asset objects unloaded after import = 1
========================================================================
Received Import Request.
  Time since last request: 0.000084 seconds.
  path: Assets/Prefabs/Map/Plane.prefab
  artifactKey: Guid(b3a9f2b2cb9fc6d49a61edd4df9e0cdb) Importer(2089858483,0ecaa5967403d082aa24f35e1b516d23)
Start importing Assets/Prefabs/Map/Plane.prefab using Guid(b3a9f2b2cb9fc6d49a61edd4df9e0cdb) Importer(2089858483,0ecaa5967403d082aa24f35e1b516d23) Generated GUIDs only implemented for interfaces!
 -> (artifact id: '8d39cdb8760fed785c97e2c2cf083310') in 0.042330 seconds
Number of updated asset objects reloaded before import = 0
Number of asset objects unloaded after import = 7
========================================================================
Received Import Request.
  Time since last request: 0.000062 seconds.
  path: Assets/Animations/2Handed/Animation Controller/2Handed Warrior Animation Controller.controller
  artifactKey: Guid(eedd95950d7c15e4eb7d88267e566406) Importer(2089858483,0ecaa5967403d082aa24f35e1b516d23)
Start importing Assets/Animations/2Handed/Animation Controller/2Handed Warrior Animation Controller.controller using Guid(eedd95950d7c15e4eb7d88267e566406) Importer(2089858483,0ecaa5967403d082aa24f35e1b516d23) Generated GUIDs only implemented for interfaces!
 -> (artifact id: '29673de05a3800152e38d4bf691c3234') in 0.024152 seconds
Number of updated asset objects reloaded before import = 0
Number of asset objects unloaded after import = 13
========================================================================
Received Import Request.
  Time since last request: 0.000064 seconds.
  path: Assets/Prefabs/Character/2Handed Warrior.prefab
  artifactKey: Guid(338097dc3c0187f42a8a49e673ed32d4) Importer(2089858483,0ecaa5967403d082aa24f35e1b516d23)
Start importing Assets/Prefabs/Character/2Handed Warrior.prefab using Guid(338097dc3c0187f42a8a49e673ed32d4) Importer(2089858483,0ecaa5967403d082aa24f35e1b516d23) Generated GUIDs only implemented for interfaces!
 -> (artifact id: '83c3f775dde89a048cc0e97501882562') in 0.040984 seconds
Number of updated asset objects reloaded before import = 0
Number of asset objects unloaded after import = 131
========================================================================
Received Import Request.
  Time since last request: 0.000025 seconds.
  path: Assets/Models/Character/Brute.FBX
  artifactKey: Guid(e9332b82da4812a49916bf8fc87b2332) Importer(2089858483,0ecaa5967403d082aa24f35e1b516d23)
Start importing Assets/Models/Character/Brute.FBX using Guid(e9332b82da4812a49916bf8fc87b2332) Importer(2089858483,0ecaa5967403d082aa24f35e1b516d23) Generated GUIDs only implemented for interfaces!
 -> (artifact id: 'd81618b6708146b9607a2c07748a3466') in 0.081902 seconds
Number of updated asset objects reloaded before import = 0
Number of asset objects unloaded after import = 115
========================================================================
Received Import Request.
  Time since last request: 0.000020 seconds.
  path: Assets/Models/Hexa/Hexagons/Hex23.fbx
  artifactKey: Guid(09800fb7ecd7dfa499d1a9b3e9414605) Importer(2089858483,0ecaa5967403d082aa24f35e1b516d23)
Start importing Assets/Models/Hexa/Hexagons/Hex23.fbx using Guid(09800fb7ecd7dfa499d1a9b3e9414605) Importer(2089858483,0ecaa5967403d082aa24f35e1b516d23) Generated GUIDs only implemented for interfaces!
 -> (artifact id: '02fff15356bc8305fc2c1b8553450a25') in 0.057638 seconds
Number of updated asset objects reloaded before import = 0
Number of asset objects unloaded after import = 7
========================================================================
Received Import Request.
  Time since last request: 0.000023 seconds.
  path: Assets/Models/Hexa/Hexagons/Hex26.fbx
  artifactKey: Guid(7590e19e847d1b4498786bd7e5045b7b) Importer(2089858483,0ecaa5967403d082aa24f35e1b516d23)
Start importing Assets/Models/Hexa/Hexagons/Hex26.fbx using Guid(7590e19e847d1b4498786bd7e5045b7b) Importer(2089858483,0ecaa5967403d082aa24f35e1b516d23) Generated GUIDs only implemented for interfaces!
 -> (artifact id: '4e856fbb34cfb9c27834f552a2f45550') in 0.058474 seconds
Number of updated asset objects reloaded before import = 0
Number of asset objects unloaded after import = 7
========================================================================
Received Import Request.
  Time since last request: 0.000032 seconds.
  path: Assets/Models/Hexa/Hexagons/Hex30.fbx
  artifactKey: Guid(dfbb1424bca38a94aa3a24e45b00f2e2) Importer(2089858483,0ecaa5967403d082aa24f35e1b516d23)
Start importing Assets/Models/Hexa/Hexagons/Hex30.fbx using Guid(dfbb1424bca38a94aa3a24e45b00f2e2) Importer(2089858483,0ecaa5967403d082aa24f35e1b516d23) Generated GUIDs only implemented for interfaces!
 -> (artifact id: '55c683afcd87f918ef42e06dd7963d78') in 0.055626 seconds
Number of updated asset objects reloaded before import = 0
Number of asset objects unloaded after import = 7
========================================================================
Received Import Request.
  Time since last request: 0.000021 seconds.
  path: Assets/Models/Hexa/Hexagons/Hex29.fbx
  artifactKey: Guid(1fcc1f73108fef449a622d99f23f1abc) Importer(2089858483,0ecaa5967403d082aa24f35e1b516d23)
Start importing Assets/Models/Hexa/Hexagons/Hex29.fbx using Guid(1fcc1f73108fef449a622d99f23f1abc) Importer(2089858483,0ecaa5967403d082aa24f35e1b516d23) Generated GUIDs only implemented for interfaces!
 -> (artifact id: '599bbe9809808630b78266c6dd458430') in 0.064985 seconds
Number of updated asset objects reloaded before import = 0
Number of asset objects unloaded after import = 7
========================================================================
Received Import Request.
  Time since last request: 0.000025 seconds.
  path: Assets/Scripts/HPBarManager.cs
  artifactKey: Guid(da7402a8ae869804d9dc7c863758bf68) Importer(2089858483,0ecaa5967403d082aa24f35e1b516d23)
Start importing Assets/Scripts/HPBarManager.cs using Guid(da7402a8ae869804d9dc7c863758bf68) Importer(2089858483,0ecaa5967403d082aa24f35e1b516d23) Generated GUIDs only implemented for interfaces!
 -> (artifact id: 'c4f94691c3a90c0bc56c24af3b983e79') in 0.019061 seconds
Number of updated asset objects reloaded before import = 0
Number of asset objects unloaded after import = 1
========================================================================
Received Import Request.
  Time since last request: 0.000033 seconds.
  path: Assets/Textures/Spearman.psd
  artifactKey: Guid(197cfe5564b6bba479ead0f5c413cb1e) Importer(2089858483,0ecaa5967403d082aa24f35e1b516d23)
Start importing Assets/Textures/Spearman.psd using Guid(197cfe5564b6bba479ead0f5c413cb1e) Importer(2089858483,0ecaa5967403d082aa24f35e1b516d23) Generated GUIDs only implemented for interfaces!
 -> (artifact id: '9c99f8d04635abc37718f81df13adb5c') in 0.069157 seconds
Number of updated asset objects reloaded before import = 0
Number of asset objects unloaded after import = 1
========================================================================
Received Import Request.
  Time since last request: 0.000021 seconds.
  path: Assets/Animations/Crossbow/Animations/Crossbow@WalkSlow.FBX
  artifactKey: Guid(90440fbaa4d123c4e9f8ac26102fa6d7) Importer(2089858483,0ecaa5967403d082aa24f35e1b516d23)
Start importing Assets/Animations/Crossbow/Animations/Crossbow@WalkSlow.FBX using Guid(90440fbaa4d123c4e9f8ac26102fa6d7) Importer(2089858483,0ecaa5967403d082aa24f35e1b516d23) Generated GUIDs only implemented for interfaces!
 -> (artifact id: '1daf93f53915439fd25e674671373729') in 0.088109 seconds
Number of updated asset objects reloaded before import = 0
Number of asset objects unloaded after import = 112
========================================================================
Received Import Request.
  Time since last request: 0.000075 seconds.
  path: Assets/Animations/Knight/Animations/Knight@Run.FBX
  artifactKey: Guid(b093e573ca387a1459010ed43a16d2ad) Importer(2089858483,0ecaa5967403d082aa24f35e1b516d23)
Start importing Assets/Animations/Knight/Animations/Knight@Run.FBX using Guid(b093e573ca387a1459010ed43a16d2ad) Importer(2089858483,0ecaa5967403d082aa24f35e1b516d23) Generated GUIDs only implemented for interfaces!
 -> (artifact id: 'e1ab76162ef49ac1398cd59308889688') in 0.099631 seconds
Number of updated asset objects reloaded before import = 0
Number of asset objects unloaded after import = 112
========================================================================
Received Import Request.
  Time since last request: 0.000023 seconds.
  path: Assets/Models/Hexa/Objects/Desert2.fbx
  artifactKey: Guid(733a5877dfd4c884cbf06292ffe18ab1) Importer(2089858483,0ecaa5967403d082aa24f35e1b516d23)
Start importing Assets/Models/Hexa/Objects/Desert2.fbx using Guid(733a5877dfd4c884cbf06292ffe18ab1) Importer(2089858483,0ecaa5967403d082aa24f35e1b516d23) Generated GUIDs only implemented for interfaces!
 -> (artifact id: '8db6689f08661afffde05ff304af8f6a') in 0.061541 seconds
Number of updated asset objects reloaded before import = 0
Number of asset objects unloaded after import = 7
========================================================================
Received Import Request.
  Time since last request: 0.000069 seconds.
  path: Assets/Models/Hexa/Objects/Candy.fbx
  artifactKey: Guid(992ebedeb89f78745872862703a99350) Importer(2089858483,0ecaa5967403d082aa24f35e1b516d23)
Start importing Assets/Models/Hexa/Objects/Candy.fbx using Guid(992ebedeb89f78745872862703a99350) Importer(2089858483,0ecaa5967403d082aa24f35e1b516d23) Generated GUIDs only implemented for interfaces!
 -> (artifact id: 'ac675c5d4c9d09f9f882eaa20ddd2e03') in 0.054229 seconds
Number of updated asset objects reloaded before import = 0
Number of asset objects unloaded after import = 7
========================================================================
Received Import Request.
  Time since last request: 0.000046 seconds.
  path: Assets/Models/Hexa/Hexagons/Lake.fbx
  artifactKey: Guid(1a6dcb961b8ee2a4eb42b0b33c1f8769) Importer(2089858483,0ecaa5967403d082aa24f35e1b516d23)
Start importing Assets/Models/Hexa/Hexagons/Lake.fbx using Guid(1a6dcb961b8ee2a4eb42b0b33c1f8769) Importer(2089858483,0ecaa5967403d082aa24f35e1b516d23) Generated GUIDs only implemented for interfaces!
 -> (artifact id: '20c4b89f4179d4432a37779183100f10') in 0.055613 seconds
Number of updated asset objects reloaded before import = 0
Number of asset objects unloaded after import = 7
========================================================================
Received Import Request.
  Time since last request: 0.000037 seconds.
  path: Assets/Models/Hexa/Hexagons/Hex8.fbx
  artifactKey: Guid(9191f7b022d593c41ac7300bac249d06) Importer(2089858483,0ecaa5967403d082aa24f35e1b516d23)
Start importing Assets/Models/Hexa/Hexagons/Hex8.fbx using Guid(9191f7b022d593c41ac7300bac249d06) Importer(2089858483,0ecaa5967403d082aa24f35e1b516d23) Generated GUIDs only implemented for interfaces!
 -> (artifact id: '5da645265d7705bfcf91cae4fac3eff9') in 0.057335 seconds
Number of updated asset objects reloaded before import = 0
Number of asset objects unloaded after import = 7
========================================================================
Received Import Request.
  Time since last request: 0.000020 seconds.
  path: Assets/Models/Character/Knight.FBX
  artifactKey: Guid(417a287abb2cab94889f1f1ddd91f928) Importer(2089858483,0ecaa5967403d082aa24f35e1b516d23)
Start importing Assets/Models/Character/Knight.FBX using Guid(417a287abb2cab94889f1f1ddd91f928) Importer(2089858483,0ecaa5967403d082aa24f35e1b516d23) Generated GUIDs only implemented for interfaces!
 -> (artifact id: 'eb5dd01f23e39c42846c1117ee395023') in 0.070618 seconds
Number of updated asset objects reloaded before import = 0
Number of asset objects unloaded after import = 123
========================================================================
Received Import Request.
  Time since last request: 0.000021 seconds.
  path: Assets/Animations/Hammer/Animations/Hammer@Run.FBX
  artifactKey: Guid(797b4b83a521be345bf4f0ed61bd19a2) Importer(2089858483,0ecaa5967403d082aa24f35e1b516d23)
Start importing Assets/Animations/Hammer/Animations/Hammer@Run.FBX using Guid(797b4b83a521be345bf4f0ed61bd19a2) Importer(2089858483,0ecaa5967403d082aa24f35e1b516d23) Generated GUIDs only implemented for interfaces!
 -> (artifact id: '57f0bacf6bc6c69715405625d4184455') in 0.089223 seconds
Number of updated asset objects reloaded before import = 0
Number of asset objects unloaded after import = 112
========================================================================
Received Import Request.
  Time since last request: 0.000044 seconds.
  path: Assets/Models/Hexa/Hexagons/BeachShore.fbx
  artifactKey: Guid(0164b949b56b05642992be3ce4f5a9c7) Importer(2089858483,0ecaa5967403d082aa24f35e1b516d23)
Start importing Assets/Models/Hexa/Hexagons/BeachShore.fbx using Guid(0164b949b56b05642992be3ce4f5a9c7) Importer(2089858483,0ecaa5967403d082aa24f35e1b516d23) Generated GUIDs only implemented for interfaces!
 -> (artifact id: 'c3908182ed320457e59b610a3bb94550') in 0.054582 seconds
Number of updated asset objects reloaded before import = 0
Number of asset objects unloaded after import = 7
========================================================================
Received Import Request.
  Time since last request: 0.000028 seconds.
  path: Assets/Models/Hexa/Objects/RocksInWater.fbx
  artifactKey: Guid(8864a906f2c5a814c8329c41f396b148) Importer(2089858483,0ecaa5967403d082aa24f35e1b516d23)
Start importing Assets/Models/Hexa/Objects/RocksInWater.fbx using Guid(8864a906f2c5a814c8329c41f396b148) Importer(2089858483,0ecaa5967403d082aa24f35e1b516d23) Generated GUIDs only implemented for interfaces!
 -> (artifact id: '6468922ad0ce83d6cb4330483ff91542') in 0.052057 seconds
Number of updated asset objects reloaded before import = 0
Number of asset objects unloaded after import = 7
========================================================================
Received Import Request.
  Time since last request: 0.000064 seconds.
  path: Assets/Models/Hexa/Objects/Mountain.fbx
  artifactKey: Guid(86e82c81de2a4a74da13c3984957a116) Importer(2089858483,0ecaa5967403d082aa24f35e1b516d23)
Start importing Assets/Models/Hexa/Objects/Mountain.fbx using Guid(86e82c81de2a4a74da13c3984957a116) Importer(2089858483,0ecaa5967403d082aa24f35e1b516d23) Generated GUIDs only implemented for interfaces!
 -> (artifact id: 'f046fc51d278dcae7e33dc162cc4c3d6') in 0.055945 seconds
Number of updated asset objects reloaded before import = 0
Number of asset objects unloaded after import = 7
========================================================================
Received Import Request.
  Time since last request: 0.000031 seconds.
  path: Assets/Models/Hexa/Objects/RoadCorner.fbx
  artifactKey: Guid(c3d26f07af1522f49b927edb00ec941a) Importer(2089858483,0ecaa5967403d082aa24f35e1b516d23)
Start importing Assets/Models/Hexa/Objects/RoadCorner.fbx using Guid(c3d26f07af1522f49b927edb00ec941a) Importer(2089858483,0ecaa5967403d082aa24f35e1b516d23) Generated GUIDs only implemented for interfaces!
 -> (artifact id: '8a2258cfe4245bdc9541c1df962f97d4') in 0.055458 seconds
Number of updated asset objects reloaded before import = 0
Number of asset objects unloaded after import = 7
========================================================================
Received Import Request.
  Time since last request: 0.000021 seconds.
  path: Assets/Models/Hexa/Hexagons/Hex16.fbx
  artifactKey: Guid(5f4e29955b19f8e479537386c62931c9) Importer(2089858483,0ecaa5967403d082aa24f35e1b516d23)
Start importing Assets/Models/Hexa/Hexagons/Hex16.fbx using Guid(5f4e29955b19f8e479537386c62931c9) Importer(2089858483,0ecaa5967403d082aa24f35e1b516d23) Generated GUIDs only implemented for interfaces!
 -> (artifact id: '2e3501bb190a514dd6976af58e141a4f') in 0.048563 seconds
Number of updated asset objects reloaded before import = 0
Number of asset objects unloaded after import = 7
========================================================================
Received Import Request.
  Time since last request: 0.000023 seconds.
  path: Assets/Materials/Stage/Tree.mat
  artifactKey: Guid(da8188cae1fe5af42950bfdf27e02892) Importer(2089858483,0ecaa5967403d082aa24f35e1b516d23)
Start importing Assets/Materials/Stage/Tree.mat using Guid(da8188cae1fe5af42950bfdf27e02892) Importer(2089858483,0ecaa5967403d082aa24f35e1b516d23) Generated GUIDs only implemented for interfaces!
 -> (artifact id: 'ec7f788e2c2375ebe697d71aa71e420b') in 0.059964 seconds
Number of updated asset objects reloaded before import = 0
Number of asset objects unloaded after import = 2
========================================================================
Received Import Request.
  Time since last request: 0.000031 seconds.
  path: Assets/Models/Hexa/Objects/Fence.fbx
  artifactKey: Guid(017dba9d3f86e55429403ce249b9d374) Importer(2089858483,0ecaa5967403d082aa24f35e1b516d23)
Start importing Assets/Models/Hexa/Objects/Fence.fbx using Guid(017dba9d3f86e55429403ce249b9d374) Importer(2089858483,0ecaa5967403d082aa24f35e1b516d23) Generated GUIDs only implemented for interfaces!
 -> (artifact id: '1b7175b84f3413a7545b191b542f8d1f') in 0.054851 seconds
Number of updated asset objects reloaded before import = 0
Number of asset objects unloaded after import = 7
========================================================================
Received Import Request.
  Time since last request: 0.000027 seconds.
  path: Assets/Models/Hexa/Objects/SelectionRed.fbx
  artifactKey: Guid(3473d0131f929c8498dd62c83ef0056e) Importer(2089858483,0ecaa5967403d082aa24f35e1b516d23)
Start importing Assets/Models/Hexa/Objects/SelectionRed.fbx using Guid(3473d0131f929c8498dd62c83ef0056e) Importer(2089858483,0ecaa5967403d082aa24f35e1b516d23) Generated GUIDs only implemented for interfaces!
 -> (artifact id: '88cd20ba6661e3520b9ff181020b5cec') in 0.064756 seconds
Number of updated asset objects reloaded before import = 0
Number of asset objects unloaded after import = 7
========================================================================
Received Import Request.
  Time since last request: 0.000035 seconds.
  path: Assets/Animations/Swordsman/Animations/Swordsman@Fall.FBX
  artifactKey: Guid(e95fe9ca520639b488a8e7ec26bfa1f7) Importer(2089858483,0ecaa5967403d082aa24f35e1b516d23)
Start importing Assets/Animations/Swordsman/Animations/Swordsman@Fall.FBX using Guid(e95fe9ca520639b488a8e7ec26bfa1f7) Importer(2089858483,0ecaa5967403d082aa24f35e1b516d23) Generated GUIDs only implemented for interfaces!
 -> (artifact id: 'c56a00ff6136e49618f2792c28d81d41') in 0.088082 seconds
Number of updated asset objects reloaded before import = 0
Number of asset objects unloaded after import = 112
========================================================================
Received Import Request.
  Time since last request: 0.000027 seconds.
  path: Assets/Scripts/Unit/States/UnitATTACK.cs
  artifactKey: Guid(84074d479cec61449b150095034b24c7) Importer(2089858483,0ecaa5967403d082aa24f35e1b516d23)
Start importing Assets/Scripts/Unit/States/UnitATTACK.cs using Guid(84074d479cec61449b150095034b24c7) Importer(2089858483,0ecaa5967403d082aa24f35e1b516d23) Generated GUIDs only implemented for interfaces!
 -> (artifact id: '8561c46f29620dacf85047b25bcac93c') in 0.019248 seconds
Number of updated asset objects reloaded before import = 0
Number of asset objects unloaded after import = 1
========================================================================
Received Import Request.
  Time since last request: 0.000065 seconds.
  path: Assets/Models/Thaleah_PixelFont/Materials/Thaleah_DemoBackground.png
  artifactKey: Guid(b324a4685d480b346b084e8a5dbacbde) Importer(2089858483,0ecaa5967403d082aa24f35e1b516d23)
Start importing Assets/Models/Thaleah_PixelFont/Materials/Thaleah_DemoBackground.png using Guid(b324a4685d480b346b084e8a5dbacbde) Importer(2089858483,0ecaa5967403d082aa24f35e1b516d23) Generated GUIDs only implemented for interfaces!
 -> (artifact id: '8184781beb81077ce7c723cedcf45a38') in 0.082493 seconds
Number of updated asset objects reloaded before import = 0
Number of asset objects unloaded after import = 3
========================================================================
Received Import Request.
  Time since last request: 0.000027 seconds.
  path: Assets/Models/Hexa/Objects/Village.fbx
  artifactKey: Guid(9e8082fdbbfe7db4f819ecff6a0a8734) Importer(2089858483,0ecaa5967403d082aa24f35e1b516d23)
Start importing Assets/Models/Hexa/Objects/Village.fbx using Guid(9e8082fdbbfe7db4f819ecff6a0a8734) Importer(2089858483,0ecaa5967403d082aa24f35e1b516d23) Generated GUIDs only implemented for interfaces!
 -> (artifact id: 'c368f4cdd9b3e7fc458e073e4e52bd42') in 0.085416 seconds
Number of updated asset objects reloaded before import = 0
Number of asset objects unloaded after import = 7
========================================================================
Received Import Request.
  Time since last request: 0.000025 seconds.
  path: Assets/Scripts/Unit/States/UnitFSMState.cs
  artifactKey: Guid(c933a645c9ecf03498245a30cc5be9c5) Importer(2089858483,0ecaa5967403d082aa24f35e1b516d23)
Start importing Assets/Scripts/Unit/States/UnitFSMState.cs using Guid(c933a645c9ecf03498245a30cc5be9c5) Importer(2089858483,0ecaa5967403d082aa24f35e1b516d23) Generated GUIDs only implemented for interfaces!
 -> (artifact id: '225bdd4f86fe07e0d9f65bc400e11fb2') in 0.026330 seconds
Number of updated asset objects reloaded before import = 0
Number of asset objects unloaded after import = 1
========================================================================
Received Import Request.
  Time since last request: 0.000034 seconds.
  path: Assets/Models/Hexa/Hexagons/Hex13.fbx
  artifactKey: Guid(ca9e0f6616063104d839cea15011588f) Importer(2089858483,0ecaa5967403d082aa24f35e1b516d23)
Start importing Assets/Models/Hexa/Hexagons/Hex13.fbx using Guid(ca9e0f6616063104d839cea15011588f) Importer(2089858483,0ecaa5967403d082aa24f35e1b516d23) Generated GUIDs only implemented for interfaces!
 -> (artifact id: '28bc02d625e6a798d8a57d80852084ec') in 0.068203 seconds
Number of updated asset objects reloaded before import = 0
Number of asset objects unloaded after import = 7
========================================================================
Received Import Request.
  Time since last request: 0.000038 seconds.
  path: Assets/Models/Hexa/Objects/Flowers.fbx
  artifactKey: Guid(dcadbc0f2d7e2964e91f8be5365ff0e3) Importer(2089858483,0ecaa5967403d082aa24f35e1b516d23)
Start importing Assets/Models/Hexa/Objects/Flowers.fbx using Guid(dcadbc0f2d7e2964e91f8be5365ff0e3) Importer(2089858483,0ecaa5967403d082aa24f35e1b516d23) Generated GUIDs only implemented for interfaces!
 -> (artifact id: '617725ae27bb913ea8af1f6d94b6363e') in 0.067622 seconds
Number of updated asset objects reloaded before import = 0
Number of asset objects unloaded after import = 7
========================================================================
Received Import Request.
  Time since last request: 0.000037 seconds.
  path: Assets/Models/Hexa/Objects/Factory.fbx
  artifactKey: Guid(7b6877e76b3882549bdac7c390b0efd8) Importer(2089858483,0ecaa5967403d082aa24f35e1b516d23)
Start importing Assets/Models/Hexa/Objects/Factory.fbx using Guid(7b6877e76b3882549bdac7c390b0efd8) Importer(2089858483,0ecaa5967403d082aa24f35e1b516d23) Generated GUIDs only implemented for interfaces!
 -> (artifact id: '3a5b786744b9036ef655b546ab2685db') in 0.061248 seconds
Number of updated asset objects reloaded before import = 0
Number of asset objects unloaded after import = 7
========================================================================
Received Import Request.
  Time since last request: 0.000029 seconds.
  path: Assets/Animations/Spearman/Animations/Spearman@Fall.FBX
  artifactKey: Guid(50a7612e5599e1b4b99de469a2db8cf9) Importer(2089858483,0ecaa5967403d082aa24f35e1b516d23)
Start importing Assets/Animations/Spearman/Animations/Spearman@Fall.FBX using Guid(50a7612e5599e1b4b99de469a2db8cf9) Importer(2089858483,0ecaa5967403d082aa24f35e1b516d23) Generated GUIDs only implemented for interfaces!
 -> (artifact id: 'bac11967259b668dcbe2e9395a3f5e98') in 0.109324 seconds
Number of updated asset objects reloaded before import = 0
Number of asset objects unloaded after import = 112
========================================================================
Received Import Request.
  Time since last request: 0.000048 seconds.
  path: Assets/Textures/Stage/Stage/Stage.psd
  artifactKey: Guid(c4bf6c3ea91797f4e9ba58cb9c6fbb47) Importer(2089858483,0ecaa5967403d082aa24f35e1b516d23)
Start importing Assets/Textures/Stage/Stage/Stage.psd using Guid(c4bf6c3ea91797f4e9ba58cb9c6fbb47) Importer(2089858483,0ecaa5967403d082aa24f35e1b516d23) Generated GUIDs only implemented for interfaces!
 -> (artifact id: 'a201ff164f1d9bdbba17e532c15038eb') in 0.081654 seconds
Number of updated asset objects reloaded before import = 0
Number of asset objects unloaded after import = 1
========================================================================
Received Import Request.
  Time since last request: 0.000030 seconds.
  path: Assets/Animations/Sorceress/Animations/Sorceress@Fall.FBX
  artifactKey: Guid(3e67e6dd462ede546be1899f12e7ed84) Importer(2089858483,0ecaa5967403d082aa24f35e1b516d23)
Start importing Assets/Animations/Sorceress/Animations/Sorceress@Fall.FBX using Guid(3e67e6dd462ede546be1899f12e7ed84) Importer(2089858483,0ecaa5967403d082aa24f35e1b516d23) Generated GUIDs only implemented for interfaces!
 -> (artifact id: '30d1e9774217ce02813273a1f3a91f77') in 0.113095 seconds
Number of updated asset objects reloaded before import = 0
Number of asset objects unloaded after import = 111
========================================================================
Received Import Request.
  Time since last request: 0.000034 seconds.
  path: Assets/Models/Hexa/Hexagons/Hex2.fbx
  artifactKey: Guid(7b4cb68aa4866e24b840b01b3cb8e69f) Importer(2089858483,0ecaa5967403d082aa24f35e1b516d23)
Start importing Assets/Models/Hexa/Hexagons/Hex2.fbx using Guid(7b4cb68aa4866e24b840b01b3cb8e69f) Importer(2089858483,0ecaa5967403d082aa24f35e1b516d23) Generated GUIDs only implemented for interfaces!
 -> (artifact id: '0e1ebcb1d52c1cf2e36b21db9398095d') in 0.048949 seconds
Number of updated asset objects reloaded before import = 0
Number of asset objects unloaded after import = 7
========================================================================
Received Import Request.
  Time since last request: 0.000029 seconds.
  path: Assets/Animations/Spearman/Animations/Spearman@Jump.FBX
  artifactKey: Guid(d0022f72a49229f46a890169cebea42d) Importer(2089858483,0ecaa5967403d082aa24f35e1b516d23)
Start importing Assets/Animations/Spearman/Animations/Spearman@Jump.FBX using Guid(d0022f72a49229f46a890169cebea42d) Importer(2089858483,0ecaa5967403d082aa24f35e1b516d23) Generated GUIDs only implemented for interfaces!
 -> (artifact id: 'f71be48ae4a46c3d5bb21439ce1ff0be') in 0.154888 seconds
Number of updated asset objects reloaded before import = 0
Number of asset objects unloaded after import = 113
========================================================================
Received Import Request.
  Time since last request: 0.000029 seconds.
  path: Assets/Animations/Swordsman/Animations/Swordsman@Walk.FBX
  artifactKey: Guid(1222763b677cd78418c968c8707c94bf) Importer(2089858483,0ecaa5967403d082aa24f35e1b516d23)
Start importing Assets/Animations/Swordsman/Animations/Swordsman@Walk.FBX using Guid(1222763b677cd78418c968c8707c94bf) Importer(2089858483,0ecaa5967403d082aa24f35e1b516d23) Generated GUIDs only implemented for interfaces!
 -> (artifact id: '10653dc501d9ca9751b8053a8eb9b4e6') in 0.093475 seconds
Number of updated asset objects reloaded before import = 0
Number of asset objects unloaded after import = 112
========================================================================
Received Import Request.
  Time since last request: 0.000026 seconds.
  path: Assets/Prefabs/Map/Hex16.prefab
  artifactKey: Guid(3ff8e5a24d6f833468acc35eed032df7) Importer(2089858483,0ecaa5967403d082aa24f35e1b516d23)
Start importing Assets/Prefabs/Map/Hex16.prefab using Guid(3ff8e5a24d6f833468acc35eed032df7) Importer(2089858483,0ecaa5967403d082aa24f35e1b516d23) Generated GUIDs only implemented for interfaces!
 -> (artifact id: '57295d6dac744dea072c5780cc7a3cb2') in 0.034967 seconds
Number of updated asset objects reloaded before import = 0
Number of asset objects unloaded after import = 8
========================================================================
Received Import Request.
  Time since last request: 0.000041 seconds.
  path: Assets/Animations/Brute/Animations/Brute@Walk.FBX
  artifactKey: Guid(979c23f9f029cca4d9f7d7abe96e3e69) Importer(2089858483,0ecaa5967403d082aa24f35e1b516d23)
Start importing Assets/Animations/Brute/Animations/Brute@Walk.FBX using Guid(979c23f9f029cca4d9f7d7abe96e3e69) Importer(2089858483,0ecaa5967403d082aa24f35e1b516d23) Generated GUIDs only implemented for interfaces!
 -> (artifact id: 'e41df5a526540c69d4917abe00d6f0c4') in 0.083668 seconds
Number of updated asset objects reloaded before import = 0
Number of asset objects unloaded after import = 112
========================================================================
Received Import Request.
  Time since last request: 0.000022 seconds.
  path: Assets/Animations/Archer/Animation Controller/Archer Warrior Animation Controller.controller
  artifactKey: Guid(1bd48d36d3280cc4f966198224c78b9c) Importer(2089858483,0ecaa5967403d082aa24f35e1b516d23)
Start importing Assets/Animations/Archer/Animation Controller/Archer Warrior Animation Controller.controller using Guid(1bd48d36d3280cc4f966198224c78b9c) Importer(2089858483,0ecaa5967403d082aa24f35e1b516d23) Generated GUIDs only implemented for interfaces!
 -> (artifact id: '87eaf0a7667be311f9d3ce6b7bc6c184') in 0.028462 seconds
Number of updated asset objects reloaded before import = 0
Number of asset objects unloaded after import = 14
========================================================================
Received Import Request.
  Time since last request: 0.000028 seconds.
  path: Assets/Models/Hexa/Objects/DesertMountain.fbx
  artifactKey: Guid(7eeda7af5f1bf7248aa25cadf7804e79) Importer(2089858483,0ecaa5967403d082aa24f35e1b516d23)
Start importing Assets/Models/Hexa/Objects/DesertMountain.fbx using Guid(7eeda7af5f1bf7248aa25cadf7804e79) Importer(2089858483,0ecaa5967403d082aa24f35e1b516d23) Generated GUIDs only implemented for interfaces!
 -> (artifact id: 'a91104ba44998317df35cbc25956e9e3') in 0.064947 seconds
Number of updated asset objects reloaded before import = 0
Number of asset objects unloaded after import = 7
========================================================================
Received Import Request.
  Time since last request: 0.000024 seconds.
  path: Assets/Models/Hexa/Objects/SelectionWhite.fbx
  artifactKey: Guid(71982be591066184d958695cbf3d4875) Importer(2089858483,0ecaa5967403d082aa24f35e1b516d23)
Start importing Assets/Models/Hexa/Objects/SelectionWhite.fbx using Guid(71982be591066184d958695cbf3d4875) Importer(2089858483,0ecaa5967403d082aa24f35e1b516d23) Generated GUIDs only implemented for interfaces!
 -> (artifact id: '0f54d45ddd28562498f1e969780797d4') in 0.066456 seconds
Number of updated asset objects reloaded before import = 0
Number of asset objects unloaded after import = 7
========================================================================
Received Import Request.
  Time since last request: 0.000026 seconds.
  path: Assets/Models/Hexa/Hexagons/Hex4.fbx
  artifactKey: Guid(91a2aeb1386bff241ab23bb98d4f9bba) Importer(2089858483,0ecaa5967403d082aa24f35e1b516d23)
Start importing Assets/Models/Hexa/Hexagons/Hex4.fbx using Guid(91a2aeb1386bff241ab23bb98d4f9bba) Importer(2089858483,0ecaa5967403d082aa24f35e1b516d23) Generated GUIDs only implemented for interfaces!
 -> (artifact id: '58ac4ffd694cf5a4536921250bcf3149') in 0.063706 seconds
Number of updated asset objects reloaded before import = 0
Number of asset objects unloaded after import = 7
========================================================================
Received Import Request.
  Time since last request: 0.000036 seconds.
  path: Assets/Textures/Hammer.psd
  artifactKey: Guid(f8e36b974a4d0b94eb3402a4f9438d01) Importer(2089858483,0ecaa5967403d082aa24f35e1b516d23)
Start importing Assets/Textures/Hammer.psd using Guid(f8e36b974a4d0b94eb3402a4f9438d01) Importer(2089858483,0ecaa5967403d082aa24f35e1b516d23) Generated GUIDs only implemented for interfaces!
 -> (artifact id: 'bfd6f255b8e2e8df9bd0fd240249b54b') in 0.064239 seconds
Number of updated asset objects reloaded before import = 0
Number of asset objects unloaded after import = 1
========================================================================
Received Import Request.
  Time since last request: 0.000068 seconds.
  path: Assets/Animations/Archer/Animations/Archer@Walk.FBX
  artifactKey: Guid(e06e423f87596234390a6dbf4209b064) Importer(2089858483,0ecaa5967403d082aa24f35e1b516d23)
Start importing Assets/Animations/Archer/Animations/Archer@Walk.FBX using Guid(e06e423f87596234390a6dbf4209b064) Importer(2089858483,0ecaa5967403d082aa24f35e1b516d23) Generated GUIDs only implemented for interfaces!
 -> (artifact id: 'cddc51fe6208c48f86e33fea96d9f193') in 0.094071 seconds
Number of updated asset objects reloaded before import = 0
Number of asset objects unloaded after import = 112
========================================================================
Received Import Request.
  Time since last request: 0.000079 seconds.
  path: Assets/Animations/Karate/Animations/Karate@Run.FBX
  artifactKey: Guid(651d553b4d043ea4da4acc726384732e) Importer(2089858483,0ecaa5967403d082aa24f35e1b516d23)
Start importing Assets/Animations/Karate/Animations/Karate@Run.FBX using Guid(651d553b4d043ea4da4acc726384732e) Importer(2089858483,0ecaa5967403d082aa24f35e1b516d23) Generated GUIDs only implemented for interfaces!
 -> (artifact id: 'd5b4afada638f87c7d4ae2f376e25df5') in 0.102932 seconds
Number of updated asset objects reloaded before import = 0
Number of asset objects unloaded after import = 112
========================================================================
Received Import Request.
  Time since last request: 0.000026 seconds.
  path: Assets/Models/Hexa/Hexagons/Hex6.fbx
  artifactKey: Guid(3809834aaf39bdb45aa59310501239af) Importer(2089858483,0ecaa5967403d082aa24f35e1b516d23)
Start importing Assets/Models/Hexa/Hexagons/Hex6.fbx using Guid(3809834aaf39bdb45aa59310501239af) Importer(2089858483,0ecaa5967403d082aa24f35e1b516d23) Generated GUIDs only implemented for interfaces!
 -> (artifact id: '54ee717c23f24228ff87329cc8eea4da') in 0.058202 seconds
Number of updated asset objects reloaded before import = 0
Number of asset objects unloaded after import = 7
========================================================================
Received Import Request.
  Time since last request: 0.000036 seconds.
  path: Assets/Animations/Knight/Animations/Knight@Attack1.FBX
  artifactKey: Guid(dc024c770b3081947b006c27e5619ee9) Importer(2089858483,0ecaa5967403d082aa24f35e1b516d23)
Start importing Assets/Animations/Knight/Animations/Knight@Attack1.FBX using Guid(dc024c770b3081947b006c27e5619ee9) Importer(2089858483,0ecaa5967403d082aa24f35e1b516d23) Generated GUIDs only implemented for interfaces!
 -> (artifact id: '4603259a065cefa2798e968a4d2f493b') in 0.098753 seconds
Number of updated asset objects reloaded before import = 0
Number of asset objects unloaded after import = 112
========================================================================
Received Import Request.
  Time since last request: 0.000024 seconds.
  path: Assets/Animations/Ninja/Animation Controller/Ninja Warrior Animation Controller.controller
  artifactKey: Guid(2bde4631b80eb5648bfd89479fb7c998) Importer(2089858483,0ecaa5967403d082aa24f35e1b516d23)
Start importing Assets/Animations/Ninja/Animation Controller/Ninja Warrior Animation Controller.controller using Guid(2bde4631b80eb5648bfd89479fb7c998) Importer(2089858483,0ecaa5967403d082aa24f35e1b516d23) Generated GUIDs only implemented for interfaces!
 -> (artifact id: '16b6c11f5ca3c09c37bf34243e6d7257') in 0.024310 seconds
Number of updated asset objects reloaded before import = 0
Number of asset objects unloaded after import = 14
========================================================================
Received Import Request.
  Time since last request: 0.000022 seconds.
  path: Assets/Animations/Sorceress/Animations/Sorceress@Idle.FBX
  artifactKey: Guid(b98b7aa11e6be4046ac0b69e18d90edb) Importer(2089858483,0ecaa5967403d082aa24f35e1b516d23)
Start importing Assets/Animations/Sorceress/Animations/Sorceress@Idle.FBX using Guid(b98b7aa11e6be4046ac0b69e18d90edb) Importer(2089858483,0ecaa5967403d082aa24f35e1b516d23) Generated GUIDs only implemented for interfaces!
 -> (artifact id: 'e4b9a3db8983a25482147931c3aeb136') in 0.093530 seconds
Number of updated asset objects reloaded before import = 0
Number of asset objects unloaded after import = 111
========================================================================
Received Import Request.
  Time since last request: 0.000035 seconds.
  path: Assets/Models/Hexa/Hexagons/Hex1.fbx
  artifactKey: Guid(ac4a5a9e24f3efa44b8f02171e9eefda) Importer(2089858483,0ecaa5967403d082aa24f35e1b516d23)
Start importing Assets/Models/Hexa/Hexagons/Hex1.fbx using Guid(ac4a5a9e24f3efa44b8f02171e9eefda) Importer(2089858483,0ecaa5967403d082aa24f35e1b516d23) Generated GUIDs only implemented for interfaces!
 -> (artifact id: 'a53e05d52189efd41a061dc868f8daf3') in 0.063369 seconds
Number of updated asset objects reloaded before import = 0
Number of asset objects unloaded after import = 7
========================================================================
Received Import Request.
  Time since last request: 0.000048 seconds.
  path: Assets/Animations/Karate/Animations/Karate@WalkSlow.FBX
  artifactKey: Guid(3f1d8415037724c46a4d6a2f74a189f0) Importer(2089858483,0ecaa5967403d082aa24f35e1b516d23)
Start importing Assets/Animations/Karate/Animations/Karate@WalkSlow.FBX using Guid(3f1d8415037724c46a4d6a2f74a189f0) Importer(2089858483,0ecaa5967403d082aa24f35e1b516d23) Generated GUIDs only implemented for interfaces!
 -> (artifact id: '80d5244a386e1a5383037e31e3ff9560') in 0.096157 seconds
Number of updated asset objects reloaded before import = 0
Number of asset objects unloaded after import = 112
========================================================================
Received Import Request.
  Time since last request: 0.000043 seconds.
  path: Assets/Models/Hexa/Hexagons/Hex31.fbx
  artifactKey: Guid(66c95755fe17bd7479da5154e7a6f309) Importer(2089858483,0ecaa5967403d082aa24f35e1b516d23)
Start importing Assets/Models/Hexa/Hexagons/Hex31.fbx using Guid(66c95755fe17bd7479da5154e7a6f309) Importer(2089858483,0ecaa5967403d082aa24f35e1b516d23) Generated GUIDs only implemented for interfaces!
 -> (artifact id: '950b06b30d24cb5981a900cdf3309ae5') in 0.061034 seconds
Number of updated asset objects reloaded before import = 0
Number of asset objects unloaded after import = 7
========================================================================
Received Import Request.
  Time since last request: 0.000021 seconds.
  path: Assets/Scripts/CameraController.cs
  artifactKey: Guid(9e7c499b2bfd09241b799f7205170666) Importer(2089858483,0ecaa5967403d082aa24f35e1b516d23)
Start importing Assets/Scripts/CameraController.cs using Guid(9e7c499b2bfd09241b799f7205170666) Importer(2089858483,0ecaa5967403d082aa24f35e1b516d23) Generated GUIDs only implemented for interfaces!
 -> (artifact id: '918d8ee36cc7ac0ca1b67878ff3ca920') in 0.019203 seconds
Number of updated asset objects reloaded before import = 0
Number of asset objects unloaded after import = 1
========================================================================
Received Import Request.
  Time since last request: 0.000026 seconds.
  path: Assets/Prefabs/Avarta/Spearman.png
  artifactKey: Guid(51f06b46087bd03438f6feef6b896b3d) Importer(2089858483,0ecaa5967403d082aa24f35e1b516d23)
Start importing Assets/Prefabs/Avarta/Spearman.png using Guid(51f06b46087bd03438f6feef6b896b3d) Importer(2089858483,0ecaa5967403d082aa24f35e1b516d23) Generated GUIDs only implemented for interfaces!
 -> (artifact id: 'acf5ae583bff5edc968c4f0bda8c93cf') in 0.068666 seconds
Number of updated asset objects reloaded before import = 0
Number of asset objects unloaded after import = 3
========================================================================
Received Import Request.
  Time since last request: 0.000027 seconds.
  path: Assets/Models/Hexa/Hexagons/Hex3.fbx
  artifactKey: Guid(32bf8e89e0e369540a99872076a7ead9) Importer(2089858483,0ecaa5967403d082aa24f35e1b516d23)
Start importing Assets/Models/Hexa/Hexagons/Hex3.fbx using Guid(32bf8e89e0e369540a99872076a7ead9) Importer(2089858483,0ecaa5967403d082aa24f35e1b516d23) Generated GUIDs only implemented for interfaces!
 -> (artifact id: '0244c7984394a2da0279ead7dc014933') in 0.068483 seconds
Number of updated asset objects reloaded before import = 0
Number of asset objects unloaded after import = 7
========================================================================
Received Import Request.
  Time since last request: 0.000030 seconds.
  path: Assets/Animations/Archer/Animations/Archer@Idle1.FBX
  artifactKey: Guid(5b5eb14bb680c7c4da088b9fee7041e4) Importer(2089858483,0ecaa5967403d082aa24f35e1b516d23)
Start importing Assets/Animations/Archer/Animations/Archer@Idle1.FBX using Guid(5b5eb14bb680c7c4da088b9fee7041e4) Importer(2089858483,0ecaa5967403d082aa24f35e1b516d23) Generated GUIDs only implemented for interfaces!
 -> (artifact id: '4fe2865c76d8c989796b802988a84520') in 0.075266 seconds
Number of updated asset objects reloaded before import = 0
Number of asset objects unloaded after import = 112
Editor requested this worker to shutdown with reason: Scaling down because of idle timeout
TcpMessagingSession - receive error: operation aborted. errorcode: 995, details: The I/O operation has been aborted because of either a thread exit or an application request.
AssetImportWorker is now disconnected from the server
Process exiting
Exiting without the bug reporter. Application will terminate with return code 0