Using pre-set license
Built from '2022.3/release' branch; Version is '2022.3.20f1 (61c2feb0970d) revision 6406910'; Using compiler version '192829333'; Build Type 'Release'
OS: 'Windows 10  (10.0.19045) 64bit CoreSingleLanguage' Language: 'en' Physical Memory: 8013 MB
BatchMode: 1, IsHumanControllingUs: 0, StartBugReporterOnCrash: 0, Is64bit: 1, IsPro: 1

COMMAND LINE ARGUMENTS:
C:\Program Files\Unity\Hub\Editor\2022.3.20f1\Editor\Unity.exe
-adb2
-batchMode
-noUpm
-name
AssetImportWorker1
-projectPath
D:/Unity Project/Auto Battler Project
-logFile
Logs/AssetImportWorker1.log
-srvPort
54934
Successfully changed project path to: D:/Unity Project/Auto Battler Project
D:/Unity Project/Auto Battler Project
[UnityMemory] Configuration Parameters - Can be set up in boot.config
    "memorysetup-bucket-allocator-granularity=16"
    "memorysetup-bucket-allocator-bucket-count=8"
    "memorysetup-bucket-allocator-block-size=33554432"
    "memorysetup-bucket-allocator-block-count=8"
    "memorysetup-main-allocator-block-size=16777216"
    "memorysetup-thread-allocator-block-size=16777216"
    "memorysetup-gfx-main-allocator-block-size=16777216"
    "memorysetup-gfx-thread-allocator-block-size=16777216"
    "memorysetup-cache-allocator-block-size=4194304"
    "memorysetup-typetree-allocator-block-size=2097152"
    "memorysetup-profiler-bucket-allocator-granularity=16"
    "memorysetup-profiler-bucket-allocator-bucket-count=8"
    "memorysetup-profiler-bucket-allocator-block-size=33554432"
    "memorysetup-profiler-bucket-allocator-block-count=8"
    "memorysetup-profiler-allocator-block-size=16777216"
    "memorysetup-profiler-editor-allocator-block-size=1048576"
    "memorysetup-temp-allocator-size-main=16777216"
    "memorysetup-job-temp-allocator-block-size=2097152"
    "memorysetup-job-temp-allocator-block-size-background=1048576"
    "memorysetup-job-temp-allocator-reduction-small-platforms=262144"
    "memorysetup-allocator-temp-initial-block-size-main=262144"
    "memorysetup-allocator-temp-initial-block-size-worker=262144"
    "memorysetup-temp-allocator-size-background-worker=32768"
    "memorysetup-temp-allocator-size-job-worker=262144"
    "memorysetup-temp-allocator-size-preload-manager=33554432"
    "memorysetup-temp-allocator-size-nav-mesh-worker=65536"
    "memorysetup-temp-allocator-size-audio-worker=65536"
    "memorysetup-temp-allocator-size-cloud-worker=32768"
    "memorysetup-temp-allocator-size-gi-baking-worker=262144"
    "memorysetup-temp-allocator-size-gfx=262144"
Player connection [20992] Host "[IP] 192.168.0.146 [Port] 0 [Flags] 2 [Guid] 1698242411 [EditorId] 1698242411 [Version] 1048832 [Id] WindowsEditor(7,MSI) [Debug] 1 [PackageName] WindowsEditor [ProjectName] Editor" joined multi-casting on [225.0.0.222:54997]...

Player connection [20992] Host "[IP] 192.168.0.146 [Port] 0 [Flags] 2 [Guid] 1698242411 [EditorId] 1698242411 [Version] 1048832 [Id] WindowsEditor(7,MSI) [Debug] 1 [PackageName] WindowsEditor [ProjectName] Editor" joined alternative multi-casting on [225.0.0.222:34997]...

[Physics::Module] Initialized MultithreadedJobDispatcher with 11 workers.
Refreshing native plugins compatible for Editor in 22.23 ms, found 3 plugins.
Preloading 0 native plugins for Editor in 0.00 ms.
Initialize engine version: 2022.3.20f1 (61c2feb0970d)
[Subsystems] Discovering subsystems at path C:/Program Files/Unity/Hub/Editor/2022.3.20f1/Editor/Data/Resources/UnitySubsystems
[Subsystems] Discovering subsystems at path D:/Unity Project/Auto Battler Project/Assets
GfxDevice: creating device client; threaded=0; jobified=0
Direct3D:
    Version:  Direct3D 11.0 [level 11.1]
    Renderer: NVIDIA GeForce GTX 1650 with Max-Q Design (ID=0x1f9d)
    Vendor:   NVIDIA
    VRAM:     3962 MB
    Driver:   30.0.15.1165
Initialize mono
Mono path[0] = 'C:/Program Files/Unity/Hub/Editor/2022.3.20f1/Editor/Data/Managed'
Mono path[1] = 'C:/Program Files/Unity/Hub/Editor/2022.3.20f1/Editor/Data/MonoBleedingEdge/lib/mono/unityjit-win32'
Mono config path = 'C:/Program Files/Unity/Hub/Editor/2022.3.20f1/Editor/Data/MonoBleedingEdge/etc'
Using monoOptions --debugger-agent=transport=dt_socket,embedding=1,server=y,suspend=n,address=127.0.0.1:56352
Begin MonoManager ReloadAssembly
Registering precompiled unity dll's ...
Register platform support module: C:/Program Files/Unity/Hub/Editor/2022.3.20f1/Editor/Data/PlaybackEngines/AndroidPlayer/UnityEditor.Android.Extensions.dll
Register platform support module: C:/Program Files/Unity/Hub/Editor/2022.3.20f1/Editor/Data/PlaybackEngines/WindowsStandaloneSupport/UnityEditor.WindowsStandalone.Extensions.dll
Registered in 0.015823 seconds.
- Loaded All Assemblies, in  0.552 seconds
Native extension for WindowsStandalone target not found
Native extension for Android target not found
Android Extension - Scanning For ADB Devices 1584 ms
Mono: successfully reloaded assembly
- Finished resetting the current domain, in  2.089 seconds
Domain Reload Profiling: 2638ms
	BeginReloadAssembly (199ms)
		ExecutionOrderSort (0ms)
		DisableScriptedObjects (0ms)
		BackupInstance (0ms)
		ReleaseScriptingObjects (0ms)
		CreateAndSetChildDomain (1ms)
	RebuildCommonClasses (45ms)
	RebuildNativeTypeToScriptingClass (14ms)
	initialDomainReloadingComplete (87ms)
	LoadAllAssembliesAndSetupDomain (203ms)
		LoadAssemblies (198ms)
		RebuildTransferFunctionScriptingTraits (0ms)
		AnalyzeDomain (198ms)
			TypeCache.Refresh (196ms)
				TypeCache.ScanAssembly (174ms)
			ScanForSourceGeneratedMonoScriptInfo (0ms)
			ResolveRequiredComponents (1ms)
	FinalizeReload (2090ms)
		ReleaseScriptCaches (0ms)
		RebuildScriptCaches (0ms)
		SetupLoadedEditorAssemblies (2006ms)
			LogAssemblyErrors (0ms)
			InitializePlatformSupportModulesInManaged (1742ms)
			SetLoadedEditorAssemblies (6ms)
			RefreshPlugins (0ms)
			BeforeProcessingInitializeOnLoad (4ms)
			ProcessInitializeOnLoadAttributes (181ms)
			ProcessInitializeOnLoadMethodAttributes (72ms)
			AfterProcessingInitializeOnLoad (0ms)
			EditorAssembliesLoaded (0ms)
		ExecutionOrderSort2 (0ms)
		AwakeInstancesAfterBackupRestoration (0ms)
========================================================================
Worker process is ready to serve import requests
Begin MonoManager ReloadAssembly
- Loaded All Assemblies, in  1.749 seconds
Refreshing native plugins compatible for Editor in 3.00 ms, found 3 plugins.
Native extension for WindowsStandalone target not found
Native extension for Android target not found
Package Manager log level set to [2]
[Package Manager] Server::EnsureServerProcessIsRunning -- launch failed, reason: Unity was launched with the -noUpm command-line argument
[Package Manager] UpmClient::Send -- Unable to send message (not connected to UPM process).
[Package Manager] Cannot connect to Unity Package Manager local server
Mono: successfully reloaded assembly
- Finished resetting the current domain, in  1.164 seconds
Domain Reload Profiling: 2908ms
	BeginReloadAssembly (496ms)
		ExecutionOrderSort (0ms)
		DisableScriptedObjects (8ms)
		BackupInstance (0ms)
		ReleaseScriptingObjects (0ms)
		CreateAndSetChildDomain (35ms)
	RebuildCommonClasses (83ms)
	RebuildNativeTypeToScriptingClass (22ms)
	initialDomainReloadingComplete (99ms)
	LoadAllAssembliesAndSetupDomain (1045ms)
		LoadAssemblies (1064ms)
		RebuildTransferFunctionScriptingTraits (0ms)
		AnalyzeDomain (372ms)
			TypeCache.Refresh (333ms)
				TypeCache.ScanAssembly (297ms)
			ScanForSourceGeneratedMonoScriptInfo (28ms)
			ResolveRequiredComponents (8ms)
	FinalizeReload (1164ms)
		ReleaseScriptCaches (0ms)
		RebuildScriptCaches (0ms)
		SetupLoadedEditorAssemblies (889ms)
			LogAssemblyErrors (0ms)
			InitializePlatformSupportModulesInManaged (50ms)
			SetLoadedEditorAssemblies (7ms)
			RefreshPlugins (0ms)
			BeforeProcessingInitializeOnLoad (162ms)
			ProcessInitializeOnLoadAttributes (613ms)
			ProcessInitializeOnLoadMethodAttributes (37ms)
			AfterProcessingInitializeOnLoad (19ms)
			EditorAssembliesLoaded (1ms)
		ExecutionOrderSort2 (0ms)
		AwakeInstancesAfterBackupRestoration (16ms)
Launched and connected shader compiler UnityShaderCompiler.exe after 0.11 seconds
Refreshing native plugins compatible for Editor in 9.40 ms, found 3 plugins.
Preloading 0 native plugins for Editor in 0.00 ms.
Unloading 3121 Unused Serialized files (Serialized files now loaded: 0)
Unloading 32 unused Assets / (57.8 KB). Loaded Objects now: 3587.
Memory consumption went from 128.8 MB to 128.8 MB.
Total: 40.711200 ms (FindLiveObjects: 0.698400 ms CreateObjectMapping: 1.837900 ms MarkObjects: 32.156400 ms  DeleteObjects: 6.016400 ms)

AssetImportParameters requested are different than current active one (requested -> active):
  custom:container-demuxer-ogg: 62fdf1f143b41e24485cea50d1cbac27 -> 
  custom:video-decoder-ogg-theora: a1e56fd34408186e4bbccfd4996cb3dc -> 
  custom:framework-win-MediaFoundation: 216162199b28c13a410421893ffa2e32 -> 
  custom:CustomObjectIndexerAttribute: 6d391050e5a25f67b0a2c618074f2cd9 -> 
  custom:container-demuxer-webm: 4f35f7cbe854078d1ac9338744f61a02 -> 
  custom:container-muxer-webm: aa71ff27fc2769a1b78a27578f13a17b -> 
  custom:video-decoder-webm-vp8: 9c59270c3fd7afecdb556c50c9e8de78 -> 
  custom:SearchIndexIgnoredProperties: e643bd26f0fe6173181afceb89e7c659 -> 
  custom:AudioImporter_EditorPlatform: d09bf68614088b80899f8185d706f6e7 -> 
  custom:video-encoder-webm-vp8: eb34c28f22e8b96e1ab97ce403110664 -> 
  custom:audio-decoder-ogg-vorbis: bf7c407c2cedff20999df2af8eb42d56 -> 
  custom:audio-encoder-webm-vorbis: bf7c407c2cedff20999df2af8eb42d56 -> 
========================================================================
Received Import Request.
  Time since last request: 97490.241959 seconds.
  path: Assets/Scripts/GameManager/GameFSMState.cs
  artifactKey: Guid(c9425d35fa3bb57458cc7d001c0e23ba) Importer(2089858483,0ecaa5967403d082aa24f35e1b516d23)
Start importing Assets/Scripts/GameManager/GameFSMState.cs using Guid(c9425d35fa3bb57458cc7d001c0e23ba) Importer(2089858483,0ecaa5967403d082aa24f35e1b516d23) Generated GUIDs only implemented for interfaces!
 -> (artifact id: '2d3b3110f1367701a5d2f1a8f8e8f4d1') in 0.195410 seconds
Number of updated asset objects reloaded before import = 0
Number of asset objects unloaded after import = 1
========================================================================
Received Import Request.
  Time since last request: 0.000048 seconds.
  path: Assets/Textures/Mage.psd
  artifactKey: Guid(1ff7c4f4f3f113d4caa9299b1fc5022a) Importer(2089858483,0ecaa5967403d082aa24f35e1b516d23)
Start importing Assets/Textures/Mage.psd using Guid(1ff7c4f4f3f113d4caa9299b1fc5022a) Importer(2089858483,0ecaa5967403d082aa24f35e1b516d23) Generated GUIDs only implemented for interfaces!
 -> (artifact id: '47d5672bbb09a4eb6331d5562192de49') in 0.156536 seconds
Number of updated asset objects reloaded before import = 0
Number of asset objects unloaded after import = 1
========================================================================
Received Import Request.
  Time since last request: 0.000046 seconds.
  path: Assets/Prefabs/Avarta/Swordsman.png
  artifactKey: Guid(c98474d63f00d504d940573a17d5464f) Importer(2089858483,0ecaa5967403d082aa24f35e1b516d23)
Start importing Assets/Prefabs/Avarta/Swordsman.png using Guid(c98474d63f00d504d940573a17d5464f) Importer(2089858483,0ecaa5967403d082aa24f35e1b516d23) Generated GUIDs only implemented for interfaces!
 -> (artifact id: '66d17ae768b49b8f62bbce05414722ce') in 0.075136 seconds
Number of updated asset objects reloaded before import = 0
Number of asset objects unloaded after import = 3
========================================================================
Received Import Request.
  Time since last request: 0.000023 seconds.
  path: Assets/Prefabs/Avarta/Brute.png
  artifactKey: Guid(031a791e1d0511345a291322786f9432) Importer(2089858483,0ecaa5967403d082aa24f35e1b516d23)
Start importing Assets/Prefabs/Avarta/Brute.png using Guid(031a791e1d0511345a291322786f9432) Importer(2089858483,0ecaa5967403d082aa24f35e1b516d23) Generated GUIDs only implemented for interfaces!
 -> (artifact id: 'e3ffe0dfc0b1396575c14296b8b00169') in 0.063609 seconds
Number of updated asset objects reloaded before import = 0
Number of asset objects unloaded after import = 3
========================================================================
Received Import Request.
  Time since last request: 0.000033 seconds.
  path: Assets/Materials/Hammer.mat
  artifactKey: Guid(37673ecc6a14727438d03633d94dc1a8) Importer(2089858483,0ecaa5967403d082aa24f35e1b516d23)
Start importing Assets/Materials/Hammer.mat using Guid(37673ecc6a14727438d03633d94dc1a8) Importer(2089858483,0ecaa5967403d082aa24f35e1b516d23) Generated GUIDs only implemented for interfaces!
 -> (artifact id: 'a0554646ed3b81805ea4be84e7503ad7') in 0.073134 seconds
Number of updated asset objects reloaded before import = 0
Number of asset objects unloaded after import = 2
========================================================================
Received Import Request.
  Time since last request: 0.000021 seconds.
  path: Assets/Prefabs/Avarta/Crossbow.png
  artifactKey: Guid(88a5d39061314e340b52e3ea4cd8aa11) Importer(2089858483,0ecaa5967403d082aa24f35e1b516d23)
Start importing Assets/Prefabs/Avarta/Crossbow.png using Guid(88a5d39061314e340b52e3ea4cd8aa11) Importer(2089858483,0ecaa5967403d082aa24f35e1b516d23) Generated GUIDs only implemented for interfaces!
 -> (artifact id: '514f1122c8202a3fe85d7fb46fadbe79') in 0.064000 seconds
Number of updated asset objects reloaded before import = 0
Number of asset objects unloaded after import = 3
========================================================================
Received Import Request.
  Time since last request: 0.000021 seconds.
  path: Assets/Materials/Crossbow.mat
  artifactKey: Guid(4c57ae33a72fa6842bafed60410cd603) Importer(2089858483,0ecaa5967403d082aa24f35e1b516d23)
Start importing Assets/Materials/Crossbow.mat using Guid(4c57ae33a72fa6842bafed60410cd603) Importer(2089858483,0ecaa5967403d082aa24f35e1b516d23) Generated GUIDs only implemented for interfaces!
 -> (artifact id: '85d7fc2fec93b4944047c77771d263b7') in 0.022695 seconds
Number of updated asset objects reloaded before import = 0
Number of asset objects unloaded after import = 2
========================================================================
Received Import Request.
  Time since last request: 0.000023 seconds.
  path: Assets/Prefabs/Avarta/Karate.png
  artifactKey: Guid(77c60fcd26f3cae46a227b592f0cb1c8) Importer(2089858483,0ecaa5967403d082aa24f35e1b516d23)
Start importing Assets/Prefabs/Avarta/Karate.png using Guid(77c60fcd26f3cae46a227b592f0cb1c8) Importer(2089858483,0ecaa5967403d082aa24f35e1b516d23) Generated GUIDs only implemented for interfaces!
 -> (artifact id: 'f890c1264209a675f012a308feb69c7c') in 0.065018 seconds
Number of updated asset objects reloaded before import = 0
Number of asset objects unloaded after import = 3
========================================================================
Received Import Request.
  Time since last request: 0.000029 seconds.
  path: Assets/Prefabs/Avarta/Sorcerer .png
  artifactKey: Guid(35b97faf85746d149993a23de73ffb18) Importer(2089858483,0ecaa5967403d082aa24f35e1b516d23)
Start importing Assets/Prefabs/Avarta/Sorcerer .png using Guid(35b97faf85746d149993a23de73ffb18) Importer(2089858483,0ecaa5967403d082aa24f35e1b516d23) Generated GUIDs only implemented for interfaces!
 -> (artifact id: 'cb7da4b16cb14de07f7b9194bf386559') in 0.065883 seconds
Number of updated asset objects reloaded before import = 0
Number of asset objects unloaded after import = 3
========================================================================
Received Import Request.
  Time since last request: 0.000341 seconds.
  path: Assets/Scripts/ShopManager.cs
  artifactKey: Guid(0df1a2dfee711fd45a11d0d247a040d1) Importer(2089858483,0ecaa5967403d082aa24f35e1b516d23)
Start importing Assets/Scripts/ShopManager.cs using Guid(0df1a2dfee711fd45a11d0d247a040d1) Importer(2089858483,0ecaa5967403d082aa24f35e1b516d23) Generated GUIDs only implemented for interfaces!
 -> (artifact id: 'ca068290c987509783f95a2186a213d0') in 0.022604 seconds
Number of updated asset objects reloaded before import = 0
Number of asset objects unloaded after import = 1
========================================================================
Received Import Request.
  Time since last request: 0.000040 seconds.
  path: Assets/Prefabs/Avarta/Archer.png
  artifactKey: Guid(e22b02a4974f7bc49b24c94baff40f58) Importer(2089858483,0ecaa5967403d082aa24f35e1b516d23)
Start importing Assets/Prefabs/Avarta/Archer.png using Guid(e22b02a4974f7bc49b24c94baff40f58) Importer(2089858483,0ecaa5967403d082aa24f35e1b516d23) Generated GUIDs only implemented for interfaces!
 -> (artifact id: '04157469078454f2096d4c16d7aa8ae4') in 0.069766 seconds
Number of updated asset objects reloaded before import = 0
Number of asset objects unloaded after import = 3
========================================================================
Received Import Request.
  Time since last request: 0.000022 seconds.
  path: Assets/Textures/Swordsman.psd
  artifactKey: Guid(8b195a6a26442d747b2e552bd9fcf96d) Importer(2089858483,0ecaa5967403d082aa24f35e1b516d23)
Start importing Assets/Textures/Swordsman.psd using Guid(8b195a6a26442d747b2e552bd9fcf96d) Importer(2089858483,0ecaa5967403d082aa24f35e1b516d23) Generated GUIDs only implemented for interfaces!
 -> (artifact id: '65eb791d414a6a107ec5fde2992a62ce') in 0.066887 seconds
Number of updated asset objects reloaded before import = 0
Number of asset objects unloaded after import = 1
========================================================================
Received Import Request.
  Time since last request: 0.000032 seconds.
  path: Assets/Textures/Brute.psd
  artifactKey: Guid(afed4e45cf3825844a9f9c4ddd1547d0) Importer(2089858483,0ecaa5967403d082aa24f35e1b516d23)
Start importing Assets/Textures/Brute.psd using Guid(afed4e45cf3825844a9f9c4ddd1547d0) Importer(2089858483,0ecaa5967403d082aa24f35e1b516d23) Generated GUIDs only implemented for interfaces!
 -> (artifact id: 'ba6668deef4c78ebc5c372fea30b2778') in 0.057853 seconds
Number of updated asset objects reloaded before import = 0
Number of asset objects unloaded after import = 1
========================================================================
Received Import Request.
  Time since last request: 0.000026 seconds.
  path: Assets/Models/Hamburger_icon.svg.png
  artifactKey: Guid(849922f32d712414185d2f57ccd2e6e3) Importer(2089858483,0ecaa5967403d082aa24f35e1b516d23)
Start importing Assets/Models/Hamburger_icon.svg.png using Guid(849922f32d712414185d2f57ccd2e6e3) Importer(2089858483,0ecaa5967403d082aa24f35e1b516d23) Generated GUIDs only implemented for interfaces!
 -> (artifact id: 'b71b0b3c4ce3fa3a27a4829230e34c8e') in 0.064467 seconds
Number of updated asset objects reloaded before import = 0
Number of asset objects unloaded after import = 3
========================================================================
Received Import Request.
  Time since last request: 0.000032 seconds.
  path: Assets/Animations/2Handed/Animations/2Handed@Walk.FBX
  artifactKey: Guid(6aa2008e4fe28b443b5c93d5b9f768d7) Importer(2089858483,0ecaa5967403d082aa24f35e1b516d23)
Start importing Assets/Animations/2Handed/Animations/2Handed@Walk.FBX using Guid(6aa2008e4fe28b443b5c93d5b9f768d7) Importer(2089858483,0ecaa5967403d082aa24f35e1b516d23) Generated GUIDs only implemented for interfaces!
 -> (artifact id: '251d484b6c5dab8b573288aadbad5e59') in 0.129537 seconds
Number of updated asset objects reloaded before import = 0
Number of asset objects unloaded after import = 112
========================================================================
Received Import Request.
  Time since last request: 0.000022 seconds.
  path: Assets/Animations/Brute/Animations/Brute@Fall.FBX
  artifactKey: Guid(6d3fdfaf6fb0b744abb6dfc9fb1bb766) Importer(2089858483,0ecaa5967403d082aa24f35e1b516d23)
Start importing Assets/Animations/Brute/Animations/Brute@Fall.FBX using Guid(6d3fdfaf6fb0b744abb6dfc9fb1bb766) Importer(2089858483,0ecaa5967403d082aa24f35e1b516d23) Generated GUIDs only implemented for interfaces!
 -> (artifact id: '6977e36be4a558bc77ef0a78052e7a35') in 0.074196 seconds
Number of updated asset objects reloaded before import = 0
Number of asset objects unloaded after import = 112
========================================================================
Received Import Request.
  Time since last request: 0.000023 seconds.
  path: Assets/Animations/Crossbow/Animations/Crossbow@Idle.FBX
  artifactKey: Guid(ae974b8959da5554b8b1d24ef2bc2ad3) Importer(2089858483,0ecaa5967403d082aa24f35e1b516d23)
Start importing Assets/Animations/Crossbow/Animations/Crossbow@Idle.FBX using Guid(ae974b8959da5554b8b1d24ef2bc2ad3) Importer(2089858483,0ecaa5967403d082aa24f35e1b516d23) Generated GUIDs only implemented for interfaces!
 -> (artifact id: '42d72dc331dcced930223c25e281787b') in 0.081948 seconds
Number of updated asset objects reloaded before import = 0
Number of asset objects unloaded after import = 112
========================================================================
Received Import Request.
  Time since last request: 0.000030 seconds.
  path: Assets/Animations/Brute/Animation Controller/Brute Warrior Animation Controller.controller
  artifactKey: Guid(2684684ae442e0e4c98b0e64a58902e7) Importer(2089858483,0ecaa5967403d082aa24f35e1b516d23)
Start importing Assets/Animations/Brute/Animation Controller/Brute Warrior Animation Controller.controller using Guid(2684684ae442e0e4c98b0e64a58902e7) Importer(2089858483,0ecaa5967403d082aa24f35e1b516d23) Generated GUIDs only implemented for interfaces!
 -> (artifact id: '8d101202ff6ccc82d1c1d8d9edca6d52') in 0.029840 seconds
Number of updated asset objects reloaded before import = 0
Number of asset objects unloaded after import = 14
========================================================================
Received Import Request.
  Time since last request: 0.000020 seconds.
  path: Assets/Animations/2Handed/Animations/2Handed@Attack1.FBX
  artifactKey: Guid(dbbdcfdc751ca1146932bd6bc3dda730) Importer(2089858483,0ecaa5967403d082aa24f35e1b516d23)
Start importing Assets/Animations/2Handed/Animations/2Handed@Attack1.FBX using Guid(dbbdcfdc751ca1146932bd6bc3dda730) Importer(2089858483,0ecaa5967403d082aa24f35e1b516d23) Generated GUIDs only implemented for interfaces!
 -> (artifact id: '60e5463ae877f2ed0163966d69b63ffb') in 0.081938 seconds
Number of updated asset objects reloaded before import = 0
Number of asset objects unloaded after import = 112
========================================================================
Received Import Request.
  Time since last request: 0.000028 seconds.
  path: Assets/Animations/Brute/Animations/Brute@Attack1.FBX
  artifactKey: Guid(63c447cc6fb0954459f35c43b5966da2) Importer(2089858483,0ecaa5967403d082aa24f35e1b516d23)
Start importing Assets/Animations/Brute/Animations/Brute@Attack1.FBX using Guid(63c447cc6fb0954459f35c43b5966da2) Importer(2089858483,0ecaa5967403d082aa24f35e1b516d23) Generated GUIDs only implemented for interfaces!
 -> (artifact id: 'cf9655fd87c5c4d626bb36e24a63e5b2') in 0.078481 seconds
Number of updated asset objects reloaded before import = 0
Number of asset objects unloaded after import = 112
========================================================================
Received Import Request.
  Time since last request: 0.000021 seconds.
  path: Assets/Animations/Hammer/Animations/Hammer@WalkSlow.FBX
  artifactKey: Guid(ffcc998be29f5a748895b0f56284e3ff) Importer(2089858483,0ecaa5967403d082aa24f35e1b516d23)
Start importing Assets/Animations/Hammer/Animations/Hammer@WalkSlow.FBX using Guid(ffcc998be29f5a748895b0f56284e3ff) Importer(2089858483,0ecaa5967403d082aa24f35e1b516d23) Generated GUIDs only implemented for interfaces!
 -> (artifact id: '3f30e4618f422b631af70d2ef203332b') in 0.088850 seconds
Number of updated asset objects reloaded before import = 0
Number of asset objects unloaded after import = 112
========================================================================
Received Import Request.
  Time since last request: 0.000027 seconds.
  path: Assets/Models/Character/Sorceress-Hair.FBX
  artifactKey: Guid(88d3d2dc5e25277479beadf41a139afd) Importer(2089858483,0ecaa5967403d082aa24f35e1b516d23)
Start importing Assets/Models/Character/Sorceress-Hair.FBX using Guid(88d3d2dc5e25277479beadf41a139afd) Importer(2089858483,0ecaa5967403d082aa24f35e1b516d23) Generated GUIDs only implemented for interfaces!
 -> (artifact id: 'aac655a31faf5a7d4a05fcb9047adeea') in 0.058290 seconds
Number of updated asset objects reloaded before import = 0
Number of asset objects unloaded after import = 18
========================================================================
Received Import Request.
  Time since last request: 0.000030 seconds.
  path: Assets/Animations/Hammer/Animations/Hammer@Walk.FBX
  artifactKey: Guid(a7e9e09fb42e7f1409ea58cb1940ac6c) Importer(2089858483,0ecaa5967403d082aa24f35e1b516d23)
Start importing Assets/Animations/Hammer/Animations/Hammer@Walk.FBX using Guid(a7e9e09fb42e7f1409ea58cb1940ac6c) Importer(2089858483,0ecaa5967403d082aa24f35e1b516d23) Generated GUIDs only implemented for interfaces!
 -> (artifact id: 'e761615b2e8575f82393a058c4fc9534') in 0.092278 seconds
Number of updated asset objects reloaded before import = 0
Number of asset objects unloaded after import = 112
========================================================================
Received Import Request.
  Time since last request: 0.000074 seconds.
  path: Assets/Scripts/GameManager/GameLOSE.cs
  artifactKey: Guid(00e36d77e6a0b6249b42738366cabef5) Importer(2089858483,0ecaa5967403d082aa24f35e1b516d23)
Start importing Assets/Scripts/GameManager/GameLOSE.cs using Guid(00e36d77e6a0b6249b42738366cabef5) Importer(2089858483,0ecaa5967403d082aa24f35e1b516d23) Generated GUIDs only implemented for interfaces!
 -> (artifact id: '850e3d107c640ce4fe1c7ad4b9b6ffe2') in 0.036838 seconds
Number of updated asset objects reloaded before import = 0
Number of asset objects unloaded after import = 1
========================================================================
Received Import Request.
  Time since last request: 0.000045 seconds.
  path: Assets/Models/Character/Archer-Bow.FBX
  artifactKey: Guid(c3972562e865e5d4c84dff2ee012a91d) Importer(2089858483,0ecaa5967403d082aa24f35e1b516d23)
Start importing Assets/Models/Character/Archer-Bow.FBX using Guid(c3972562e865e5d4c84dff2ee012a91d) Importer(2089858483,0ecaa5967403d082aa24f35e1b516d23) Generated GUIDs only implemented for interfaces!
 -> (artifact id: '80ef960311bffcf702fe6ade48d784f5') in 0.084353 seconds
Number of updated asset objects reloaded before import = 0
Number of asset objects unloaded after import = 7
========================================================================
Received Import Request.
  Time since last request: 0.000033 seconds.
  path: Assets/Prefabs/HPBar.prefab
  artifactKey: Guid(27f99b657b2630d40bffa7d82f880894) Importer(2089858483,0ecaa5967403d082aa24f35e1b516d23)
Start importing Assets/Prefabs/HPBar.prefab using Guid(27f99b657b2630d40bffa7d82f880894) Importer(2089858483,0ecaa5967403d082aa24f35e1b516d23) Generated GUIDs only implemented for interfaces!
 -> (artifact id: 'e927f98a27b60ad15374f664203d1905') in 0.044203 seconds
Number of updated asset objects reloaded before import = 0
Number of asset objects unloaded after import = 13
========================================================================
Received Import Request.
  Time since last request: 0.000039 seconds.
  path: Assets/Animations/2Handed/Animations/2Handed@Idle.FBX
  artifactKey: Guid(c26ff68d987e6654eae7ac997df4d3bc) Importer(2089858483,0ecaa5967403d082aa24f35e1b516d23)
Start importing Assets/Animations/2Handed/Animations/2Handed@Idle.FBX using Guid(c26ff68d987e6654eae7ac997df4d3bc) Importer(2089858483,0ecaa5967403d082aa24f35e1b516d23) Generated GUIDs only implemented for interfaces!
 -> (artifact id: '892c4b3d3aa1096d755dec9b5acfc7b3') in 0.084757 seconds
Number of updated asset objects reloaded before import = 0
Number of asset objects unloaded after import = 111
========================================================================
Received Import Request.
  Time since last request: 0.000023 seconds.
  path: Assets/Animations/Mage/Animations/Mage@Walk.FBX
  artifactKey: Guid(73343089e4172784b94f00a97fb84f21) Importer(2089858483,0ecaa5967403d082aa24f35e1b516d23)
Start importing Assets/Animations/Mage/Animations/Mage@Walk.FBX using Guid(73343089e4172784b94f00a97fb84f21) Importer(2089858483,0ecaa5967403d082aa24f35e1b516d23) Generated GUIDs only implemented for interfaces!
 -> (artifact id: 'bf4c4795b0fc07184835175006321d65') in 0.096980 seconds
Number of updated asset objects reloaded before import = 0
Number of asset objects unloaded after import = 112
========================================================================
Received Import Request.
  Time since last request: 0.000028 seconds.
  path: Assets/Animations/Ninja/Animations/Ninja@WalkSlow.FBX
  artifactKey: Guid(a14fbd526c1216c44a00e83c8e0d467b) Importer(2089858483,0ecaa5967403d082aa24f35e1b516d23)
Start importing Assets/Animations/Ninja/Animations/Ninja@WalkSlow.FBX using Guid(a14fbd526c1216c44a00e83c8e0d467b) Importer(2089858483,0ecaa5967403d082aa24f35e1b516d23) Generated GUIDs only implemented for interfaces!
 -> (artifact id: 'b35356356dca640db7387dbba93e8b48') in 0.114566 seconds
Number of updated asset objects reloaded before import = 0
Number of asset objects unloaded after import = 112
========================================================================
Received Import Request.
  Time since last request: 0.000031 seconds.
  path: Assets/Animations/Mage/Animations/Mage@Run.FBX
  artifactKey: Guid(d9d469953be3eeb468fe9ec060467ded) Importer(2089858483,0ecaa5967403d082aa24f35e1b516d23)
Start importing Assets/Animations/Mage/Animations/Mage@Run.FBX using Guid(d9d469953be3eeb468fe9ec060467ded) Importer(2089858483,0ecaa5967403d082aa24f35e1b516d23) Generated GUIDs only implemented for interfaces!
 -> (artifact id: 'eb9609913fce585a123d18af3ff43e8e') in 0.106853 seconds
Number of updated asset objects reloaded before import = 0
Number of asset objects unloaded after import = 112
========================================================================
Received Import Request.
  Time since last request: 0.000038 seconds.
  path: Assets/Animations/Sorceress/Animations/Sorceress@Attack1.FBX
  artifactKey: Guid(c1857e4094b87fe40a724b81e470c20d) Importer(2089858483,0ecaa5967403d082aa24f35e1b516d23)
Start importing Assets/Animations/Sorceress/Animations/Sorceress@Attack1.FBX using Guid(c1857e4094b87fe40a724b81e470c20d) Importer(2089858483,0ecaa5967403d082aa24f35e1b516d23) Generated GUIDs only implemented for interfaces!
 -> (artifact id: 'ded0dd7db314d0abb16223ecf78a395d') in 0.088244 seconds
Number of updated asset objects reloaded before import = 0
Number of asset objects unloaded after import = 111
========================================================================
Received Import Request.
  Time since last request: 0.000051 seconds.
  path: Assets/Prefabs/Map/Hex2.prefab
  artifactKey: Guid(ba54e0f64ad505c4fa5521c008dc356e) Importer(2089858483,0ecaa5967403d082aa24f35e1b516d23)
Start importing Assets/Prefabs/Map/Hex2.prefab using Guid(ba54e0f64ad505c4fa5521c008dc356e) Importer(2089858483,0ecaa5967403d082aa24f35e1b516d23) Generated GUIDs only implemented for interfaces!
 -> (artifact id: 'c8ffbbf5aeba1e5b173fcc2f4b35387d') in 0.032400 seconds
Number of updated asset objects reloaded before import = 0
Number of asset objects unloaded after import = 8
========================================================================
Received Import Request.
  Time since last request: 0.000024 seconds.
  path: Assets/Animations/Karate/Animations/Karate@Fall.FBX
  artifactKey: Guid(21488cec29481c642a580304b695b51b) Importer(2089858483,0ecaa5967403d082aa24f35e1b516d23)
Start importing Assets/Animations/Karate/Animations/Karate@Fall.FBX using Guid(21488cec29481c642a580304b695b51b) Importer(2089858483,0ecaa5967403d082aa24f35e1b516d23) Generated GUIDs only implemented for interfaces!
 -> (artifact id: 'd2ee312f85ab445430fd8f134bc24bc6') in 0.100808 seconds
Number of updated asset objects reloaded before import = 0
Number of asset objects unloaded after import = 112
========================================================================
Received Import Request.
  Time since last request: 0.000046 seconds.
  path: Assets/Animations/Spearman/Animations/Spearman@Attack1.FBX
  artifactKey: Guid(d49af005f8f03dd40944d120d5009866) Importer(2089858483,0ecaa5967403d082aa24f35e1b516d23)
Start importing Assets/Animations/Spearman/Animations/Spearman@Attack1.FBX using Guid(d49af005f8f03dd40944d120d5009866) Importer(2089858483,0ecaa5967403d082aa24f35e1b516d23) Generated GUIDs only implemented for interfaces!
 -> (artifact id: '68011bc99a59d6c1c47e76f7d4abbe1b') in 0.099272 seconds
Number of updated asset objects reloaded before import = 0
Number of asset objects unloaded after import = 112
========================================================================
Received Import Request.
  Time since last request: 0.000031 seconds.
  path: Assets/Animations/Sorceress/Animations/Sorceress@Walk.FBX
  artifactKey: Guid(d6aedafb511eec749b8c351a33a4540c) Importer(2089858483,0ecaa5967403d082aa24f35e1b516d23)
Start importing Assets/Animations/Sorceress/Animations/Sorceress@Walk.FBX using Guid(d6aedafb511eec749b8c351a33a4540c) Importer(2089858483,0ecaa5967403d082aa24f35e1b516d23) Generated GUIDs only implemented for interfaces!
 -> (artifact id: '7db2217237467e65d0454b5a1b80a38f') in 0.087856 seconds
Number of updated asset objects reloaded before import = 0
Number of asset objects unloaded after import = 111
========================================================================
Received Import Request.
  Time since last request: 0.000024 seconds.
  path: Assets/Animations/Spearman/Animations/Spearman@WalkSlow.FBX
  artifactKey: Guid(b6df8bd3c8dea53479cedcd654d161f0) Importer(2089858483,0ecaa5967403d082aa24f35e1b516d23)
Start importing Assets/Animations/Spearman/Animations/Spearman@WalkSlow.FBX using Guid(b6df8bd3c8dea53479cedcd654d161f0) Importer(2089858483,0ecaa5967403d082aa24f35e1b516d23) Generated GUIDs only implemented for interfaces!
 -> (artifact id: 'c5a9ba34897652cb95342f9c1a48d572') in 0.105392 seconds
Number of updated asset objects reloaded before import = 0
Number of asset objects unloaded after import = 112
========================================================================
Received Import Request.
  Time since last request: 0.000023 seconds.
  path: Assets/Animations/Crossbow/Animations/Crossbow@Run.FBX
  artifactKey: Guid(030890c62e632f443bc46d249f3981f4) Importer(2089858483,0ecaa5967403d082aa24f35e1b516d23)
Start importing Assets/Animations/Crossbow/Animations/Crossbow@Run.FBX using Guid(030890c62e632f443bc46d249f3981f4) Importer(2089858483,0ecaa5967403d082aa24f35e1b516d23) Generated GUIDs only implemented for interfaces!
 -> (artifact id: '701245f1e481750e0dda03e9c6cd5d83') in 0.097258 seconds
Number of updated asset objects reloaded before import = 0
Number of asset objects unloaded after import = 112
========================================================================
Received Import Request.
  Time since last request: 0.000115 seconds.
  path: Assets/Animations/Brute/Animations/Brute@Run.FBX
  artifactKey: Guid(d01bc7c7263ec8d4aa3f7947c2ddf0cb) Importer(2089858483,0ecaa5967403d082aa24f35e1b516d23)
Start importing Assets/Animations/Brute/Animations/Brute@Run.FBX using Guid(d01bc7c7263ec8d4aa3f7947c2ddf0cb) Importer(2089858483,0ecaa5967403d082aa24f35e1b516d23) Generated GUIDs only implemented for interfaces!
 -> (artifact id: '97b2e04066e2bd7d2a1f0bf53e3e4f4d') in 0.079853 seconds
Number of updated asset objects reloaded before import = 0
Number of asset objects unloaded after import = 112
========================================================================
Received Import Request.
  Time since last request: 0.000043 seconds.
  path: Assets/Animations/Swordsman/Animations/Swordsman@WalkSlow.FBX
  artifactKey: Guid(ab03966efca191f46ba77126b6a03230) Importer(2089858483,0ecaa5967403d082aa24f35e1b516d23)
Start importing Assets/Animations/Swordsman/Animations/Swordsman@WalkSlow.FBX using Guid(ab03966efca191f46ba77126b6a03230) Importer(2089858483,0ecaa5967403d082aa24f35e1b516d23) Generated GUIDs only implemented for interfaces!
 -> (artifact id: '267b2c0de8d3d7bc0eec009600a1d020') in 0.105446 seconds
Number of updated asset objects reloaded before import = 0
Number of asset objects unloaded after import = 112
========================================================================
Received Import Request.
  Time since last request: 0.000051 seconds.
  path: Assets/Animations/Spearman/Animations/Spearman@Idle.FBX
  artifactKey: Guid(b8bd7adb017ce8749ad411b53b5bf38e) Importer(2089858483,0ecaa5967403d082aa24f35e1b516d23)
Start importing Assets/Animations/Spearman/Animations/Spearman@Idle.FBX using Guid(b8bd7adb017ce8749ad411b53b5bf38e) Importer(2089858483,0ecaa5967403d082aa24f35e1b516d23) Generated GUIDs only implemented for interfaces!
 -> (artifact id: '173bf96ab764e2cb6d047a7ce1d8783f') in 0.079573 seconds
Number of updated asset objects reloaded before import = 0
Number of asset objects unloaded after import = 112
========================================================================
Received Import Request.
  Time since last request: 0.000095 seconds.
  path: Assets/Models/Hexa/Hexagons/Hex11.fbx
  artifactKey: Guid(ec55075d188c17f409c030e2fa6d4ebf) Importer(2089858483,0ecaa5967403d082aa24f35e1b516d23)
Start importing Assets/Models/Hexa/Hexagons/Hex11.fbx using Guid(ec55075d188c17f409c030e2fa6d4ebf) Importer(2089858483,0ecaa5967403d082aa24f35e1b516d23) Generated GUIDs only implemented for interfaces!
 -> (artifact id: 'ce5a457c5cb5ee5906e9d3c867ec7e47') in 0.052270 seconds
Number of updated asset objects reloaded before import = 0
Number of asset objects unloaded after import = 7
========================================================================
Received Import Request.
  Time since last request: 0.000022 seconds.
  path: Assets/Audio/boom.mp3
  artifactKey: Guid(ae74ef164ed6f3c4fba7473250ddd70d) Importer(2089858483,0ecaa5967403d082aa24f35e1b516d23)
Start importing Assets/Audio/boom.mp3 using Guid(ae74ef164ed6f3c4fba7473250ddd70d) Importer(2089858483,0ecaa5967403d082aa24f35e1b516d23) Generated GUIDs only implemented for interfaces!
 -> (artifact id: '50da3537fef45162c8eb470510b5c92f') in 0.144397 seconds
Number of updated asset objects reloaded before import = 0
Number of asset objects unloaded after import = 1
========================================================================
Received Import Request.
  Time since last request: 0.000032 seconds.
  path: Assets/Textures/Karate.psd
  artifactKey: Guid(300275db8b4773a49b13ed956d6345c3) Importer(2089858483,0ecaa5967403d082aa24f35e1b516d23)
Start importing Assets/Textures/Karate.psd using Guid(300275db8b4773a49b13ed956d6345c3) Importer(2089858483,0ecaa5967403d082aa24f35e1b516d23) Generated GUIDs only implemented for interfaces!
 -> (artifact id: '435656136a3a327b9c938e47eb96017c') in 0.059692 seconds
Number of updated asset objects reloaded before import = 0
Number of asset objects unloaded after import = 1
========================================================================
Received Import Request.
  Time since last request: 0.000024 seconds.
  path: Assets/Models/Hexa/Hexagons/Hex15.fbx
  artifactKey: Guid(55d09edfc2148db468cee0245d195258) Importer(2089858483,0ecaa5967403d082aa24f35e1b516d23)
Start importing Assets/Models/Hexa/Hexagons/Hex15.fbx using Guid(55d09edfc2148db468cee0245d195258) Importer(2089858483,0ecaa5967403d082aa24f35e1b516d23) Generated GUIDs only implemented for interfaces!
 -> (artifact id: '8f090f1dccc4fd570378e98d5cd3bb92') in 0.062105 seconds
Number of updated asset objects reloaded before import = 0
Number of asset objects unloaded after import = 7
========================================================================
Received Import Request.
  Time since last request: 0.000030 seconds.
  path: Assets/Models/Hexa/Hexagons/Hex20.fbx
  artifactKey: Guid(e78e9e9e77f1fd34b932bf555a8735a7) Importer(2089858483,0ecaa5967403d082aa24f35e1b516d23)
Start importing Assets/Models/Hexa/Hexagons/Hex20.fbx using Guid(e78e9e9e77f1fd34b932bf555a8735a7) Importer(2089858483,0ecaa5967403d082aa24f35e1b516d23) Generated GUIDs only implemented for interfaces!
 -> (artifact id: 'e0245837d549e215282e3363fb446952') in 0.060223 seconds
Number of updated asset objects reloaded before import = 0
Number of asset objects unloaded after import = 7
========================================================================
Received Import Request.
  Time since last request: 0.000030 seconds.
  path: Assets/Models/Hexa/Hexagons/Hex32.fbx
  artifactKey: Guid(95f164187b159cb4ab72ef930698a4d6) Importer(2089858483,0ecaa5967403d082aa24f35e1b516d23)
Start importing Assets/Models/Hexa/Hexagons/Hex32.fbx using Guid(95f164187b159cb4ab72ef930698a4d6) Importer(2089858483,0ecaa5967403d082aa24f35e1b516d23) Generated GUIDs only implemented for interfaces!
 -> (artifact id: 'a8f72c34f6af262a1c35c0bf2a2012c9') in 0.057834 seconds
Number of updated asset objects reloaded before import = 0
Number of asset objects unloaded after import = 7
========================================================================
Received Import Request.
  Time since last request: 0.000023 seconds.
  path: Assets/Models/Hexa/Hexagons/Hex25.fbx
  artifactKey: Guid(d3d9160fa9fac894da21c01c11514990) Importer(2089858483,0ecaa5967403d082aa24f35e1b516d23)
Start importing Assets/Models/Hexa/Hexagons/Hex25.fbx using Guid(d3d9160fa9fac894da21c01c11514990) Importer(2089858483,0ecaa5967403d082aa24f35e1b516d23) Generated GUIDs only implemented for interfaces!
 -> (artifact id: '34d001c7fb6d323579de62559847b90b') in 0.059226 seconds
Number of updated asset objects reloaded before import = 0
Number of asset objects unloaded after import = 7
========================================================================
Received Import Request.
  Time since last request: 0.000032 seconds.
  path: Assets/Models/Hexa/Hexagons/Hex7.fbx
  artifactKey: Guid(684e6ab60cee3124aac8540619e13d9d) Importer(2089858483,0ecaa5967403d082aa24f35e1b516d23)
Start importing Assets/Models/Hexa/Hexagons/Hex7.fbx using Guid(684e6ab60cee3124aac8540619e13d9d) Importer(2089858483,0ecaa5967403d082aa24f35e1b516d23) Generated GUIDs only implemented for interfaces!
 -> (artifact id: '8056433ed050b3a084d3d13785588d71') in 0.062432 seconds
Number of updated asset objects reloaded before import = 0
Number of asset objects unloaded after import = 7
========================================================================
Received Import Request.
  Time since last request: 0.000019 seconds.
  path: Assets/Prefabs/Avarta/Mage.png
  artifactKey: Guid(3e6e92ccc364ea9468afd2d797d87f23) Importer(2089858483,0ecaa5967403d082aa24f35e1b516d23)
Start importing Assets/Prefabs/Avarta/Mage.png using Guid(3e6e92ccc364ea9468afd2d797d87f23) Importer(2089858483,0ecaa5967403d082aa24f35e1b516d23) Generated GUIDs only implemented for interfaces!
 -> (artifact id: '6fbbe2cc33b573700190f1318423ffa7') in 0.067992 seconds
Number of updated asset objects reloaded before import = 0
Number of asset objects unloaded after import = 3
========================================================================
Received Import Request.
  Time since last request: 0.000023 seconds.
  path: Assets/Models/Hexa/Hexagons/Hex22.fbx
  artifactKey: Guid(66a66b512f78d3d4f81ed74fd8e3963a) Importer(2089858483,0ecaa5967403d082aa24f35e1b516d23)
Start importing Assets/Models/Hexa/Hexagons/Hex22.fbx using Guid(66a66b512f78d3d4f81ed74fd8e3963a) Importer(2089858483,0ecaa5967403d082aa24f35e1b516d23) Generated GUIDs only implemented for interfaces!
 -> (artifact id: '7a8e8af8d136a30d399e89c23847619b') in 0.053094 seconds
Number of updated asset objects reloaded before import = 0
Number of asset objects unloaded after import = 7
========================================================================
Received Import Request.
  Time since last request: 0.000026 seconds.
  path: Assets/Animations/Brute/Animations/Brute@Idle.FBX
  artifactKey: Guid(743b2f433ce9dc34fa40bbc53b94319f) Importer(2089858483,0ecaa5967403d082aa24f35e1b516d23)
Start importing Assets/Animations/Brute/Animations/Brute@Idle.FBX using Guid(743b2f433ce9dc34fa40bbc53b94319f) Importer(2089858483,0ecaa5967403d082aa24f35e1b516d23) Generated GUIDs only implemented for interfaces!
 -> (artifact id: 'f73977216dac0f867a0a5620161c1ab1') in 0.071257 seconds
Number of updated asset objects reloaded before import = 0
Number of asset objects unloaded after import = 112
========================================================================
Received Import Request.
  Time since last request: 0.000024 seconds.
  path: Assets/Audio/duelistL.m4a
  artifactKey: Guid(8fb79bcd4e3df4a4ebbfc78102ff08f8) Importer(2089858483,0ecaa5967403d082aa24f35e1b516d23)
Start importing Assets/Audio/duelistL.m4a using Guid(8fb79bcd4e3df4a4ebbfc78102ff08f8) Importer(2089858483,0ecaa5967403d082aa24f35e1b516d23) Generated GUIDs only implemented for interfaces!
 -> (artifact id: '1a0e8021ab2986a04819c7b63aff9c7f') in 0.016425 seconds
Number of updated asset objects reloaded before import = 0
Number of asset objects unloaded after import = 1
========================================================================
Received Import Request.
  Time since last request: 0.000027 seconds.
  path: Assets/Scripts/Stage/StageManager.cs
  artifactKey: Guid(eb4af05f1e195c245995a54fc3e73638) Importer(2089858483,0ecaa5967403d082aa24f35e1b516d23)
Start importing Assets/Scripts/Stage/StageManager.cs using Guid(eb4af05f1e195c245995a54fc3e73638) Importer(2089858483,0ecaa5967403d082aa24f35e1b516d23) Generated GUIDs only implemented for interfaces!
 -> (artifact id: '8de86519ec35e6cf6a4e685373958066') in 0.021963 seconds
Number of updated asset objects reloaded before import = 0
Number of asset objects unloaded after import = 1
========================================================================
Received Import Request.
  Time since last request: 0.000022 seconds.
  path: Assets/Models/Hexa/Hexagons/Hex14.fbx
  artifactKey: Guid(af5b57b852ef0394780de2f3f4b82968) Importer(2089858483,0ecaa5967403d082aa24f35e1b516d23)
Start importing Assets/Models/Hexa/Hexagons/Hex14.fbx using Guid(af5b57b852ef0394780de2f3f4b82968) Importer(2089858483,0ecaa5967403d082aa24f35e1b516d23) Generated GUIDs only implemented for interfaces!
 -> (artifact id: 'b3a708253507b5ddb7a98d048d045b56') in 0.055142 seconds
Number of updated asset objects reloaded before import = 0
Number of asset objects unloaded after import = 7
========================================================================
Received Import Request.
  Time since last request: 0.000023 seconds.
  path: Assets/Models/Hexa/Objects/Desert.fbx
  artifactKey: Guid(a025a32516828c34990573f705b51da8) Importer(2089858483,0ecaa5967403d082aa24f35e1b516d23)
Start importing Assets/Models/Hexa/Objects/Desert.fbx using Guid(a025a32516828c34990573f705b51da8) Importer(2089858483,0ecaa5967403d082aa24f35e1b516d23) Generated GUIDs only implemented for interfaces!
 -> (artifact id: 'abf3b409bfcc1fca9d5391454a4c74f9') in 0.056990 seconds
Number of updated asset objects reloaded before import = 0
Number of asset objects unloaded after import = 7
========================================================================
Received Import Request.
  Time since last request: 0.000021 seconds.
  path: Assets/Models/Hexa/Objects/Candy2.fbx
  artifactKey: Guid(c4d5949fad8f91146994bff78a215afd) Importer(2089858483,0ecaa5967403d082aa24f35e1b516d23)
Start importing Assets/Models/Hexa/Objects/Candy2.fbx using Guid(c4d5949fad8f91146994bff78a215afd) Importer(2089858483,0ecaa5967403d082aa24f35e1b516d23) Generated GUIDs only implemented for interfaces!
 -> (artifact id: '945b07b978283870fd716bf9177e10dc') in 0.060679 seconds
Number of updated asset objects reloaded before import = 0
Number of asset objects unloaded after import = 7
========================================================================
Received Import Request.
  Time since last request: 0.000020 seconds.
  path: Assets/Models/Hexa/Hexagons/Hex9.fbx
  artifactKey: Guid(1341def1465b9ee42ab1a58327fc3676) Importer(2089858483,0ecaa5967403d082aa24f35e1b516d23)
Start importing Assets/Models/Hexa/Hexagons/Hex9.fbx using Guid(1341def1465b9ee42ab1a58327fc3676) Importer(2089858483,0ecaa5967403d082aa24f35e1b516d23) Generated GUIDs only implemented for interfaces!
 -> (artifact id: 'ebeb1117f0471deb37154067f9d4cbb9') in 0.056725 seconds
Number of updated asset objects reloaded before import = 0
Number of asset objects unloaded after import = 7
========================================================================
Received Import Request.
  Time since last request: 0.000023 seconds.
  path: Assets/Models/Hexa/Objects/EvilCastle.fbx
  artifactKey: Guid(babdee3501cc4c544857998486e731f4) Importer(2089858483,0ecaa5967403d082aa24f35e1b516d23)
Start importing Assets/Models/Hexa/Objects/EvilCastle.fbx using Guid(babdee3501cc4c544857998486e731f4) Importer(2089858483,0ecaa5967403d082aa24f35e1b516d23) Generated GUIDs only implemented for interfaces!
 -> (artifact id: '185d5b9784ece0ad2999adf00ec86eea') in 0.060043 seconds
Number of updated asset objects reloaded before import = 0
Number of asset objects unloaded after import = 7
========================================================================
Received Import Request.
  Time since last request: 0.000049 seconds.
  path: Assets/Audio/duelist.mp3
  artifactKey: Guid(91101169db502694387a38d243b9052f) Importer(2089858483,0ecaa5967403d082aa24f35e1b516d23)
Start importing Assets/Audio/duelist.mp3 using Guid(91101169db502694387a38d243b9052f) Importer(2089858483,0ecaa5967403d082aa24f35e1b516d23) Generated GUIDs only implemented for interfaces!
 -> (artifact id: '3723d8638686f125463d19ab6a6a93cb') in 0.141914 seconds
Number of updated asset objects reloaded before import = 0
Number of asset objects unloaded after import = 1
========================================================================
Received Import Request.
  Time since last request: 0.000066 seconds.
  path: Assets/Animations/Knight/Animations/Knight@WalkSlow.FBX
  artifactKey: Guid(a39acfe582d0daf45b70f5428e4bd241) Importer(2089858483,0ecaa5967403d082aa24f35e1b516d23)
Start importing Assets/Animations/Knight/Animations/Knight@WalkSlow.FBX using Guid(a39acfe582d0daf45b70f5428e4bd241) Importer(2089858483,0ecaa5967403d082aa24f35e1b516d23) Generated GUIDs only implemented for interfaces!
 -> (artifact id: '58540f49ae6b16e62327ef3b67510a21') in 0.090582 seconds
Number of updated asset objects reloaded before import = 0
Number of asset objects unloaded after import = 112
========================================================================
Received Import Request.
  Time since last request: 0.000025 seconds.
  path: Assets/Models/Hexa/Objects/RoadEnd.fbx
  artifactKey: Guid(e80f0d7a06f0d2e4681e3650923cc24f) Importer(2089858483,0ecaa5967403d082aa24f35e1b516d23)
Start importing Assets/Models/Hexa/Objects/RoadEnd.fbx using Guid(e80f0d7a06f0d2e4681e3650923cc24f) Importer(2089858483,0ecaa5967403d082aa24f35e1b516d23) Generated GUIDs only implemented for interfaces!
 -> (artifact id: '0322b17c1a6b7184cedef0fa947032a3') in 0.053685 seconds
Number of updated asset objects reloaded before import = 0
Number of asset objects unloaded after import = 7
========================================================================
Received Import Request.
  Time since last request: 0.000028 seconds.
  path: Assets/Models/Hexa/Objects/PalmTrees.fbx
  artifactKey: Guid(fa4b2ff13c344434b8094e8784f48439) Importer(2089858483,0ecaa5967403d082aa24f35e1b516d23)
Start importing Assets/Models/Hexa/Objects/PalmTrees.fbx using Guid(fa4b2ff13c344434b8094e8784f48439) Importer(2089858483,0ecaa5967403d082aa24f35e1b516d23) Generated GUIDs only implemented for interfaces!
 -> (artifact id: 'd9288583522fc7914874e406c22368b8') in 0.056015 seconds
Number of updated asset objects reloaded before import = 0
Number of asset objects unloaded after import = 7
========================================================================
Received Import Request.
  Time since last request: 0.000021 seconds.
  path: Assets/Models/Hexa/Objects/HellTrees.fbx
  artifactKey: Guid(363747246ac62bc46a1ac8459be93e63) Importer(2089858483,0ecaa5967403d082aa24f35e1b516d23)
Start importing Assets/Models/Hexa/Objects/HellTrees.fbx using Guid(363747246ac62bc46a1ac8459be93e63) Importer(2089858483,0ecaa5967403d082aa24f35e1b516d23) Generated GUIDs only implemented for interfaces!
 -> (artifact id: '8c46f0819cfaaafdf237d626a11fd1fd') in 0.055281 seconds
Number of updated asset objects reloaded before import = 0
Number of asset objects unloaded after import = 7
========================================================================
Received Import Request.
  Time since last request: 0.000021 seconds.
  path: Assets/Models/Hexa/Objects/Pyramids.fbx
  artifactKey: Guid(3fd8a9196474680459c3f3e86e4a1ca0) Importer(2089858483,0ecaa5967403d082aa24f35e1b516d23)
Start importing Assets/Models/Hexa/Objects/Pyramids.fbx using Guid(3fd8a9196474680459c3f3e86e4a1ca0) Importer(2089858483,0ecaa5967403d082aa24f35e1b516d23) Generated GUIDs only implemented for interfaces!
 -> (artifact id: '35493caaad7a9bd57945510a72f8b122') in 0.064826 seconds
Number of updated asset objects reloaded before import = 0
Number of asset objects unloaded after import = 7
========================================================================
Received Import Request.
  Time since last request: 0.000027 seconds.
  path: Assets/Animations/Karate/Animations/Karate@Attack1.FBX
  artifactKey: Guid(ac9975871f6774c44a6c33bf8da40c0c) Importer(2089858483,0ecaa5967403d082aa24f35e1b516d23)
Start importing Assets/Animations/Karate/Animations/Karate@Attack1.FBX using Guid(ac9975871f6774c44a6c33bf8da40c0c) Importer(2089858483,0ecaa5967403d082aa24f35e1b516d23) Generated GUIDs only implemented for interfaces!
 -> (artifact id: '5c04b8ddbb198e20ab2cc09450648b84') in 0.086376 seconds
Number of updated asset objects reloaded before import = 0
Number of asset objects unloaded after import = 112
========================================================================
Received Import Request.
  Time since last request: 0.000028 seconds.
  path: Assets/Prefabs/Character/Ninja Warrior.prefab
  artifactKey: Guid(c4a69e964de31604a9267bcc59bbbc1b) Importer(2089858483,0ecaa5967403d082aa24f35e1b516d23)
Start importing Assets/Prefabs/Character/Ninja Warrior.prefab using Guid(c4a69e964de31604a9267bcc59bbbc1b) Importer(2089858483,0ecaa5967403d082aa24f35e1b516d23) Generated GUIDs only implemented for interfaces!
 -> (artifact id: 'b785b2887e7c7e8cb7e20aa6bb2e820f') in 0.059639 seconds
Number of updated asset objects reloaded before import = 0
Number of asset objects unloaded after import = 129
========================================================================
Received Import Request.
  Time since last request: 0.000029 seconds.
  path: Assets/Models/Hexa/Objects/RoadStraight.fbx
  artifactKey: Guid(389d5010c2746414c8d7802f26578667) Importer(2089858483,0ecaa5967403d082aa24f35e1b516d23)
Start importing Assets/Models/Hexa/Objects/RoadStraight.fbx using Guid(389d5010c2746414c8d7802f26578667) Importer(2089858483,0ecaa5967403d082aa24f35e1b516d23) Generated GUIDs only implemented for interfaces!
 -> (artifact id: 'd95cc39f6ecdec17d57d423cabeb6e61') in 0.059078 seconds
Number of updated asset objects reloaded before import = 0
Number of asset objects unloaded after import = 7
========================================================================
Received Import Request.
  Time since last request: 0.000025 seconds.
  path: Assets/Models/Hexa/Hexagons/Hex24.fbx
  artifactKey: Guid(f2359381d1133ff48b72d11a9238f283) Importer(2089858483,0ecaa5967403d082aa24f35e1b516d23)
Start importing Assets/Models/Hexa/Hexagons/Hex24.fbx using Guid(f2359381d1133ff48b72d11a9238f283) Importer(2089858483,0ecaa5967403d082aa24f35e1b516d23) Generated GUIDs only implemented for interfaces!
 -> (artifact id: '7a4274a513f19fa63b1089c2f5448b55') in 0.049447 seconds
Number of updated asset objects reloaded before import = 0
Number of asset objects unloaded after import = 7
========================================================================
Received Import Request.
  Time since last request: 0.000029 seconds.
  path: Assets/Scripts/Unit/States/UnitDEAD.cs
  artifactKey: Guid(c64332f2812bdd8409365e7fe8126226) Importer(2089858483,0ecaa5967403d082aa24f35e1b516d23)
Start importing Assets/Scripts/Unit/States/UnitDEAD.cs using Guid(c64332f2812bdd8409365e7fe8126226) Importer(2089858483,0ecaa5967403d082aa24f35e1b516d23) Generated GUIDs only implemented for interfaces!
 -> (artifact id: 'bfbba0ff2ee3ccce270b3151699585e7') in 0.017120 seconds
Number of updated asset objects reloaded before import = 0
Number of asset objects unloaded after import = 1
========================================================================
Received Import Request.
  Time since last request: 0.000036 seconds.
  path: Assets/Models/Hexa/Objects/Snowmen.fbx
  artifactKey: Guid(e5521764c522f9b4bb62b1f9687bffad) Importer(2089858483,0ecaa5967403d082aa24f35e1b516d23)
Start importing Assets/Models/Hexa/Objects/Snowmen.fbx using Guid(e5521764c522f9b4bb62b1f9687bffad) Importer(2089858483,0ecaa5967403d082aa24f35e1b516d23) Generated GUIDs only implemented for interfaces!
 -> (artifact id: 'ea8540839508548e3bed190c7652e877') in 0.062030 seconds
Number of updated asset objects reloaded before import = 0
Number of asset objects unloaded after import = 7
========================================================================
Received Import Request.
  Time since last request: 0.000019 seconds.
  path: Assets/Models/Thaleah_PixelFont/Materials/ThaleahFat_TTF.ttf
  artifactKey: Guid(585188cdc4600544eb408bee749e4b3a) Importer(2089858483,0ecaa5967403d082aa24f35e1b516d23)
Start importing Assets/Models/Thaleah_PixelFont/Materials/ThaleahFat_TTF.ttf using Guid(585188cdc4600544eb408bee749e4b3a) Importer(2089858483,0ecaa5967403d082aa24f35e1b516d23) Generated GUIDs only implemented for interfaces!
 -> (artifact id: '2cb286a6a39a382fc8cceba02f4e7314') in 0.067181 seconds
Number of updated asset objects reloaded before import = 0
Number of asset objects unloaded after import = 3
========================================================================
Received Import Request.
  Time since last request: 0.000039 seconds.
  path: Assets/Models/Hexa/Objects/SelectionYellow.fbx
  artifactKey: Guid(38b4a46b3af9ffd4894a9ceaad98ab07) Importer(2089858483,0ecaa5967403d082aa24f35e1b516d23)
Start importing Assets/Models/Hexa/Objects/SelectionYellow.fbx using Guid(38b4a46b3af9ffd4894a9ceaad98ab07) Importer(2089858483,0ecaa5967403d082aa24f35e1b516d23) Generated GUIDs only implemented for interfaces!
 -> (artifact id: 'd246ab20d64748a0fe2835e8ec021095') in 0.075769 seconds
Number of updated asset objects reloaded before import = 0
Number of asset objects unloaded after import = 7
========================================================================
Received Import Request.
  Time since last request: 0.000137 seconds.
  path: Assets/Models/Hexa/Objects/ForestCutDown.fbx
  artifactKey: Guid(33402c7be1d334e4ca6727402135ab21) Importer(2089858483,0ecaa5967403d082aa24f35e1b516d23)
Start importing Assets/Models/Hexa/Objects/ForestCutDown.fbx using Guid(33402c7be1d334e4ca6727402135ab21) Importer(2089858483,0ecaa5967403d082aa24f35e1b516d23) Generated GUIDs only implemented for interfaces!
 -> (artifact id: 'bc523c584eef241e9b4d0dce23e6490f') in 0.074839 seconds
Number of updated asset objects reloaded before import = 0
Number of asset objects unloaded after import = 7
========================================================================
Received Import Request.
  Time since last request: 0.000030 seconds.
  path: Assets/Animations/Sorceress/Animations/Sorceress@Jump.FBX
  artifactKey: Guid(0a6319fac181edb4d82470f123332490) Importer(2089858483,0ecaa5967403d082aa24f35e1b516d23)
Start importing Assets/Animations/Sorceress/Animations/Sorceress@Jump.FBX using Guid(0a6319fac181edb4d82470f123332490) Importer(2089858483,0ecaa5967403d082aa24f35e1b516d23) Generated GUIDs only implemented for interfaces!
 -> (artifact id: '2ea5a0d471ae4f32cf098538dfb80cbd') in 0.144481 seconds
Number of updated asset objects reloaded before import = 0
Number of asset objects unloaded after import = 112
========================================================================
Received Import Request.
  Time since last request: 0.000044 seconds.
  path: Assets/Animations/Swordsman/Animation Controller/Swordsman Warrior Animation Controller.controller
  artifactKey: Guid(3b20c9f8061f25646892a7a25d68c50c) Importer(2089858483,0ecaa5967403d082aa24f35e1b516d23)
Start importing Assets/Animations/Swordsman/Animation Controller/Swordsman Warrior Animation Controller.controller using Guid(3b20c9f8061f25646892a7a25d68c50c) Importer(2089858483,0ecaa5967403d082aa24f35e1b516d23) Generated GUIDs only implemented for interfaces!
 -> (artifact id: '5d7f5d97bec71457f931b2a0d03e63e2') in 0.036569 seconds
Number of updated asset objects reloaded before import = 0
Number of asset objects unloaded after import = 14
========================================================================
Received Import Request.
  Time since last request: 0.000036 seconds.
  path: Assets/Models/Hexa/Hexagons/Hex27.fbx
  artifactKey: Guid(f18add7e66c6e53428c87798c50cf2ae) Importer(2089858483,0ecaa5967403d082aa24f35e1b516d23)
Start importing Assets/Models/Hexa/Hexagons/Hex27.fbx using Guid(f18add7e66c6e53428c87798c50cf2ae) Importer(2089858483,0ecaa5967403d082aa24f35e1b516d23) Generated GUIDs only implemented for interfaces!
 -> (artifact id: '015094685ef0c5513f858eb0ac5ac827') in 0.070680 seconds
Number of updated asset objects reloaded before import = 0
Number of asset objects unloaded after import = 7
========================================================================
Received Import Request.
  Time since last request: 0.000026 seconds.
  path: Assets/Models/Hexa/Hexagons/Hex17.fbx
  artifactKey: Guid(150942d75cdef8e41a71887d3400b4ac) Importer(2089858483,0ecaa5967403d082aa24f35e1b516d23)
Start importing Assets/Models/Hexa/Hexagons/Hex17.fbx using Guid(150942d75cdef8e41a71887d3400b4ac) Importer(2089858483,0ecaa5967403d082aa24f35e1b516d23) Generated GUIDs only implemented for interfaces!
 -> (artifact id: '3465443f668e8a0764e54746af4d5e86') in 0.067067 seconds
Number of updated asset objects reloaded before import = 0
Number of asset objects unloaded after import = 7
========================================================================
Received Import Request.
  Time since last request: 0.000032 seconds.
  path: Assets/Models/Hexa/Hexagons/Hex5.fbx
  artifactKey: Guid(4a24775f9001dee459bd8d96cd04b4f3) Importer(2089858483,0ecaa5967403d082aa24f35e1b516d23)
Start importing Assets/Models/Hexa/Hexagons/Hex5.fbx using Guid(4a24775f9001dee459bd8d96cd04b4f3) Importer(2089858483,0ecaa5967403d082aa24f35e1b516d23) Generated GUIDs only implemented for interfaces!
 -> (artifact id: 'd0fef392f15aa150a946e1268b18bad2') in 0.062528 seconds
Number of updated asset objects reloaded before import = 0
Number of asset objects unloaded after import = 7
========================================================================
Received Import Request.
  Time since last request: 0.000031 seconds.
  path: Assets/Animations/Sorceress/Animations/Sorceress@Run.FBX
  artifactKey: Guid(40ec9eec9b6f5444497b1487ad82d465) Importer(2089858483,0ecaa5967403d082aa24f35e1b516d23)
Start importing Assets/Animations/Sorceress/Animations/Sorceress@Run.FBX using Guid(40ec9eec9b6f5444497b1487ad82d465) Importer(2089858483,0ecaa5967403d082aa24f35e1b516d23) Generated GUIDs only implemented for interfaces!
 -> (artifact id: 'e33a620d84344f9ab20f34c076c1aff3') in 0.107113 seconds
Number of updated asset objects reloaded before import = 0
Number of asset objects unloaded after import = 111
========================================================================
Received Import Request.
  Time since last request: 0.000034 seconds.
  path: Assets/Models/Thaleah_PixelFont/Materials/ThaleahFat.mat
  artifactKey: Guid(43d59b5c638b0664db55f3a4e4d130ef) Importer(2089858483,0ecaa5967403d082aa24f35e1b516d23)
Start importing Assets/Models/Thaleah_PixelFont/Materials/ThaleahFat.mat using Guid(43d59b5c638b0664db55f3a4e4d130ef) Importer(2089858483,0ecaa5967403d082aa24f35e1b516d23) Generated GUIDs only implemented for interfaces!
 -> (artifact id: '39303c7bc6a9a3b74ee55e67a60674a4') in 0.042853 seconds
Number of updated asset objects reloaded before import = 0
Number of asset objects unloaded after import = 2
========================================================================
Received Import Request.
  Time since last request: 0.000026 seconds.
  path: Assets/Scripts/Unit/States/UnitREADY.cs
  artifactKey: Guid(09a000fe73dbd7646960f55e5a5e7903) Importer(2089858483,0ecaa5967403d082aa24f35e1b516d23)
Start importing Assets/Scripts/Unit/States/UnitREADY.cs using Guid(09a000fe73dbd7646960f55e5a5e7903) Importer(2089858483,0ecaa5967403d082aa24f35e1b516d23) Generated GUIDs only implemented for interfaces!
 -> (artifact id: '4a868a5271744c5eddcce0e795a201bc') in 0.023892 seconds
Number of updated asset objects reloaded before import = 0
Number of asset objects unloaded after import = 1
========================================================================
Received Import Request.
  Time since last request: 0.000116 seconds.
  path: Assets/Models/Hexa/Hexagons/Hex19.fbx
  artifactKey: Guid(31048d640905d5a448a723dd7007433e) Importer(2089858483,0ecaa5967403d082aa24f35e1b516d23)
Start importing Assets/Models/Hexa/Hexagons/Hex19.fbx using Guid(31048d640905d5a448a723dd7007433e) Importer(2089858483,0ecaa5967403d082aa24f35e1b516d23) Generated GUIDs only implemented for interfaces!
 -> (artifact id: '570503eb4d31eb0ec29b37138f455ea8') in 0.066663 seconds
Number of updated asset objects reloaded before import = 0
Number of asset objects unloaded after import = 7
========================================================================
Received Import Request.
  Time since last request: 0.000024 seconds.
  path: Assets/Animations/Sorceress/Animations/Sorceress@Stunned.FBX
  artifactKey: Guid(e00ce95c0bff0bf41afd5b76722b72c7) Importer(2089858483,0ecaa5967403d082aa24f35e1b516d23)
Start importing Assets/Animations/Sorceress/Animations/Sorceress@Stunned.FBX using Guid(e00ce95c0bff0bf41afd5b76722b72c7) Importer(2089858483,0ecaa5967403d082aa24f35e1b516d23) Generated GUIDs only implemented for interfaces!
 -> (artifact id: 'a4ffc0c7899e28ff3cb6271e6c0fe958') in 0.102979 seconds
Number of updated asset objects reloaded before import = 0
Number of asset objects unloaded after import = 111
========================================================================
Received Import Request.
  Time since last request: 0.000127 seconds.
  path: Assets/Animations/Mage/Animations/Mage@Attack1.FBX
  artifactKey: Guid(ecf1c9844e13bbe48a8729667efdc143) Importer(2089858483,0ecaa5967403d082aa24f35e1b516d23)
Start importing Assets/Animations/Mage/Animations/Mage@Attack1.FBX using Guid(ecf1c9844e13bbe48a8729667efdc143) Importer(2089858483,0ecaa5967403d082aa24f35e1b516d23) Generated GUIDs only implemented for interfaces!
 -> (artifact id: 'a7bd8d93469fac2a879faa8e73773075') in 0.087975 seconds
Number of updated asset objects reloaded before import = 0
Number of asset objects unloaded after import = 112
========================================================================
Received Import Request.
  Time since last request: 0.000034 seconds.
  path: Assets/Prefabs/Character/Archer Warrior.prefab
  artifactKey: Guid(b0e8c80702d87fb4f9c231b669dcffd3) Importer(2089858483,0ecaa5967403d082aa24f35e1b516d23)
Start importing Assets/Prefabs/Character/Archer Warrior.prefab using Guid(b0e8c80702d87fb4f9c231b669dcffd3) Importer(2089858483,0ecaa5967403d082aa24f35e1b516d23) Generated GUIDs only implemented for interfaces!
 -> (artifact id: '7eb990cfa2a4b02bc73b7c9ba189a488') in 0.048596 seconds
Number of updated asset objects reloaded before import = 0
Number of asset objects unloaded after import = 133
========================================================================
Received Import Request.
  Time since last request: 0.000028 seconds.
  path: Assets/Models/Hexa/Objects/Swamp.fbx
  artifactKey: Guid(30b38218aa154f045b0df6d51bde641d) Importer(2089858483,0ecaa5967403d082aa24f35e1b516d23)
Start importing Assets/Models/Hexa/Objects/Swamp.fbx using Guid(30b38218aa154f045b0df6d51bde641d) Importer(2089858483,0ecaa5967403d082aa24f35e1b516d23) Generated GUIDs only implemented for interfaces!
 -> (artifact id: '1100ec433c8049e27bebd2e4fb5c65e5') in 0.064092 seconds
Number of updated asset objects reloaded before import = 0
Number of asset objects unloaded after import = 7
========================================================================
Received Import Request.
  Time since last request: 0.000021 seconds.
  path: Assets/Scripts/Unit/StatManager.cs
  artifactKey: Guid(9969b3c213a0f9943b485b74a364427c) Importer(2089858483,0ecaa5967403d082aa24f35e1b516d23)
Start importing Assets/Scripts/Unit/StatManager.cs using Guid(9969b3c213a0f9943b485b74a364427c) Importer(2089858483,0ecaa5967403d082aa24f35e1b516d23) Generated GUIDs only implemented for interfaces!
 -> (artifact id: '1efe2d0fd7355d0a3444aa65c785abf3') in 0.022911 seconds
Number of updated asset objects reloaded before import = 0
Number of asset objects unloaded after import = 1
========================================================================
Received Import Request.
  Time since last request: 0.000027 seconds.
  path: Assets/Animations/Crossbow/Animation Controller/Crossbow Warrior Animation Controller.controller
  artifactKey: Guid(f00b16f26057a2e408068ab5d2de2527) Importer(2089858483,0ecaa5967403d082aa24f35e1b516d23)
Start importing Assets/Animations/Crossbow/Animation Controller/Crossbow Warrior Animation Controller.controller using Guid(f00b16f26057a2e408068ab5d2de2527) Importer(2089858483,0ecaa5967403d082aa24f35e1b516d23) Generated GUIDs only implemented for interfaces!
 -> (artifact id: 'd6cd32ccc0ced0a6dbccef3051ae4815') in 0.032913 seconds
Number of updated asset objects reloaded before import = 0
Number of asset objects unloaded after import = 14
========================================================================
Received Import Request.
  Time since last request: 0.000031 seconds.
  path: Assets/Animations/Swordsman/Animations/Swordsman@Idle.FBX
  artifactKey: Guid(e7a422cb608bd3e409aeb5651e68e16d) Importer(2089858483,0ecaa5967403d082aa24f35e1b516d23)
Start importing Assets/Animations/Swordsman/Animations/Swordsman@Idle.FBX using Guid(e7a422cb608bd3e409aeb5651e68e16d) Importer(2089858483,0ecaa5967403d082aa24f35e1b516d23) Generated GUIDs only implemented for interfaces!
 -> (artifact id: 'd0cdf7f34c590eaae570bbef5ba94f76') in 0.094008 seconds
Number of updated asset objects reloaded before import = 0
Number of asset objects unloaded after import = 112
========================================================================
Received Import Request.
  Time since last request: 0.000038 seconds.
  path: Assets/Scripts/Unit/States/UnitMOVE.cs
  artifactKey: Guid(b41e729bb2a1a8f45b26086bcdd79d83) Importer(2089858483,0ecaa5967403d082aa24f35e1b516d23)
Start importing Assets/Scripts/Unit/States/UnitMOVE.cs using Guid(b41e729bb2a1a8f45b26086bcdd79d83) Importer(2089858483,0ecaa5967403d082aa24f35e1b516d23) Generated GUIDs only implemented for interfaces!
 -> (artifact id: '9f4e8dfe113df6134b4aa4f8e6f2788a') in 0.021537 seconds
Number of updated asset objects reloaded before import = 0
Number of asset objects unloaded after import = 1
========================================================================
Received Import Request.
  Time since last request: 0.000044 seconds.
  path: Assets/Models/Hexa/Objects/Castle.fbx
  artifactKey: Guid(60d00613262778e46b8837d66fd34d59) Importer(2089858483,0ecaa5967403d082aa24f35e1b516d23)
Start importing Assets/Models/Hexa/Objects/Castle.fbx using Guid(60d00613262778e46b8837d66fd34d59) Importer(2089858483,0ecaa5967403d082aa24f35e1b516d23) Generated GUIDs only implemented for interfaces!
 -> (artifact id: '81aa7e2a47eea7a9befa1e2cc0439e8f') in 0.069829 seconds
Number of updated asset objects reloaded before import = 0
Number of asset objects unloaded after import = 7
========================================================================
Received Import Request.
  Time since last request: 0.000027 seconds.
  path: Assets/Animations/Knight/Animations/Knight@Jump.FBX
  artifactKey: Guid(b337fd7e329bb3e49b021db435f45693) Importer(2089858483,0ecaa5967403d082aa24f35e1b516d23)
Start importing Assets/Animations/Knight/Animations/Knight@Jump.FBX using Guid(b337fd7e329bb3e49b021db435f45693) Importer(2089858483,0ecaa5967403d082aa24f35e1b516d23) Generated GUIDs only implemented for interfaces!
 -> (artifact id: '3cf33c56ac5b483ebcd88ace525e12f7') in 0.129105 seconds
Number of updated asset objects reloaded before import = 0
Number of asset objects unloaded after import = 113
========================================================================
Received Import Request.
  Time since last request: 0.000022 seconds.
  path: Assets/Animations/Hammer/Animations/Hammer@Idle.FBX
  artifactKey: Guid(3dd34cbfea0638644a75a040873caaaa) Importer(2089858483,0ecaa5967403d082aa24f35e1b516d23)
Start importing Assets/Animations/Hammer/Animations/Hammer@Idle.FBX using Guid(3dd34cbfea0638644a75a040873caaaa) Importer(2089858483,0ecaa5967403d082aa24f35e1b516d23) Generated GUIDs only implemented for interfaces!
 -> (artifact id: '2402815fde1d694bfa3f9fc1fe60fdcc') in 0.092411 seconds
Number of updated asset objects reloaded before import = 0
Number of asset objects unloaded after import = 112
========================================================================
Received Import Request.
  Time since last request: 0.000034 seconds.
  path: Assets/Models/Hexa/Objects/Crops.fbx
  artifactKey: Guid(aa92d7499b0a4b643945a413fc6d6391) Importer(2089858483,0ecaa5967403d082aa24f35e1b516d23)
Start importing Assets/Models/Hexa/Objects/Crops.fbx using Guid(aa92d7499b0a4b643945a413fc6d6391) Importer(2089858483,0ecaa5967403d082aa24f35e1b516d23) Generated GUIDs only implemented for interfaces!
 -> (artifact id: '4a4a05b5ab3d79852a6636c916948eb0') in 0.071648 seconds
Number of updated asset objects reloaded before import = 0
Number of asset objects unloaded after import = 7
========================================================================
Received Import Request.
  Time since last request: 0.000044 seconds.
  path: Assets/Models/Hexa/Objects/GlaciersOnWater.fbx
  artifactKey: Guid(1d59c68e50152a7469718524c718b591) Importer(2089858483,0ecaa5967403d082aa24f35e1b516d23)
Start importing Assets/Models/Hexa/Objects/GlaciersOnWater.fbx using Guid(1d59c68e50152a7469718524c718b591) Importer(2089858483,0ecaa5967403d082aa24f35e1b516d23) Generated GUIDs only implemented for interfaces!
 -> (artifact id: '67bd512d98af293453c09451207308b8') in 0.066708 seconds
Number of updated asset objects reloaded before import = 0
Number of asset objects unloaded after import = 7
========================================================================
Received Import Request.
  Time since last request: 0.000028 seconds.
  path: Assets/Prefabs/Character/Swordsman Warrior.prefab
  artifactKey: Guid(98474833b4f2d9643a6babba392d58dd) Importer(2089858483,0ecaa5967403d082aa24f35e1b516d23)
Start importing Assets/Prefabs/Character/Swordsman Warrior.prefab using Guid(98474833b4f2d9643a6babba392d58dd) Importer(2089858483,0ecaa5967403d082aa24f35e1b516d23) Generated GUIDs only implemented for interfaces!
 -> (artifact id: 'adf8e6411186d779be99f6f8771e51d7') in 0.050779 seconds
Number of updated asset objects reloaded before import = 0
Number of asset objects unloaded after import = 129
========================================================================
Received Import Request.
  Time since last request: 0.000031 seconds.
  path: Assets/Models/Character/Ninja.FBX
  artifactKey: Guid(24bdb7cc7a8d8a745a84df6c531bc19d) Importer(2089858483,0ecaa5967403d082aa24f35e1b516d23)
Start importing Assets/Models/Character/Ninja.FBX using Guid(24bdb7cc7a8d8a745a84df6c531bc19d) Importer(2089858483,0ecaa5967403d082aa24f35e1b516d23) Generated GUIDs only implemented for interfaces!
 -> (artifact id: '57b76302021850207e46d4e5e127dc6a') in 0.070436 seconds
Number of updated asset objects reloaded before import = 0
Number of asset objects unloaded after import = 118
========================================================================
Received Import Request.
  Time since last request: 0.000023 seconds.
  path: Assets/Animations/Spearman/Animations/Spearman@Walk.FBX
  artifactKey: Guid(f174c0fbfd7fbac4d88058c2b0aeb1e4) Importer(2089858483,0ecaa5967403d082aa24f35e1b516d23)
Start importing Assets/Animations/Spearman/Animations/Spearman@Walk.FBX using Guid(f174c0fbfd7fbac4d88058c2b0aeb1e4) Importer(2089858483,0ecaa5967403d082aa24f35e1b516d23) Generated GUIDs only implemented for interfaces!
 -> (artifact id: '3f39b6714c280320aa9a92206300cd65') in 0.090979 seconds
Number of updated asset objects reloaded before import = 0
Number of asset objects unloaded after import = 112
========================================================================
Received Import Request.
  Time since last request: 0.000029 seconds.
  path: Assets/Models/Thaleah_PixelFont/Thaleah_Demo.unity
  artifactKey: Guid(180143f4a57f2124dae57257c95bc10a) Importer(2089858483,0ecaa5967403d082aa24f35e1b516d23)
Start importing Assets/Models/Thaleah_PixelFont/Thaleah_Demo.unity using Guid(180143f4a57f2124dae57257c95bc10a) Importer(2089858483,0ecaa5967403d082aa24f35e1b516d23) Generated GUIDs only implemented for interfaces!
 -> (artifact id: 'e3fb52d5882a4870e9619f323287e135') in 0.016741 seconds
Number of updated asset objects reloaded before import = 0
Number of asset objects unloaded after import = 1
========================================================================
Received Import Request.
  Time since last request: 0.000039 seconds.
  path: Assets/Textures/Sorceress.psd
  artifactKey: Guid(89d5518b59dcb0e41a5f5209cfff71dc) Importer(2089858483,0ecaa5967403d082aa24f35e1b516d23)
Start importing Assets/Textures/Sorceress.psd using Guid(89d5518b59dcb0e41a5f5209cfff71dc) Importer(2089858483,0ecaa5967403d082aa24f35e1b516d23) Generated GUIDs only implemented for interfaces!
 -> (artifact id: 'c95f196919da23bbe0d4c0f39aa148fb') in 0.058473 seconds
Number of updated asset objects reloaded before import = 0
Number of asset objects unloaded after import = 1
========================================================================
Received Import Request.
  Time since last request: 0.000037 seconds.
  path: Assets/Materials/Spearman.mat
  artifactKey: Guid(26a233237f1b0e64f9f81ec5272d508b) Importer(2089858483,0ecaa5967403d082aa24f35e1b516d23)
Start importing Assets/Materials/Spearman.mat using Guid(26a233237f1b0e64f9f81ec5272d508b) Importer(2089858483,0ecaa5967403d082aa24f35e1b516d23) Generated GUIDs only implemented for interfaces!
 -> (artifact id: '52676302375e305a51caaf9c89326abc') in 0.038811 seconds
Number of updated asset objects reloaded before import = 0
Number of asset objects unloaded after import = 2
========================================================================
Received Import Request.
  Time since last request: 0.000021 seconds.
  path: Assets/Materials/HexagonsShared.mat
  artifactKey: Guid(cb35776884d95674f85be456e5d2c655) Importer(2089858483,0ecaa5967403d082aa24f35e1b516d23)
Start importing Assets/Materials/HexagonsShared.mat using Guid(cb35776884d95674f85be456e5d2c655) Importer(2089858483,0ecaa5967403d082aa24f35e1b516d23) Generated GUIDs only implemented for interfaces!
 -> (artifact id: '43ba59d3eb6708d2b1e05d68c84af598') in 0.050829 seconds
Number of updated asset objects reloaded before import = 0
Number of asset objects unloaded after import = 2
========================================================================
Received Import Request.
  Time since last request: 0.000022 seconds.
  path: Assets/Audio/background.mp3
  artifactKey: Guid(bbba0c8b73f58574894421ecbf7df4bf) Importer(2089858483,0ecaa5967403d082aa24f35e1b516d23)
Start importing Assets/Audio/background.mp3 using Guid(bbba0c8b73f58574894421ecbf7df4bf) Importer(2089858483,0ecaa5967403d082aa24f35e1b516d23) Generated GUIDs only implemented for interfaces!
 -> (artifact id: '7ab3729435092081b974eece8cec8389') in 0.749968 seconds
Number of updated asset objects reloaded before import = 0
Number of asset objects unloaded after import = 1
