Using pre-set license
Built from '2022.3/release' branch; Version is '2022.3.20f1 (61c2feb0970d) revision 6406910'; Using compiler version '192829333'; Build Type 'Release'
OS: 'Windows 10  (10.0.19045) 64bit CoreSingleLanguage' Language: 'en' Physical Memory: 8013 MB
BatchMode: 1, IsHumanControllingUs: 0, StartBugReporterOnCrash: 0, Is64bit: 1, IsPro: 1

COMMAND LINE ARGUMENTS:
C:\Program Files\Unity\Hub\Editor\2022.3.20f1\Editor\Unity.exe
-adb2
-batchMode
-noUpm
-name
AssetImportWorker0
-projectPath
D:/Unity Project/Auto Battler Project
-logFile
Logs/AssetImportWorker0.log
-srvPort
54934
Successfully changed project path to: D:/Unity Project/Auto Battler Project
D:/Unity Project/Auto Battler Project
[UnityMemory] Configuration Parameters - Can be set up in boot.config
    "memorysetup-bucket-allocator-granularity=16"
    "memorysetup-bucket-allocator-bucket-count=8"
    "memorysetup-bucket-allocator-block-size=33554432"
    "memorysetup-bucket-allocator-block-count=8"
    "memorysetup-main-allocator-block-size=16777216"
    "memorysetup-thread-allocator-block-size=16777216"
    "memorysetup-gfx-main-allocator-block-size=16777216"
    "memorysetup-gfx-thread-allocator-block-size=16777216"
    "memorysetup-cache-allocator-block-size=4194304"
    "memorysetup-typetree-allocator-block-size=2097152"
    "memorysetup-profiler-bucket-allocator-granularity=16"
    "memorysetup-profiler-bucket-allocator-bucket-count=8"
    "memorysetup-profiler-bucket-allocator-block-size=33554432"
    "memorysetup-profiler-bucket-allocator-block-count=8"
    "memorysetup-profiler-allocator-block-size=16777216"
    "memorysetup-profiler-editor-allocator-block-size=1048576"
    "memorysetup-temp-allocator-size-main=16777216"
    "memorysetup-job-temp-allocator-block-size=2097152"
    "memorysetup-job-temp-allocator-block-size-background=1048576"
    "memorysetup-job-temp-allocator-reduction-small-platforms=262144"
    "memorysetup-allocator-temp-initial-block-size-main=262144"
    "memorysetup-allocator-temp-initial-block-size-worker=262144"
    "memorysetup-temp-allocator-size-background-worker=32768"
    "memorysetup-temp-allocator-size-job-worker=262144"
    "memorysetup-temp-allocator-size-preload-manager=33554432"
    "memorysetup-temp-allocator-size-nav-mesh-worker=65536"
    "memorysetup-temp-allocator-size-audio-worker=65536"
    "memorysetup-temp-allocator-size-cloud-worker=32768"
    "memorysetup-temp-allocator-size-gi-baking-worker=262144"
    "memorysetup-temp-allocator-size-gfx=262144"
Player connection [22580] Host "[IP] 192.168.0.146 [Port] 0 [Flags] 2 [Guid] 1966915447 [EditorId] 1966915447 [Version] 1048832 [Id] WindowsEditor(7,MSI) [Debug] 1 [PackageName] WindowsEditor [ProjectName] Editor" joined multi-casting on [225.0.0.222:54997]...

Player connection [22580] Host "[IP] 192.168.0.146 [Port] 0 [Flags] 2 [Guid] 1966915447 [EditorId] 1966915447 [Version] 1048832 [Id] WindowsEditor(7,MSI) [Debug] 1 [PackageName] WindowsEditor [ProjectName] Editor" joined alternative multi-casting on [225.0.0.222:34997]...

[Physics::Module] Initialized MultithreadedJobDispatcher with 11 workers.
Refreshing native plugins compatible for Editor in 22.23 ms, found 3 plugins.
Preloading 0 native plugins for Editor in 0.00 ms.
Initialize engine version: 2022.3.20f1 (61c2feb0970d)
[Subsystems] Discovering subsystems at path C:/Program Files/Unity/Hub/Editor/2022.3.20f1/Editor/Data/Resources/UnitySubsystems
[Subsystems] Discovering subsystems at path D:/Unity Project/Auto Battler Project/Assets
GfxDevice: creating device client; threaded=0; jobified=0
Direct3D:
    Version:  Direct3D 11.0 [level 11.1]
    Renderer: NVIDIA GeForce GTX 1650 with Max-Q Design (ID=0x1f9d)
    Vendor:   NVIDIA
    VRAM:     3962 MB
    Driver:   30.0.15.1165
Initialize mono
Mono path[0] = 'C:/Program Files/Unity/Hub/Editor/2022.3.20f1/Editor/Data/Managed'
Mono path[1] = 'C:/Program Files/Unity/Hub/Editor/2022.3.20f1/Editor/Data/MonoBleedingEdge/lib/mono/unityjit-win32'
Mono config path = 'C:/Program Files/Unity/Hub/Editor/2022.3.20f1/Editor/Data/MonoBleedingEdge/etc'
Using monoOptions --debugger-agent=transport=dt_socket,embedding=1,server=y,suspend=n,address=127.0.0.1:56732
Begin MonoManager ReloadAssembly
Registering precompiled unity dll's ...
Register platform support module: C:/Program Files/Unity/Hub/Editor/2022.3.20f1/Editor/Data/PlaybackEngines/AndroidPlayer/UnityEditor.Android.Extensions.dll
Register platform support module: C:/Program Files/Unity/Hub/Editor/2022.3.20f1/Editor/Data/PlaybackEngines/WindowsStandaloneSupport/UnityEditor.WindowsStandalone.Extensions.dll
Registered in 0.017708 seconds.
- Loaded All Assemblies, in  0.516 seconds
Native extension for WindowsStandalone target not found
Native extension for Android target not found
Android Extension - Scanning For ADB Devices 1584 ms
Mono: successfully reloaded assembly
- Finished resetting the current domain, in  2.095 seconds
Domain Reload Profiling: 2608ms
	BeginReloadAssembly (168ms)
		ExecutionOrderSort (0ms)
		DisableScriptedObjects (0ms)
		BackupInstance (0ms)
		ReleaseScriptingObjects (0ms)
		CreateAndSetChildDomain (1ms)
	RebuildCommonClasses (45ms)
	RebuildNativeTypeToScriptingClass (14ms)
	initialDomainReloadingComplete (85ms)
	LoadAllAssembliesAndSetupDomain (202ms)
		LoadAssemblies (166ms)
		RebuildTransferFunctionScriptingTraits (0ms)
		AnalyzeDomain (197ms)
			TypeCache.Refresh (196ms)
				TypeCache.ScanAssembly (174ms)
			ScanForSourceGeneratedMonoScriptInfo (1ms)
			ResolveRequiredComponents (1ms)
	FinalizeReload (2095ms)
		ReleaseScriptCaches (0ms)
		RebuildScriptCaches (0ms)
		SetupLoadedEditorAssemblies (2011ms)
			LogAssemblyErrors (0ms)
			InitializePlatformSupportModulesInManaged (1747ms)
			SetLoadedEditorAssemblies (6ms)
			RefreshPlugins (0ms)
			BeforeProcessingInitializeOnLoad (4ms)
			ProcessInitializeOnLoadAttributes (180ms)
			ProcessInitializeOnLoadMethodAttributes (73ms)
			AfterProcessingInitializeOnLoad (0ms)
			EditorAssembliesLoaded (0ms)
		ExecutionOrderSort2 (0ms)
		AwakeInstancesAfterBackupRestoration (0ms)
========================================================================
Worker process is ready to serve import requests
Begin MonoManager ReloadAssembly
- Loaded All Assemblies, in  1.737 seconds
Refreshing native plugins compatible for Editor in 2.99 ms, found 3 plugins.
Native extension for WindowsStandalone target not found
Native extension for Android target not found
Package Manager log level set to [2]
[Package Manager] Server::EnsureServerProcessIsRunning -- launch failed, reason: Unity was launched with the -noUpm command-line argument
[Package Manager] UpmClient::Send -- Unable to send message (not connected to UPM process).
[Package Manager] Cannot connect to Unity Package Manager local server
Mono: successfully reloaded assembly
- Finished resetting the current domain, in  1.158 seconds
Domain Reload Profiling: 2887ms
	BeginReloadAssembly (492ms)
		ExecutionOrderSort (0ms)
		DisableScriptedObjects (9ms)
		BackupInstance (0ms)
		ReleaseScriptingObjects (0ms)
		CreateAndSetChildDomain (37ms)
	RebuildCommonClasses (79ms)
	RebuildNativeTypeToScriptingClass (22ms)
	initialDomainReloadingComplete (96ms)
	LoadAllAssembliesAndSetupDomain (1040ms)
		LoadAssemblies (1056ms)
		RebuildTransferFunctionScriptingTraits (0ms)
		AnalyzeDomain (372ms)
			TypeCache.Refresh (337ms)
				TypeCache.ScanAssembly (303ms)
			ScanForSourceGeneratedMonoScriptInfo (25ms)
			ResolveRequiredComponents (8ms)
	FinalizeReload (1158ms)
		ReleaseScriptCaches (0ms)
		RebuildScriptCaches (0ms)
		SetupLoadedEditorAssemblies (887ms)
			LogAssemblyErrors (0ms)
			InitializePlatformSupportModulesInManaged (50ms)
			SetLoadedEditorAssemblies (6ms)
			RefreshPlugins (0ms)
			BeforeProcessingInitializeOnLoad (161ms)
			ProcessInitializeOnLoadAttributes (617ms)
			ProcessInitializeOnLoadMethodAttributes (35ms)
			AfterProcessingInitializeOnLoad (17ms)
			EditorAssembliesLoaded (1ms)
		ExecutionOrderSort2 (0ms)
		AwakeInstancesAfterBackupRestoration (12ms)
Launched and connected shader compiler UnityShaderCompiler.exe after 0.11 seconds
Refreshing native plugins compatible for Editor in 8.07 ms, found 3 plugins.
Preloading 0 native plugins for Editor in 0.00 ms.
Unloading 3121 Unused Serialized files (Serialized files now loaded: 0)
Unloading 32 unused Assets / (57.6 KB). Loaded Objects now: 3587.
Memory consumption went from 128.8 MB to 128.8 MB.
Total: 40.214300 ms (FindLiveObjects: 2.332200 ms CreateObjectMapping: 1.156200 ms MarkObjects: 26.621200 ms  DeleteObjects: 10.102500 ms)

AssetImportParameters requested are different than current active one (requested -> active):
  custom:container-demuxer-ogg: 62fdf1f143b41e24485cea50d1cbac27 -> 
  custom:video-decoder-ogg-theora: a1e56fd34408186e4bbccfd4996cb3dc -> 
  custom:framework-win-MediaFoundation: 216162199b28c13a410421893ffa2e32 -> 
  custom:CustomObjectIndexerAttribute: 6d391050e5a25f67b0a2c618074f2cd9 -> 
  custom:container-demuxer-webm: 4f35f7cbe854078d1ac9338744f61a02 -> 
  custom:container-muxer-webm: aa71ff27fc2769a1b78a27578f13a17b -> 
  custom:video-decoder-webm-vp8: 9c59270c3fd7afecdb556c50c9e8de78 -> 
  custom:SearchIndexIgnoredProperties: e643bd26f0fe6173181afceb89e7c659 -> 
  custom:AudioImporter_EditorPlatform: d09bf68614088b80899f8185d706f6e7 -> 
  custom:video-encoder-webm-vp8: eb34c28f22e8b96e1ab97ce403110664 -> 
  custom:audio-decoder-ogg-vorbis: bf7c407c2cedff20999df2af8eb42d56 -> 
  custom:audio-encoder-webm-vorbis: bf7c407c2cedff20999df2af8eb42d56 -> 
========================================================================
Received Import Request.
  Time since last request: 97490.240915 seconds.
  path: Assets/Models/Character/Mage.FBX
  artifactKey: Guid(7c72ed3f90575084c9f3b5b585887182) Importer(2089858483,0ecaa5967403d082aa24f35e1b516d23)
Start importing Assets/Models/Character/Mage.FBX using Guid(7c72ed3f90575084c9f3b5b585887182) Importer(2089858483,0ecaa5967403d082aa24f35e1b516d23) Generated GUIDs only implemented for interfaces!
 -> (artifact id: '65d39f6d960e57071fe588b33990412a') in 0.310141 seconds
Number of updated asset objects reloaded before import = 0
Number of asset objects unloaded after import = 118
========================================================================
Received Import Request.
  Time since last request: 0.000050 seconds.
  path: Assets/Materials/Stage/Rock.mat
  artifactKey: Guid(03fce1d65dd15344ea283861fdd1f428) Importer(2089858483,0ecaa5967403d082aa24f35e1b516d23)
Start importing Assets/Materials/Stage/Rock.mat using Guid(03fce1d65dd15344ea283861fdd1f428) Importer(2089858483,0ecaa5967403d082aa24f35e1b516d23) Generated GUIDs only implemented for interfaces!
 -> (artifact id: '51a0fc66f8a4c3972d0a648763fc433d') in 0.095604 seconds
Number of updated asset objects reloaded before import = 0
Number of asset objects unloaded after import = 2
========================================================================
Received Import Request.
  Time since last request: 0.000024 seconds.
  path: Assets/Materials/2Handed.mat
  artifactKey: Guid(67c6985106584cb489a175f22e14c7bb) Importer(2089858483,0ecaa5967403d082aa24f35e1b516d23)
Start importing Assets/Materials/2Handed.mat using Guid(67c6985106584cb489a175f22e14c7bb) Importer(2089858483,0ecaa5967403d082aa24f35e1b516d23) Generated GUIDs only implemented for interfaces!
 -> (artifact id: 'ada5229d693b04220087eeb1fe00b38f') in 0.052413 seconds
Number of updated asset objects reloaded before import = 0
Number of asset objects unloaded after import = 2
========================================================================
Received Import Request.
  Time since last request: 0.000022 seconds.
  path: Assets/Scripts/SRUtil.cs
  artifactKey: Guid(42e5bb11690eb914f960d4aa662b5ce6) Importer(2089858483,0ecaa5967403d082aa24f35e1b516d23)
Start importing Assets/Scripts/SRUtil.cs using Guid(42e5bb11690eb914f960d4aa662b5ce6) Importer(2089858483,0ecaa5967403d082aa24f35e1b516d23) Generated GUIDs only implemented for interfaces!
 -> (artifact id: 'ced39d485ee55f054c8cabdf4ee09610') in 0.021794 seconds
Number of updated asset objects reloaded before import = 0
Number of asset objects unloaded after import = 1
========================================================================
Received Import Request.
  Time since last request: 0.000020 seconds.
  path: Assets/Materials/Karate.mat
  artifactKey: Guid(4e88c250da4576e4da08a761ee2cf703) Importer(2089858483,0ecaa5967403d082aa24f35e1b516d23)
Start importing Assets/Materials/Karate.mat using Guid(4e88c250da4576e4da08a761ee2cf703) Importer(2089858483,0ecaa5967403d082aa24f35e1b516d23) Generated GUIDs only implemented for interfaces!
 -> (artifact id: '6b41b41c419604308bafdacb9dc4b2b8') in 0.048971 seconds
Number of updated asset objects reloaded before import = 0
Number of asset objects unloaded after import = 2
========================================================================
Received Import Request.
  Time since last request: 0.000028 seconds.
  path: Assets/Scripts/TitleMap.cs
  artifactKey: Guid(45831a95254e9f24e9056430574f61c9) Importer(2089858483,0ecaa5967403d082aa24f35e1b516d23)
Start importing Assets/Scripts/TitleMap.cs using Guid(45831a95254e9f24e9056430574f61c9) Importer(2089858483,0ecaa5967403d082aa24f35e1b516d23) Generated GUIDs only implemented for interfaces!
 -> (artifact id: '98509294769f59f8cda5d9422365634b') in 0.017881 seconds
Number of updated asset objects reloaded before import = 0
Number of asset objects unloaded after import = 1
========================================================================
Received Import Request.
  Time since last request: 0.000048 seconds.
  path: Assets/Scripts/Unit/UnitAnimEvent.cs
  artifactKey: Guid(7ed5b49aa773f954486a1f6276918d5e) Importer(2089858483,0ecaa5967403d082aa24f35e1b516d23)
Start importing Assets/Scripts/Unit/UnitAnimEvent.cs using Guid(7ed5b49aa773f954486a1f6276918d5e) Importer(2089858483,0ecaa5967403d082aa24f35e1b516d23) Generated GUIDs only implemented for interfaces!
 -> (artifact id: '30650e0d5342bafd245564144ffad5c4') in 0.020303 seconds
Number of updated asset objects reloaded before import = 0
Number of asset objects unloaded after import = 1
========================================================================
Received Import Request.
  Time since last request: 0.000021 seconds.
  path: Assets/Textures/Knight.psd
  artifactKey: Guid(57ecdac3a99078943babc3ce3b8e95c5) Importer(2089858483,0ecaa5967403d082aa24f35e1b516d23)
Start importing Assets/Textures/Knight.psd using Guid(57ecdac3a99078943babc3ce3b8e95c5) Importer(2089858483,0ecaa5967403d082aa24f35e1b516d23) Generated GUIDs only implemented for interfaces!
 -> (artifact id: 'a3991db0db6f07da0d5433ae09c2ec73') in 0.137135 seconds
Number of updated asset objects reloaded before import = 0
Number of asset objects unloaded after import = 1
========================================================================
Received Import Request.
  Time since last request: 0.000022 seconds.
  path: Assets/Prefabs/Avarta/2Hand.png
  artifactKey: Guid(7d33b13496ab8a94794f20d973fdf5d5) Importer(2089858483,0ecaa5967403d082aa24f35e1b516d23)
Start importing Assets/Prefabs/Avarta/2Hand.png using Guid(7d33b13496ab8a94794f20d973fdf5d5) Importer(2089858483,0ecaa5967403d082aa24f35e1b516d23) Generated GUIDs only implemented for interfaces!
 -> (artifact id: '608624100ea08f8126b7b4e540364285') in 0.071335 seconds
Number of updated asset objects reloaded before import = 0
Number of asset objects unloaded after import = 3
========================================================================
Received Import Request.
  Time since last request: 0.000022 seconds.
  path: Assets/Materials/Brute.mat
  artifactKey: Guid(789dda6706d910446b72fec85fbf3453) Importer(2089858483,0ecaa5967403d082aa24f35e1b516d23)
Start importing Assets/Materials/Brute.mat using Guid(789dda6706d910446b72fec85fbf3453) Importer(2089858483,0ecaa5967403d082aa24f35e1b516d23) Generated GUIDs only implemented for interfaces!
 -> (artifact id: '6306fca945f7683351c14d230bf6269e') in 0.053216 seconds
Number of updated asset objects reloaded before import = 0
Number of asset objects unloaded after import = 2
========================================================================
Received Import Request.
  Time since last request: 0.000037 seconds.
  path: Assets/Scripts/GameManager/GameUIManager.cs
  artifactKey: Guid(1b61970afe006f745be42b3972ca4bc2) Importer(2089858483,0ecaa5967403d082aa24f35e1b516d23)
Start importing Assets/Scripts/GameManager/GameUIManager.cs using Guid(1b61970afe006f745be42b3972ca4bc2) Importer(2089858483,0ecaa5967403d082aa24f35e1b516d23) Generated GUIDs only implemented for interfaces!
 -> (artifact id: 'f6a2abd9b3266aaddd34f0c0bcfa4204') in 0.024275 seconds
Number of updated asset objects reloaded before import = 0
Number of asset objects unloaded after import = 1
========================================================================
Received Import Request.
  Time since last request: 0.000031 seconds.
  path: Assets/Scripts/GameManager/GameWIN.cs
  artifactKey: Guid(f65369e9c15b4864796a9cb0c30a6ee1) Importer(2089858483,0ecaa5967403d082aa24f35e1b516d23)
Start importing Assets/Scripts/GameManager/GameWIN.cs using Guid(f65369e9c15b4864796a9cb0c30a6ee1) Importer(2089858483,0ecaa5967403d082aa24f35e1b516d23) Generated GUIDs only implemented for interfaces!
 -> (artifact id: 'd2542dfaded0b00a259ede7afd7e1516') in 0.020949 seconds
Number of updated asset objects reloaded before import = 0
Number of asset objects unloaded after import = 1
========================================================================
Received Import Request.
  Time since last request: 0.000031 seconds.
  path: Assets/Materials/Knight.mat
  artifactKey: Guid(cc40f1b9a8fbd6642ad5b1f7b08366e7) Importer(2089858483,0ecaa5967403d082aa24f35e1b516d23)
Start importing Assets/Materials/Knight.mat using Guid(cc40f1b9a8fbd6642ad5b1f7b08366e7) Importer(2089858483,0ecaa5967403d082aa24f35e1b516d23) Generated GUIDs only implemented for interfaces!
 -> (artifact id: '112022facd2e2c47706a1d4b84737f2f') in 0.034691 seconds
Number of updated asset objects reloaded before import = 0
Number of asset objects unloaded after import = 2
========================================================================
Received Import Request.
  Time since last request: 0.000028 seconds.
  path: Assets/Models/Character/Archer.FBX
  artifactKey: Guid(6113d0ea44252774db53fa756483807d) Importer(2089858483,0ecaa5967403d082aa24f35e1b516d23)
Start importing Assets/Models/Character/Archer.FBX using Guid(6113d0ea44252774db53fa756483807d) Importer(2089858483,0ecaa5967403d082aa24f35e1b516d23) Generated GUIDs only implemented for interfaces!
 -> (artifact id: 'e300ff7af56701403e64b2846e038799') in 0.070479 seconds
Number of updated asset objects reloaded before import = 0
Number of asset objects unloaded after import = 122
========================================================================
Received Import Request.
  Time since last request: 0.000025 seconds.
  path: Assets/Materials/Swordsman.mat
  artifactKey: Guid(76ebb576ec1d04a41939056baebf3399) Importer(2089858483,0ecaa5967403d082aa24f35e1b516d23)
Start importing Assets/Materials/Swordsman.mat using Guid(76ebb576ec1d04a41939056baebf3399) Importer(2089858483,0ecaa5967403d082aa24f35e1b516d23) Generated GUIDs only implemented for interfaces!
 -> (artifact id: '0d1aef53c5fbe813ee482f0e207fbc21') in 0.037374 seconds
Number of updated asset objects reloaded before import = 0
Number of asset objects unloaded after import = 2
========================================================================
Received Import Request.
  Time since last request: 0.000033 seconds.
  path: Assets/Models/Character/Archer-Arrow.FBX
  artifactKey: Guid(a0d6a56298571f1429658686f72d02d7) Importer(2089858483,0ecaa5967403d082aa24f35e1b516d23)
Start importing Assets/Models/Character/Archer-Arrow.FBX using Guid(a0d6a56298571f1429658686f72d02d7) Importer(2089858483,0ecaa5967403d082aa24f35e1b516d23) Generated GUIDs only implemented for interfaces!
 -> (artifact id: '4e130db0a900c48b543a0338c59605f2') in 0.055528 seconds
Number of updated asset objects reloaded before import = 0
Number of asset objects unloaded after import = 7
========================================================================
Received Import Request.
  Time since last request: 0.000023 seconds.
  path: Assets/Animations/Hammer/Animations/Hammer@Fall.FBX
  artifactKey: Guid(ab6ee2be9ec8f214dbffb850794b6452) Importer(2089858483,0ecaa5967403d082aa24f35e1b516d23)
Start importing Assets/Animations/Hammer/Animations/Hammer@Fall.FBX using Guid(ab6ee2be9ec8f214dbffb850794b6452) Importer(2089858483,0ecaa5967403d082aa24f35e1b516d23) Generated GUIDs only implemented for interfaces!
 -> (artifact id: '28d86caa4b75f0ff749f0a473b787ca2') in 0.096294 seconds
Number of updated asset objects reloaded before import = 0
Number of asset objects unloaded after import = 112
========================================================================
Received Import Request.
  Time since last request: 0.000047 seconds.
  path: Assets/Animations/Hammer/Animations/Hammer@Attack1.FBX
  artifactKey: Guid(c52633ad3251d4841878d77a31df9981) Importer(2089858483,0ecaa5967403d082aa24f35e1b516d23)
Start importing Assets/Animations/Hammer/Animations/Hammer@Attack1.FBX using Guid(c52633ad3251d4841878d77a31df9981) Importer(2089858483,0ecaa5967403d082aa24f35e1b516d23) Generated GUIDs only implemented for interfaces!
 -> (artifact id: '7746807a0c574334ed265c1a0ae07764') in 0.086342 seconds
Number of updated asset objects reloaded before import = 0
Number of asset objects unloaded after import = 112
========================================================================
Received Import Request.
  Time since last request: 0.000022 seconds.
  path: Assets/Animations/Hammer/Animations/Hammer@Jump.FBX
  artifactKey: Guid(44c30ec35f96a9e46839e23b4802f363) Importer(2089858483,0ecaa5967403d082aa24f35e1b516d23)
Start importing Assets/Animations/Hammer/Animations/Hammer@Jump.FBX using Guid(44c30ec35f96a9e46839e23b4802f363) Importer(2089858483,0ecaa5967403d082aa24f35e1b516d23) Generated GUIDs only implemented for interfaces!
 -> (artifact id: '0ff7ff927c5aaf4318d1bf869f6fc92e') in 0.144962 seconds
Number of updated asset objects reloaded before import = 0
Number of asset objects unloaded after import = 113
========================================================================
Received Import Request.
  Time since last request: 0.000025 seconds.
  path: Assets/Prefabs/Character/Karate Warrior.prefab
  artifactKey: Guid(9f99667d4375379408bd10638de087bc) Importer(2089858483,0ecaa5967403d082aa24f35e1b516d23)
Start importing Assets/Prefabs/Character/Karate Warrior.prefab using Guid(9f99667d4375379408bd10638de087bc) Importer(2089858483,0ecaa5967403d082aa24f35e1b516d23) Generated GUIDs only implemented for interfaces!
 -> (artifact id: '65771c9e4162de80d0c5e54c1b2b5812') in 0.061092 seconds
Number of updated asset objects reloaded before import = 0
Number of asset objects unloaded after import = 125
========================================================================
Received Import Request.
  Time since last request: 0.000031 seconds.
  path: Assets/Animations/Crossbow/Animations/Crossbow@Walk.FBX
  artifactKey: Guid(ae10145412a875948a47944d8cd0d4f8) Importer(2089858483,0ecaa5967403d082aa24f35e1b516d23)
Start importing Assets/Animations/Crossbow/Animations/Crossbow@Walk.FBX using Guid(ae10145412a875948a47944d8cd0d4f8) Importer(2089858483,0ecaa5967403d082aa24f35e1b516d23) Generated GUIDs only implemented for interfaces!
 -> (artifact id: '67cd0b01c7df5d033970f06e7df56e36') in 0.083418 seconds
Number of updated asset objects reloaded before import = 0
Number of asset objects unloaded after import = 112
========================================================================
Received Import Request.
  Time since last request: 0.000022 seconds.
  path: Assets/Animations/Karate/Animations/Karate@Idle.FBX
  artifactKey: Guid(1ceb86b296fd2014e9633c67c8539458) Importer(2089858483,0ecaa5967403d082aa24f35e1b516d23)
Start importing Assets/Animations/Karate/Animations/Karate@Idle.FBX using Guid(1ceb86b296fd2014e9633c67c8539458) Importer(2089858483,0ecaa5967403d082aa24f35e1b516d23) Generated GUIDs only implemented for interfaces!
 -> (artifact id: '48a2a02af4307eb8ef09fc790da6bcb1') in 0.077726 seconds
Number of updated asset objects reloaded before import = 0
Number of asset objects unloaded after import = 112
========================================================================
Received Import Request.
  Time since last request: 0.000020 seconds.
  path: Assets/Animations/Karate/Animations/Karate@Walk.FBX
  artifactKey: Guid(6bf9f40fd8f2e094db7e05a84c8e421c) Importer(2089858483,0ecaa5967403d082aa24f35e1b516d23)
Start importing Assets/Animations/Karate/Animations/Karate@Walk.FBX using Guid(6bf9f40fd8f2e094db7e05a84c8e421c) Importer(2089858483,0ecaa5967403d082aa24f35e1b516d23) Generated GUIDs only implemented for interfaces!
 -> (artifact id: '820bba067952c27b98b4ea39e4b45c8b') in 0.078771 seconds
Number of updated asset objects reloaded before import = 0
Number of asset objects unloaded after import = 112
========================================================================
Received Import Request.
  Time since last request: 0.000043 seconds.
  path: Assets/Prefabs/Avarta/Ninja.png
  artifactKey: Guid(43d54ca0ab314854597e694cbbb15de2) Importer(2089858483,0ecaa5967403d082aa24f35e1b516d23)
Start importing Assets/Prefabs/Avarta/Ninja.png using Guid(43d54ca0ab314854597e694cbbb15de2) Importer(2089858483,0ecaa5967403d082aa24f35e1b516d23) Generated GUIDs only implemented for interfaces!
 -> (artifact id: '35d64293ebe432a7672bc5363e13e469') in 0.071030 seconds
Number of updated asset objects reloaded before import = 0
Number of asset objects unloaded after import = 3
========================================================================
Received Import Request.
  Time since last request: 0.000078 seconds.
  path: Assets/Animations/Brute/Animations/Brute@Jump.FBX
  artifactKey: Guid(7d6361bc6c3a91a47a6ae4ffef381b3f) Importer(2089858483,0ecaa5967403d082aa24f35e1b516d23)
Start importing Assets/Animations/Brute/Animations/Brute@Jump.FBX using Guid(7d6361bc6c3a91a47a6ae4ffef381b3f) Importer(2089858483,0ecaa5967403d082aa24f35e1b516d23) Generated GUIDs only implemented for interfaces!
 -> (artifact id: '41261de4a1d3cb94dc2ed79fa2ccbcc3') in 0.147973 seconds
Number of updated asset objects reloaded before import = 0
Number of asset objects unloaded after import = 113
========================================================================
Received Import Request.
  Time since last request: 0.000123 seconds.
  path: Assets/Models/Character/Swordsman.FBX
  artifactKey: Guid(e3942fec22e99384e9cee5aef64adec1) Importer(2089858483,0ecaa5967403d082aa24f35e1b516d23)
Start importing Assets/Models/Character/Swordsman.FBX using Guid(e3942fec22e99384e9cee5aef64adec1) Importer(2089858483,0ecaa5967403d082aa24f35e1b516d23) Generated GUIDs only implemented for interfaces!
 -> (artifact id: '9bbd40ae8c2787f2da8d4063e4963a95') in 0.096044 seconds
Number of updated asset objects reloaded before import = 0
Number of asset objects unloaded after import = 119
========================================================================
Received Import Request.
  Time since last request: 0.000036 seconds.
  path: Assets/Animations/Ninja/Animations/Ninja@Idle.FBX
  artifactKey: Guid(a178bb221d265b9438121289a4c2f10b) Importer(2089858483,0ecaa5967403d082aa24f35e1b516d23)
Start importing Assets/Animations/Ninja/Animations/Ninja@Idle.FBX using Guid(a178bb221d265b9438121289a4c2f10b) Importer(2089858483,0ecaa5967403d082aa24f35e1b516d23) Generated GUIDs only implemented for interfaces!
 -> (artifact id: 'd500a263048e42d25c6eb4b2b7ea00f3') in 0.092258 seconds
Number of updated asset objects reloaded before import = 0
Number of asset objects unloaded after import = 112
========================================================================
Received Import Request.
  Time since last request: 0.000034 seconds.
  path: Assets/Animations/Mage/Animation Controller/Mage Warrior Animation Controller.controller
  artifactKey: Guid(537cff3fb7ebcef4096f3d9aa18a257e) Importer(2089858483,0ecaa5967403d082aa24f35e1b516d23)
Start importing Assets/Animations/Mage/Animation Controller/Mage Warrior Animation Controller.controller using Guid(537cff3fb7ebcef4096f3d9aa18a257e) Importer(2089858483,0ecaa5967403d082aa24f35e1b516d23) Generated GUIDs only implemented for interfaces!
 -> (artifact id: '17c6ef6c74a9ffc464a67704a9aa6144') in 0.034885 seconds
Number of updated asset objects reloaded before import = 0
Number of asset objects unloaded after import = 14
========================================================================
Received Import Request.
  Time since last request: 0.000024 seconds.
  path: Assets/Animations/Mage/Animations/Mage@WalkSlow.FBX
  artifactKey: Guid(f8a66c15787dfb944987231e40cb524c) Importer(2089858483,0ecaa5967403d082aa24f35e1b516d23)
Start importing Assets/Animations/Mage/Animations/Mage@WalkSlow.FBX using Guid(f8a66c15787dfb944987231e40cb524c) Importer(2089858483,0ecaa5967403d082aa24f35e1b516d23) Generated GUIDs only implemented for interfaces!
 -> (artifact id: '49604e96189668ef0092e36b32fe817c') in 0.107405 seconds
Number of updated asset objects reloaded before import = 0
Number of asset objects unloaded after import = 112
========================================================================
Received Import Request.
  Time since last request: 0.000107 seconds.
  path: Assets/Animations/Mage/Animations/Mage@Fall.FBX
  artifactKey: Guid(8ac171a4127ef3d4c888745340c1274f) Importer(2089858483,0ecaa5967403d082aa24f35e1b516d23)
Start importing Assets/Animations/Mage/Animations/Mage@Fall.FBX using Guid(8ac171a4127ef3d4c888745340c1274f) Importer(2089858483,0ecaa5967403d082aa24f35e1b516d23) Generated GUIDs only implemented for interfaces!
 -> (artifact id: '599eb11a04944a1bdc97c1de54e861ae') in 0.109157 seconds
Number of updated asset objects reloaded before import = 0
Number of asset objects unloaded after import = 112
========================================================================
Received Import Request.
  Time since last request: 0.000029 seconds.
  path: Assets/Prefabs/Map/Base.prefab
  artifactKey: Guid(e863278a5af55564e9bbd23977ffe65c) Importer(2089858483,0ecaa5967403d082aa24f35e1b516d23)
Start importing Assets/Prefabs/Map/Base.prefab using Guid(e863278a5af55564e9bbd23977ffe65c) Importer(2089858483,0ecaa5967403d082aa24f35e1b516d23) Generated GUIDs only implemented for interfaces!
 -> (artifact id: '23c697f6071a8d8cca739da21877014b') in 0.035799 seconds
Number of updated asset objects reloaded before import = 0
Number of asset objects unloaded after import = 7
========================================================================
Received Import Request.
  Time since last request: 0.000031 seconds.
  path: Assets/Prefabs/Character/Hammer Warrior.prefab
  artifactKey: Guid(1f0406ed2b3e96f40ae51101a101f31a) Importer(2089858483,0ecaa5967403d082aa24f35e1b516d23)
Start importing Assets/Prefabs/Character/Hammer Warrior.prefab using Guid(1f0406ed2b3e96f40ae51101a101f31a) Importer(2089858483,0ecaa5967403d082aa24f35e1b516d23) Generated GUIDs only implemented for interfaces!
 -> (artifact id: '59eea37b36f13f4933975ed35936dcd8') in 0.045826 seconds
Number of updated asset objects reloaded before import = 0
Number of asset objects unloaded after import = 131
========================================================================
Received Import Request.
  Time since last request: 0.000029 seconds.
  path: Assets/Animations/Ninja/Animations/Ninja@Fall.FBX
  artifactKey: Guid(270e1a5a1c864ad41a8f1975302250e0) Importer(2089858483,0ecaa5967403d082aa24f35e1b516d23)
Start importing Assets/Animations/Ninja/Animations/Ninja@Fall.FBX using Guid(270e1a5a1c864ad41a8f1975302250e0) Importer(2089858483,0ecaa5967403d082aa24f35e1b516d23) Generated GUIDs only implemented for interfaces!
 -> (artifact id: '1a8f3e4d4189d4f54d11c693c3b22b64') in 0.096024 seconds
Number of updated asset objects reloaded before import = 0
Number of asset objects unloaded after import = 112
========================================================================
Received Import Request.
  Time since last request: 0.000021 seconds.
  path: Assets/Animations/Swordsman/Animations/Swordsman@Jump.FBX
  artifactKey: Guid(37a7fb7f208613048afcfc713dc0a4e9) Importer(2089858483,0ecaa5967403d082aa24f35e1b516d23)
Start importing Assets/Animations/Swordsman/Animations/Swordsman@Jump.FBX using Guid(37a7fb7f208613048afcfc713dc0a4e9) Importer(2089858483,0ecaa5967403d082aa24f35e1b516d23) Generated GUIDs only implemented for interfaces!
 -> (artifact id: 'ae5bea2067cb5eb3f9f51add965bbe4f') in 0.133064 seconds
Number of updated asset objects reloaded before import = 0
Number of asset objects unloaded after import = 113
========================================================================
Received Import Request.
  Time since last request: 0.000091 seconds.
  path: Assets/Audio/Warrior.mp3
  artifactKey: Guid(738d8dc5ef733cd4ab8c7b571553f2ba) Importer(2089858483,0ecaa5967403d082aa24f35e1b516d23)
Start importing Assets/Audio/Warrior.mp3 using Guid(738d8dc5ef733cd4ab8c7b571553f2ba) Importer(2089858483,0ecaa5967403d082aa24f35e1b516d23) Generated GUIDs only implemented for interfaces!
 -> (artifact id: 'fd99e6cc7fb42f30759058e914ca9d87') in 0.192746 seconds
Number of updated asset objects reloaded before import = 0
Number of asset objects unloaded after import = 1
========================================================================
Received Import Request.
  Time since last request: 0.000034 seconds.
  path: Assets/Models/Character/Spearman.FBX
  artifactKey: Guid(ec9ce9573683d684aa75013daec3884d) Importer(2089858483,0ecaa5967403d082aa24f35e1b516d23)
Start importing Assets/Models/Character/Spearman.FBX using Guid(ec9ce9573683d684aa75013daec3884d) Importer(2089858483,0ecaa5967403d082aa24f35e1b516d23) Generated GUIDs only implemented for interfaces!
 -> (artifact id: '56fc0377284d214a0c4e89c0b0baf763') in 0.088190 seconds
Number of updated asset objects reloaded before import = 0
Number of asset objects unloaded after import = 119
========================================================================
Received Import Request.
  Time since last request: 0.000030 seconds.
  path: Assets/Scripts/GameManager/GameRUN.cs
  artifactKey: Guid(eef4ce58ac093dd45982f090b987557a) Importer(2089858483,0ecaa5967403d082aa24f35e1b516d23)
Start importing Assets/Scripts/GameManager/GameRUN.cs using Guid(eef4ce58ac093dd45982f090b987557a) Importer(2089858483,0ecaa5967403d082aa24f35e1b516d23) Generated GUIDs only implemented for interfaces!
 -> (artifact id: 'f730d56cfbd6ce394fb6573f645535e7') in 0.020872 seconds
Number of updated asset objects reloaded before import = 0
Number of asset objects unloaded after import = 1
========================================================================
Received Import Request.
  Time since last request: 0.000028 seconds.
  path: Assets/Prefabs/Avarta/Hammer.png
  artifactKey: Guid(e5bb008f816ee0145bb976718a76778c) Importer(2089858483,0ecaa5967403d082aa24f35e1b516d23)
Start importing Assets/Prefabs/Avarta/Hammer.png using Guid(e5bb008f816ee0145bb976718a76778c) Importer(2089858483,0ecaa5967403d082aa24f35e1b516d23) Generated GUIDs only implemented for interfaces!
 -> (artifact id: '98c430a6cdf560ecc99776324aea2251') in 0.064531 seconds
Number of updated asset objects reloaded before import = 0
Number of asset objects unloaded after import = 3
========================================================================
Received Import Request.
  Time since last request: 0.000059 seconds.
  path: Assets/Models/Hexa/Hexagons/Hex18.fbx
  artifactKey: Guid(71cd1ad80b827b441897f13882a924f9) Importer(2089858483,0ecaa5967403d082aa24f35e1b516d23)
Start importing Assets/Models/Hexa/Hexagons/Hex18.fbx using Guid(71cd1ad80b827b441897f13882a924f9) Importer(2089858483,0ecaa5967403d082aa24f35e1b516d23) Generated GUIDs only implemented for interfaces!
 -> (artifact id: 'cb0bb25da8aad258e9ba3803deb4655a') in 0.056028 seconds
Number of updated asset objects reloaded before import = 0
Number of asset objects unloaded after import = 7
========================================================================
Received Import Request.
  Time since last request: 0.000021 seconds.
  path: Assets/Models/Hexa/Hexagons/Hex10.fbx
  artifactKey: Guid(a415174bfd1c4214c8fa8a3dd313aba6) Importer(2089858483,0ecaa5967403d082aa24f35e1b516d23)
Start importing Assets/Models/Hexa/Hexagons/Hex10.fbx using Guid(a415174bfd1c4214c8fa8a3dd313aba6) Importer(2089858483,0ecaa5967403d082aa24f35e1b516d23) Generated GUIDs only implemented for interfaces!
 -> (artifact id: '96eec78640b034af2d0b40c4836b276c') in 0.058570 seconds
Number of updated asset objects reloaded before import = 0
Number of asset objects unloaded after import = 7
========================================================================
Received Import Request.
  Time since last request: 0.000029 seconds.
  path: Assets/Audio/background1.mp3
  artifactKey: Guid(b51df3ff51a9a9f43bab9b5bfbe09d8a) Importer(2089858483,0ecaa5967403d082aa24f35e1b516d23)
Start importing Assets/Audio/background1.mp3 using Guid(b51df3ff51a9a9f43bab9b5bfbe09d8a) Importer(2089858483,0ecaa5967403d082aa24f35e1b516d23) Generated GUIDs only implemented for interfaces!
 -> (artifact id: '23cabd0403a178084f28df1895c9f60c') in 2.251681 seconds
Number of updated asset objects reloaded before import = 0
Number of asset objects unloaded after import = 1
========================================================================
Received Import Request.
  Time since last request: 0.000031 seconds.
  path: Assets/Models/Thaleah_PixelFont/Materials/ThaleahFat.png
  artifactKey: Guid(0ac691dd25a276d468ee89cf1948229d) Importer(2089858483,0ecaa5967403d082aa24f35e1b516d23)
Start importing Assets/Models/Thaleah_PixelFont/Materials/ThaleahFat.png using Guid(0ac691dd25a276d468ee89cf1948229d) Importer(2089858483,0ecaa5967403d082aa24f35e1b516d23) Generated GUIDs only implemented for interfaces!
 -> (artifact id: 'a7937174bd0f670b55319b13ddf86a57') in 0.073590 seconds
Number of updated asset objects reloaded before import = 0
Number of asset objects unloaded after import = 1
========================================================================
Received Import Request.
  Time since last request: 0.000038 seconds.
  path: Assets/Models/Hexa/Hexagons/DigSite.fbx
  artifactKey: Guid(b066cbce47052904ebb41e4a1dc0b4da) Importer(2089858483,0ecaa5967403d082aa24f35e1b516d23)
Start importing Assets/Models/Hexa/Hexagons/DigSite.fbx using Guid(b066cbce47052904ebb41e4a1dc0b4da) Importer(2089858483,0ecaa5967403d082aa24f35e1b516d23) Generated GUIDs only implemented for interfaces!
 -> (artifact id: '1ad580c99745b1221900f8e5cdcb8988') in 0.073325 seconds
Number of updated asset objects reloaded before import = 0
Number of asset objects unloaded after import = 7
========================================================================
Received Import Request.
  Time since last request: 0.000024 seconds.
  path: Assets/Textures/Stage/Stage/Rock.psd
  artifactKey: Guid(8a66cc0dee0e31448aa4e5faa6890dad) Importer(2089858483,0ecaa5967403d082aa24f35e1b516d23)
Start importing Assets/Textures/Stage/Stage/Rock.psd using Guid(8a66cc0dee0e31448aa4e5faa6890dad) Importer(2089858483,0ecaa5967403d082aa24f35e1b516d23) Generated GUIDs only implemented for interfaces!
 -> (artifact id: 'a1b281ef303a0b957bde44b4ef645645') in 0.074846 seconds
Number of updated asset objects reloaded before import = 0
Number of asset objects unloaded after import = 1
========================================================================
Received Import Request.
  Time since last request: 0.000023 seconds.
  path: Assets/Models/Hexa/Objects/Forest2.fbx
  artifactKey: Guid(30b8fddb9d59fdc4482ca80c2650ea55) Importer(2089858483,0ecaa5967403d082aa24f35e1b516d23)
Start importing Assets/Models/Hexa/Objects/Forest2.fbx using Guid(30b8fddb9d59fdc4482ca80c2650ea55) Importer(2089858483,0ecaa5967403d082aa24f35e1b516d23) Generated GUIDs only implemented for interfaces!
 -> (artifact id: 'b7d12cf5fc3a277fba5ea95ffa8a1d3f') in 0.064884 seconds
Number of updated asset objects reloaded before import = 0
Number of asset objects unloaded after import = 7
========================================================================
Received Import Request.
  Time since last request: 0.000090 seconds.
  path: Assets/Animations/Spearman/Animations/Spearman@Run.FBX
  artifactKey: Guid(84015e646677f4f489536114019dcfcb) Importer(2089858483,0ecaa5967403d082aa24f35e1b516d23)
Start importing Assets/Animations/Spearman/Animations/Spearman@Run.FBX using Guid(84015e646677f4f489536114019dcfcb) Importer(2089858483,0ecaa5967403d082aa24f35e1b516d23) Generated GUIDs only implemented for interfaces!
 -> (artifact id: 'cbe7e555b97c51080a8ba2474078300e') in 0.114730 seconds
Number of updated asset objects reloaded before import = 0
Number of asset objects unloaded after import = 112
========================================================================
Received Import Request.
  Time since last request: 0.000035 seconds.
  path: Assets/Models/Hexa/Hexagons/Hex21.fbx
  artifactKey: Guid(396774c0224816440b63acd8e0b85d94) Importer(2089858483,0ecaa5967403d082aa24f35e1b516d23)
Start importing Assets/Models/Hexa/Hexagons/Hex21.fbx using Guid(396774c0224816440b63acd8e0b85d94) Importer(2089858483,0ecaa5967403d082aa24f35e1b516d23) Generated GUIDs only implemented for interfaces!
 -> (artifact id: '360a31a8496174252cb18a8b1cb96d5c') in 0.064976 seconds
Number of updated asset objects reloaded before import = 0
Number of asset objects unloaded after import = 7
========================================================================
Received Import Request.
  Time since last request: 0.000026 seconds.
  path: Assets/Models/Hexa/Hexagons/HellLake.fbx
  artifactKey: Guid(038e543775141b64bb28e77bb24c9c1c) Importer(2089858483,0ecaa5967403d082aa24f35e1b516d23)
Start importing Assets/Models/Hexa/Hexagons/HellLake.fbx using Guid(038e543775141b64bb28e77bb24c9c1c) Importer(2089858483,0ecaa5967403d082aa24f35e1b516d23) Generated GUIDs only implemented for interfaces!
 -> (artifact id: '1781d2d5e1e036fa9015f22ee3668469') in 0.067219 seconds
Number of updated asset objects reloaded before import = 0
Number of asset objects unloaded after import = 7
========================================================================
Received Import Request.
  Time since last request: 0.000038 seconds.
  path: Assets/Models/Hexa/Objects/RoadRoundabout.fbx
  artifactKey: Guid(9506a8b63914f464d8847b4808103f22) Importer(2089858483,0ecaa5967403d082aa24f35e1b516d23)
Start importing Assets/Models/Hexa/Objects/RoadRoundabout.fbx using Guid(9506a8b63914f464d8847b4808103f22) Importer(2089858483,0ecaa5967403d082aa24f35e1b516d23) Generated GUIDs only implemented for interfaces!
 -> (artifact id: '3641068ff1584cb1d70b5c3c6026e329') in 0.067772 seconds
Number of updated asset objects reloaded before import = 0
Number of asset objects unloaded after import = 7
========================================================================
Received Import Request.
  Time since last request: 0.000023 seconds.
  path: Assets/Animations/Ninja/Animations/Ninja@Jump.FBX
  artifactKey: Guid(2c09e782d3065fc44ae6b4e075d30648) Importer(2089858483,0ecaa5967403d082aa24f35e1b516d23)
Start importing Assets/Animations/Ninja/Animations/Ninja@Jump.FBX using Guid(2c09e782d3065fc44ae6b4e075d30648) Importer(2089858483,0ecaa5967403d082aa24f35e1b516d23) Generated GUIDs only implemented for interfaces!
 -> (artifact id: 'cf222cc5d5b6efeb55572fe2cd87149c') in 0.126320 seconds
Number of updated asset objects reloaded before import = 0
Number of asset objects unloaded after import = 113
========================================================================
Received Import Request.
  Time since last request: 0.000026 seconds.
  path: Assets/Models/Hexa/Hexagons/Hex12.fbx
  artifactKey: Guid(a594cd8ba6e867f4699aa3d16d755581) Importer(2089858483,0ecaa5967403d082aa24f35e1b516d23)
Start importing Assets/Models/Hexa/Hexagons/Hex12.fbx using Guid(a594cd8ba6e867f4699aa3d16d755581) Importer(2089858483,0ecaa5967403d082aa24f35e1b516d23) Generated GUIDs only implemented for interfaces!
 -> (artifact id: 'd54949601e507ad42ad782d21923084b') in 0.062818 seconds
Number of updated asset objects reloaded before import = 0
Number of asset objects unloaded after import = 7
========================================================================
Received Import Request.
  Time since last request: 0.000035 seconds.
  path: Assets/Materials/Stage/Hexa/HexagonsShared.mat
  artifactKey: Guid(cf051fba995609b459f0eb4baf4bb478) Importer(2089858483,0ecaa5967403d082aa24f35e1b516d23)
Start importing Assets/Materials/Stage/Hexa/HexagonsShared.mat using Guid(cf051fba995609b459f0eb4baf4bb478) Importer(2089858483,0ecaa5967403d082aa24f35e1b516d23) Generated GUIDs only implemented for interfaces!
 -> (artifact id: 'dd669ab3b6b828a0f755fe25079ace28') in 0.040567 seconds
Number of updated asset objects reloaded before import = 0
Number of asset objects unloaded after import = 2
========================================================================
Received Import Request.
  Time since last request: 0.000022 seconds.
  path: Assets/Models/Hexa/Objects/Town.fbx
  artifactKey: Guid(cb4eccc9f4c069044b0526dfc89cf901) Importer(2089858483,0ecaa5967403d082aa24f35e1b516d23)
Start importing Assets/Models/Hexa/Objects/Town.fbx using Guid(cb4eccc9f4c069044b0526dfc89cf901) Importer(2089858483,0ecaa5967403d082aa24f35e1b516d23) Generated GUIDs only implemented for interfaces!
 -> (artifact id: '9dec92108bf68a442e911d8d2b460085') in 0.059830 seconds
Number of updated asset objects reloaded before import = 0
Number of asset objects unloaded after import = 7
========================================================================
Received Import Request.
  Time since last request: 0.000027 seconds.
  path: Assets/Textures/2Handed.psd
  artifactKey: Guid(53e71cc60705d4a49ad71768851612fe) Importer(2089858483,0ecaa5967403d082aa24f35e1b516d23)
Start importing Assets/Textures/2Handed.psd using Guid(53e71cc60705d4a49ad71768851612fe) Importer(2089858483,0ecaa5967403d082aa24f35e1b516d23) Generated GUIDs only implemented for interfaces!
 -> (artifact id: '723d143dbd4aea7131c9e4f3169dc108') in 0.072313 seconds
Number of updated asset objects reloaded before import = 0
Number of asset objects unloaded after import = 1
========================================================================
Received Import Request.
  Time since last request: 0.000025 seconds.
  path: Assets/Materials/Sorceress.mat
  artifactKey: Guid(b214cd353f2ca524fbffd040bb0465f9) Importer(2089858483,0ecaa5967403d082aa24f35e1b516d23)
Start importing Assets/Materials/Sorceress.mat using Guid(b214cd353f2ca524fbffd040bb0465f9) Importer(2089858483,0ecaa5967403d082aa24f35e1b516d23) Generated GUIDs only implemented for interfaces!
 -> (artifact id: '6c49dabea45a98a708f5f68bc86ea239') in 0.024720 seconds
Number of updated asset objects reloaded before import = 0
Number of asset objects unloaded after import = 2
========================================================================
Received Import Request.
  Time since last request: 0.000080 seconds.
  path: Assets/Textures/Stage/Hexa/HexagonsShared.png
  artifactKey: Guid(3c9ddbf33d21b404fba476535adde435) Importer(2089858483,0ecaa5967403d082aa24f35e1b516d23)
Start importing Assets/Textures/Stage/Hexa/HexagonsShared.png using Guid(3c9ddbf33d21b404fba476535adde435) Importer(2089858483,0ecaa5967403d082aa24f35e1b516d23) Generated GUIDs only implemented for interfaces!
 -> (artifact id: '9a889a46191ba969b5181f347b9952a9') in 0.065049 seconds
Number of updated asset objects reloaded before import = 0
Number of asset objects unloaded after import = 1
========================================================================
Received Import Request.
  Time since last request: 0.000027 seconds.
  path: Assets/PauseGame.cs
  artifactKey: Guid(49875249ebba9b341832780be844bb3a) Importer(2089858483,0ecaa5967403d082aa24f35e1b516d23)
Start importing Assets/PauseGame.cs using Guid(49875249ebba9b341832780be844bb3a) Importer(2089858483,0ecaa5967403d082aa24f35e1b516d23) Generated GUIDs only implemented for interfaces!
 -> (artifact id: '059e13c88955eadd5ec225b9c020e2ae') in 0.026414 seconds
Number of updated asset objects reloaded before import = 0
Number of asset objects unloaded after import = 1
========================================================================
Received Import Request.
  Time since last request: 0.000036 seconds.
  path: Assets/Scripts/Unit/States/UnitIDLE.cs
  artifactKey: Guid(b1048a0b0d90fc04199eab8521b22df3) Importer(2089858483,0ecaa5967403d082aa24f35e1b516d23)
Start importing Assets/Scripts/Unit/States/UnitIDLE.cs using Guid(b1048a0b0d90fc04199eab8521b22df3) Importer(2089858483,0ecaa5967403d082aa24f35e1b516d23) Generated GUIDs only implemented for interfaces!
 -> (artifact id: '5ee582286ab3be2a1f5eb63eaad0eb4a') in 0.023068 seconds
Number of updated asset objects reloaded before import = 0
Number of asset objects unloaded after import = 1
========================================================================
Received Import Request.
  Time since last request: 0.000029 seconds.
  path: Assets/Models/Hexa/Objects/HellSpikes.fbx
  artifactKey: Guid(f77157ff8b3b15c40b45b76ceb09fbcc) Importer(2089858483,0ecaa5967403d082aa24f35e1b516d23)
Start importing Assets/Models/Hexa/Objects/HellSpikes.fbx using Guid(f77157ff8b3b15c40b45b76ceb09fbcc) Importer(2089858483,0ecaa5967403d082aa24f35e1b516d23) Generated GUIDs only implemented for interfaces!
 -> (artifact id: '17223c1d26932b592b3391236bbfc822') in 0.069050 seconds
Number of updated asset objects reloaded before import = 0
Number of asset objects unloaded after import = 7
========================================================================
Received Import Request.
  Time since last request: 0.000092 seconds.
  path: Assets/Models/Hexa/Hexagons/Hex28.fbx
  artifactKey: Guid(afea607c0ddd7564e84d074e1879e2b5) Importer(2089858483,0ecaa5967403d082aa24f35e1b516d23)
Start importing Assets/Models/Hexa/Hexagons/Hex28.fbx using Guid(afea607c0ddd7564e84d074e1879e2b5) Importer(2089858483,0ecaa5967403d082aa24f35e1b516d23) Generated GUIDs only implemented for interfaces!
 -> (artifact id: '53e81643a45b04f41461b148b2819785') in 0.058629 seconds
Number of updated asset objects reloaded before import = 0
Number of asset objects unloaded after import = 7
========================================================================
Received Import Request.
  Time since last request: 0.000037 seconds.
  path: Assets/Prefabs/Avarta/Knight.png
  artifactKey: Guid(f29e3bd855bc86642bdd303656799628) Importer(2089858483,0ecaa5967403d082aa24f35e1b516d23)
Start importing Assets/Prefabs/Avarta/Knight.png using Guid(f29e3bd855bc86642bdd303656799628) Importer(2089858483,0ecaa5967403d082aa24f35e1b516d23) Generated GUIDs only implemented for interfaces!
 -> (artifact id: 'a8d32b25ced40c54ad6f9c4a1d830074') in 0.074158 seconds
Number of updated asset objects reloaded before import = 0
Number of asset objects unloaded after import = 3
========================================================================
Received Import Request.
  Time since last request: 0.000029 seconds.
  path: Assets/Models/Character/Crossbow-Hair.FBX
  artifactKey: Guid(c34be88511ae3654d9156bb02af0d783) Importer(2089858483,0ecaa5967403d082aa24f35e1b516d23)
Start importing Assets/Models/Character/Crossbow-Hair.FBX using Guid(c34be88511ae3654d9156bb02af0d783) Importer(2089858483,0ecaa5967403d082aa24f35e1b516d23) Generated GUIDs only implemented for interfaces!
 -> (artifact id: '8a3a9ac5a354547b42765581d65687e8') in 0.059908 seconds
Number of updated asset objects reloaded before import = 0
Number of asset objects unloaded after import = 18
========================================================================
Received Import Request.
  Time since last request: 0.000085 seconds.
  path: Assets/Animations/Spearman/Animation Controller/Spearman Warrior Animation Controller.controller
  artifactKey: Guid(7dda4b9894d0a6a428d891bbec8decf5) Importer(2089858483,0ecaa5967403d082aa24f35e1b516d23)
Start importing Assets/Animations/Spearman/Animation Controller/Spearman Warrior Animation Controller.controller using Guid(7dda4b9894d0a6a428d891bbec8decf5) Importer(2089858483,0ecaa5967403d082aa24f35e1b516d23) Generated GUIDs only implemented for interfaces!
 -> (artifact id: '2b195b118a77d605119fb4fe2a4a13d3') in 0.029975 seconds
Number of updated asset objects reloaded before import = 0
Number of asset objects unloaded after import = 14
========================================================================
Received Import Request.
  Time since last request: 0.000024 seconds.
  path: Assets/Models/Hexa/Objects/RockyEdge.fbx
  artifactKey: Guid(f2d0288fa3d281746a6f4494b54431ae) Importer(2089858483,0ecaa5967403d082aa24f35e1b516d23)
Start importing Assets/Models/Hexa/Objects/RockyEdge.fbx using Guid(f2d0288fa3d281746a6f4494b54431ae) Importer(2089858483,0ecaa5967403d082aa24f35e1b516d23) Generated GUIDs only implemented for interfaces!
 -> (artifact id: '11f02aad9530397986a12509ba701dca') in 0.074708 seconds
Number of updated asset objects reloaded before import = 0
Number of asset objects unloaded after import = 7
========================================================================
Received Import Request.
  Time since last request: 0.000028 seconds.
  path: Assets/Models/Hexa/Objects/Forest.fbx
  artifactKey: Guid(26be381455f4a274c8688dd8ff4f5893) Importer(2089858483,0ecaa5967403d082aa24f35e1b516d23)
Start importing Assets/Models/Hexa/Objects/Forest.fbx using Guid(26be381455f4a274c8688dd8ff4f5893) Importer(2089858483,0ecaa5967403d082aa24f35e1b516d23) Generated GUIDs only implemented for interfaces!
 -> (artifact id: 'cc60a2f04f855ef442d80d72bf25ab27') in 0.074932 seconds
Number of updated asset objects reloaded before import = 0
Number of asset objects unloaded after import = 7
========================================================================
Received Import Request.
  Time since last request: 0.000030 seconds.
  path: Assets/Models/Hexa/Objects/SnowyForest.fbx
  artifactKey: Guid(cc1ce4a5dea32ed468e94f11f637f10f) Importer(2089858483,0ecaa5967403d082aa24f35e1b516d23)
Start importing Assets/Models/Hexa/Objects/SnowyForest.fbx using Guid(cc1ce4a5dea32ed468e94f11f637f10f) Importer(2089858483,0ecaa5967403d082aa24f35e1b516d23) Generated GUIDs only implemented for interfaces!
 -> (artifact id: '692abafd8ca06182b027ef401c3277fa') in 0.068419 seconds
Number of updated asset objects reloaded before import = 0
Number of asset objects unloaded after import = 7
========================================================================
Received Import Request.
  Time since last request: 0.000027 seconds.
  path: Assets/AudioManager.cs
  artifactKey: Guid(20aebe27c3e73bc41b6df3f1e2380dc3) Importer(2089858483,0ecaa5967403d082aa24f35e1b516d23)
Start importing Assets/AudioManager.cs using Guid(20aebe27c3e73bc41b6df3f1e2380dc3) Importer(2089858483,0ecaa5967403d082aa24f35e1b516d23) Generated GUIDs only implemented for interfaces!
 -> (artifact id: 'b8cdbd11efb2faadbd653d0a62934e71') in 0.022853 seconds
Number of updated asset objects reloaded before import = 0
Number of asset objects unloaded after import = 1
========================================================================
Received Import Request.
  Time since last request: 0.000111 seconds.
  path: Assets/Textures/Stage/Stage/Tree.psd
  artifactKey: Guid(65c23fe5593cff942bfd307bf25cdd3c) Importer(2089858483,0ecaa5967403d082aa24f35e1b516d23)
Start importing Assets/Textures/Stage/Stage/Tree.psd using Guid(65c23fe5593cff942bfd307bf25cdd3c) Importer(2089858483,0ecaa5967403d082aa24f35e1b516d23) Generated GUIDs only implemented for interfaces!
 -> (artifact id: 'd9561317ce686d1e2a209a42e19c6f24') in 0.071089 seconds
Number of updated asset objects reloaded before import = 0
Number of asset objects unloaded after import = 1
========================================================================
Received Import Request.
  Time since last request: 0.000027 seconds.
  path: Assets/Models/Character/Karate.FBX
  artifactKey: Guid(8645e0506d8d64d44bda3003df478c3e) Importer(2089858483,0ecaa5967403d082aa24f35e1b516d23)
Start importing Assets/Models/Character/Karate.FBX using Guid(8645e0506d8d64d44bda3003df478c3e) Importer(2089858483,0ecaa5967403d082aa24f35e1b516d23) Generated GUIDs only implemented for interfaces!
 -> (artifact id: '37fff5acf0fb18a6491d6937bbc39e87') in 0.058877 seconds
Number of updated asset objects reloaded before import = 0
Number of asset objects unloaded after import = 114
========================================================================
Received Import Request.
  Time since last request: 0.000023 seconds.
  path: Assets/Materials/Ninja.mat
  artifactKey: Guid(97e5db5a0e4821a46b0efc57d7308489) Importer(2089858483,0ecaa5967403d082aa24f35e1b516d23)
Start importing Assets/Materials/Ninja.mat using Guid(97e5db5a0e4821a46b0efc57d7308489) Importer(2089858483,0ecaa5967403d082aa24f35e1b516d23) Generated GUIDs only implemented for interfaces!
 -> (artifact id: 'c33fd57ceedc4a0e41d7e7f4372852ac') in 0.039829 seconds
Number of updated asset objects reloaded before import = 0
Number of asset objects unloaded after import = 2
========================================================================
Received Import Request.
  Time since last request: 0.000040 seconds.
  path: Assets/Materials/Stage/Stage.mat
  artifactKey: Guid(fd3619eef46537347a3946889f3de92f) Importer(2089858483,0ecaa5967403d082aa24f35e1b516d23)
Start importing Assets/Materials/Stage/Stage.mat using Guid(fd3619eef46537347a3946889f3de92f) Importer(2089858483,0ecaa5967403d082aa24f35e1b516d23) Generated GUIDs only implemented for interfaces!
 -> (artifact id: '4d87fe4a7e9586930e02071be74f3702') in 0.038661 seconds
Number of updated asset objects reloaded before import = 0
Number of asset objects unloaded after import = 2
========================================================================
Received Import Request.
  Time since last request: 0.000046 seconds.
  path: Assets/Animations/Hammer/Animation Controller/Hammer Warrior Animation Controller.controller
  artifactKey: Guid(a9deb5302dd2d1e44908e20d40b6394e) Importer(2089858483,0ecaa5967403d082aa24f35e1b516d23)
Start importing Assets/Animations/Hammer/Animation Controller/Hammer Warrior Animation Controller.controller using Guid(a9deb5302dd2d1e44908e20d40b6394e) Importer(2089858483,0ecaa5967403d082aa24f35e1b516d23) Generated GUIDs only implemented for interfaces!
 -> (artifact id: 'ac0631da4e8eb75f2b1c7e2883bde0cd') in 0.029519 seconds
Number of updated asset objects reloaded before import = 0
Number of asset objects unloaded after import = 14
========================================================================
Received Import Request.
  Time since last request: 0.000076 seconds.
  path: Assets/Models/Character/Crossbow.FBX
  artifactKey: Guid(8745dcecb0eafec409964dd1f0b7bb67) Importer(2089858483,0ecaa5967403d082aa24f35e1b516d23)
Start importing Assets/Models/Character/Crossbow.FBX using Guid(8745dcecb0eafec409964dd1f0b7bb67) Importer(2089858483,0ecaa5967403d082aa24f35e1b516d23) Generated GUIDs only implemented for interfaces!
 -> (artifact id: '4d005fd74709ed00f6725fd65ecd2133') in 0.068133 seconds
Number of updated asset objects reloaded before import = 0
Number of asset objects unloaded after import = 118
========================================================================
Received Import Request.
  Time since last request: 0.000029 seconds.
  path: Assets/Animations/Karate/Animations/Karate@Jump.FBX
  artifactKey: Guid(7877e95e4eb64c74f9f1fdb7e33f7a42) Importer(2089858483,0ecaa5967403d082aa24f35e1b516d23)
Start importing Assets/Animations/Karate/Animations/Karate@Jump.FBX using Guid(7877e95e4eb64c74f9f1fdb7e33f7a42) Importer(2089858483,0ecaa5967403d082aa24f35e1b516d23) Generated GUIDs only implemented for interfaces!
 -> (artifact id: '06ff768e0ef815b0d8a54a8753f384a1') in 0.104375 seconds
Number of updated asset objects reloaded before import = 0
Number of asset objects unloaded after import = 113
